[0.126s] DEBUG:colcon:Command line arguments: ['/usr/bin/colcon', 'build']
[0.126s] DEBUG:colcon:Parsed command line arguments: Namespace(allow_overriding=[], ament_cmake_args=None, base_paths=['.'], build_base='build', catkin_cmake_args=None, catkin_skip_building_tests=False, cmake_args=None, cmake_clean_cache=False, cmake_clean_first=False, cmake_force_configure=False, cmake_target=None, cmake_target_skip_unavailable=False, continue_on_error=False, event_handlers=None, executor='parallel', ignore_user_meta=False, install_base='install', log_base=None, log_level=None, main=<bound method BuildVerb.main of <colcon_core.verb.build.BuildVerb object at 0x7f4ac17397f0>>, merge_install=False, metas=['./colcon.meta'], mixin=None, mixin_files=None, mixin_verb=('build',), packages_above=None, packages_above_and_dependencies=None, packages_above_depth=None, packages_end=None, packages_ignore=None, packages_ignore_regex=None, packages_select=None, packages_select_build_failed=False, packages_select_by_dep=None, packages_select_regex=None, packages_select_test_failures=False, packages_skip=None, packages_skip_build_finished=False, packages_skip_by_dep=None, packages_skip_regex=None, packages_skip_test_passed=False, packages_skip_up_to=None, packages_start=None, packages_up_to=None, packages_up_to_regex=None, parallel_workers=16, paths=None, symlink_install=False, test_result_base=None, verb_extension=<colcon_core.verb.build.BuildVerb object at 0x7f4ac17397f0>, verb_name='build', verb_parser=<colcon_mixin.mixin.mixin_argument.MixinArgumentDecorator object at 0x7f4ac1654610>)
[0.218s] Level 1:colcon.colcon_core.package_discovery:discover_packages(colcon_meta) check parameters
[0.218s] Level 1:colcon.colcon_core.package_discovery:discover_packages(recursive) check parameters
[0.218s] Level 1:colcon.colcon_core.package_discovery:discover_packages(ignore) check parameters
[0.218s] Level 1:colcon.colcon_core.package_discovery:discover_packages(path) check parameters
[0.218s] Level 1:colcon.colcon_core.package_discovery:discover_packages(colcon_meta) discover
[0.218s] Level 1:colcon.colcon_core.package_discovery:discover_packages(recursive) discover
[0.218s] INFO:colcon.colcon_core.package_discovery:Crawling recursively for packages in '/home/weiwei/Desktop/project/path_planner'
[0.218s] Level 1:colcon.colcon_core.package_identification:_identify(.) by extensions ['ignore', 'ignore_ament_install']
[0.218s] Level 1:colcon.colcon_core.package_identification:_identify(.) by extension 'ignore'
[0.218s] Level 1:colcon.colcon_core.package_identification:_identify(.) by extension 'ignore_ament_install'
[0.218s] Level 1:colcon.colcon_core.package_identification:_identify(.) by extensions ['colcon_pkg']
[0.218s] Level 1:colcon.colcon_core.package_identification:_identify(.) by extension 'colcon_pkg'
[0.218s] Level 1:colcon.colcon_core.package_identification:_identify(.) by extensions ['colcon_meta']
[0.218s] Level 1:colcon.colcon_core.package_identification:_identify(.) by extension 'colcon_meta'
[0.218s] Level 1:colcon.colcon_core.package_identification:_identify(.) by extensions ['ros']
[0.218s] Level 1:colcon.colcon_core.package_identification:_identify(.) by extension 'ros'
[0.225s] Level 1:colcon.colcon_core.package_identification:_identify(.) by extensions ['cmake', 'python']
[0.225s] Level 1:colcon.colcon_core.package_identification:_identify(.) by extension 'cmake'
[0.225s] Level 1:colcon.colcon_core.package_identification:_identify(.) by extension 'python'
[0.225s] Level 1:colcon.colcon_core.package_identification:_identify(.) by extensions ['python_setup_py']
[0.226s] Level 1:colcon.colcon_core.package_identification:_identify(.) by extension 'python_setup_py'
[0.226s] Level 1:colcon.colcon_core.package_identification:_identify(build) by extensions ['ignore', 'ignore_ament_install']
[0.226s] Level 1:colcon.colcon_core.package_identification:_identify(build) by extension 'ignore'
[0.226s] Level 1:colcon.colcon_core.package_identification:_identify(build) ignored
[0.226s] Level 1:colcon.colcon_core.package_identification:_identify(install) by extensions ['ignore', 'ignore_ament_install']
[0.226s] Level 1:colcon.colcon_core.package_identification:_identify(install) by extension 'ignore'
[0.226s] Level 1:colcon.colcon_core.package_identification:_identify(install) ignored
[0.226s] Level 1:colcon.colcon_core.package_identification:_identify(log) by extensions ['ignore', 'ignore_ament_install']
[0.226s] Level 1:colcon.colcon_core.package_identification:_identify(log) by extension 'ignore'
[0.226s] Level 1:colcon.colcon_core.package_identification:_identify(log) ignored
[0.226s] Level 1:colcon.colcon_core.package_identification:_identify(src) by extensions ['ignore', 'ignore_ament_install']
[0.226s] Level 1:colcon.colcon_core.package_identification:_identify(src) by extension 'ignore'
[0.226s] Level 1:colcon.colcon_core.package_identification:_identify(src) by extension 'ignore_ament_install'
[0.226s] Level 1:colcon.colcon_core.package_identification:_identify(src) by extensions ['colcon_pkg']
[0.226s] Level 1:colcon.colcon_core.package_identification:_identify(src) by extension 'colcon_pkg'
[0.226s] Level 1:colcon.colcon_core.package_identification:_identify(src) by extensions ['colcon_meta']
[0.226s] Level 1:colcon.colcon_core.package_identification:_identify(src) by extension 'colcon_meta'
[0.226s] Level 1:colcon.colcon_core.package_identification:_identify(src) by extensions ['ros']
[0.226s] Level 1:colcon.colcon_core.package_identification:_identify(src) by extension 'ros'
[0.226s] Level 1:colcon.colcon_core.package_identification:_identify(src) by extensions ['cmake', 'python']
[0.226s] Level 1:colcon.colcon_core.package_identification:_identify(src) by extension 'cmake'
[0.226s] Level 1:colcon.colcon_core.package_identification:_identify(src) by extension 'python'
[0.226s] Level 1:colcon.colcon_core.package_identification:_identify(src) by extensions ['python_setup_py']
[0.226s] Level 1:colcon.colcon_core.package_identification:_identify(src) by extension 'python_setup_py'
[0.226s] Level 1:colcon.colcon_core.package_identification:_identify(src/interface) by extensions ['ignore', 'ignore_ament_install']
[0.226s] Level 1:colcon.colcon_core.package_identification:_identify(src/interface) by extension 'ignore'
[0.227s] Level 1:colcon.colcon_core.package_identification:_identify(src/interface) by extension 'ignore_ament_install'
[0.227s] Level 1:colcon.colcon_core.package_identification:_identify(src/interface) by extensions ['colcon_pkg']
[0.227s] Level 1:colcon.colcon_core.package_identification:_identify(src/interface) by extension 'colcon_pkg'
[0.227s] Level 1:colcon.colcon_core.package_identification:_identify(src/interface) by extensions ['colcon_meta']
[0.227s] Level 1:colcon.colcon_core.package_identification:_identify(src/interface) by extension 'colcon_meta'
[0.227s] Level 1:colcon.colcon_core.package_identification:_identify(src/interface) by extensions ['ros']
[0.227s] Level 1:colcon.colcon_core.package_identification:_identify(src/interface) by extension 'ros'
[0.228s] DEBUG:colcon.colcon_core.package_identification:Package 'src/interface' with type 'ros.ament_cmake' and name 'interface'
[0.228s] Level 1:colcon.colcon_core.package_identification:_identify(src/path_planner) by extensions ['ignore', 'ignore_ament_install']
[0.228s] Level 1:colcon.colcon_core.package_identification:_identify(src/path_planner) by extension 'ignore'
[0.228s] Level 1:colcon.colcon_core.package_identification:_identify(src/path_planner) by extension 'ignore_ament_install'
[0.229s] Level 1:colcon.colcon_core.package_identification:_identify(src/path_planner) by extensions ['colcon_pkg']
[0.229s] Level 1:colcon.colcon_core.package_identification:_identify(src/path_planner) by extension 'colcon_pkg'
[0.229s] Level 1:colcon.colcon_core.package_identification:_identify(src/path_planner) by extensions ['colcon_meta']
[0.229s] Level 1:colcon.colcon_core.package_identification:_identify(src/path_planner) by extension 'colcon_meta'
[0.229s] Level 1:colcon.colcon_core.package_identification:_identify(src/path_planner) by extensions ['ros']
[0.229s] Level 1:colcon.colcon_core.package_identification:_identify(src/path_planner) by extension 'ros'
[0.229s] DEBUG:colcon.colcon_core.package_identification:Package 'src/path_planner' with type 'ros.ament_cmake' and name 'path_planner'
[0.229s] Level 1:colcon.colcon_core.package_discovery:discover_packages(recursive) using defaults
[0.229s] Level 1:colcon.colcon_core.package_discovery:discover_packages(ignore) discover
[0.229s] Level 1:colcon.colcon_core.package_discovery:discover_packages(ignore) using defaults
[0.229s] Level 1:colcon.colcon_core.package_discovery:discover_packages(path) discover
[0.229s] Level 1:colcon.colcon_core.package_discovery:discover_packages(path) using defaults
[0.240s] Level 1:colcon.colcon_core.package_discovery:discover_packages(prefix_path) check parameters
[0.240s] Level 1:colcon.colcon_core.package_discovery:discover_packages(prefix_path) discover
[0.242s] DEBUG:colcon.colcon_installed_package_information.package_discovery:Found 310 installed packages in /opt/ros/foxy
[0.243s] Level 1:colcon.colcon_core.package_discovery:discover_packages(prefix_path) using defaults
[0.293s] Level 5:colcon.colcon_core.verb:set package 'interface' build argument 'cmake_args' from command line to 'None'
[0.293s] Level 5:colcon.colcon_core.verb:set package 'interface' build argument 'cmake_target' from command line to 'None'
[0.293s] Level 5:colcon.colcon_core.verb:set package 'interface' build argument 'cmake_target_skip_unavailable' from command line to 'False'
[0.293s] Level 5:colcon.colcon_core.verb:set package 'interface' build argument 'cmake_clean_cache' from command line to 'False'
[0.293s] Level 5:colcon.colcon_core.verb:set package 'interface' build argument 'cmake_clean_first' from command line to 'False'
[0.293s] Level 5:colcon.colcon_core.verb:set package 'interface' build argument 'cmake_force_configure' from command line to 'False'
[0.293s] Level 5:colcon.colcon_core.verb:set package 'interface' build argument 'ament_cmake_args' from command line to 'None'
[0.293s] Level 5:colcon.colcon_core.verb:set package 'interface' build argument 'catkin_cmake_args' from command line to 'None'
[0.293s] Level 5:colcon.colcon_core.verb:set package 'interface' build argument 'catkin_skip_building_tests' from command line to 'False'
[0.294s] DEBUG:colcon.colcon_core.verb:Building package 'interface' with the following arguments: {'ament_cmake_args': None, 'build_base': '/home/weiwei/Desktop/project/path_planner/build/interface', 'catkin_cmake_args': None, 'catkin_skip_building_tests': False, 'cmake_args': None, 'cmake_clean_cache': False, 'cmake_clean_first': False, 'cmake_force_configure': False, 'cmake_target': None, 'cmake_target_skip_unavailable': False, 'install_base': '/home/weiwei/Desktop/project/path_planner/install/interface', 'merge_install': False, 'path': '/home/weiwei/Desktop/project/path_planner/src/interface', 'symlink_install': False, 'test_result_base': None}
[0.294s] Level 5:colcon.colcon_core.verb:set package 'path_planner' build argument 'cmake_args' from command line to 'None'
[0.294s] Level 5:colcon.colcon_core.verb:set package 'path_planner' build argument 'cmake_target' from command line to 'None'
[0.294s] Level 5:colcon.colcon_core.verb:set package 'path_planner' build argument 'cmake_target_skip_unavailable' from command line to 'False'
[0.294s] Level 5:colcon.colcon_core.verb:set package 'path_planner' build argument 'cmake_clean_cache' from command line to 'False'
[0.294s] Level 5:colcon.colcon_core.verb:set package 'path_planner' build argument 'cmake_clean_first' from command line to 'False'
[0.294s] Level 5:colcon.colcon_core.verb:set package 'path_planner' build argument 'cmake_force_configure' from command line to 'False'
[0.294s] Level 5:colcon.colcon_core.verb:set package 'path_planner' build argument 'ament_cmake_args' from command line to 'None'
[0.294s] Level 5:colcon.colcon_core.verb:set package 'path_planner' build argument 'catkin_cmake_args' from command line to 'None'
[0.294s] Level 5:colcon.colcon_core.verb:set package 'path_planner' build argument 'catkin_skip_building_tests' from command line to 'False'
[0.294s] DEBUG:colcon.colcon_core.verb:Building package 'path_planner' with the following arguments: {'ament_cmake_args': None, 'build_base': '/home/weiwei/Desktop/project/path_planner/build/path_planner', 'catkin_cmake_args': None, 'catkin_skip_building_tests': False, 'cmake_args': None, 'cmake_clean_cache': False, 'cmake_clean_first': False, 'cmake_force_configure': False, 'cmake_target': None, 'cmake_target_skip_unavailable': False, 'install_base': '/home/weiwei/Desktop/project/path_planner/install/path_planner', 'merge_install': False, 'path': '/home/weiwei/Desktop/project/path_planner/src/path_planner', 'symlink_install': False, 'test_result_base': None}
[0.294s] INFO:colcon.colcon_core.executor:Executing jobs using 'parallel' executor
[0.295s] DEBUG:colcon.colcon_parallel_executor.executor.parallel:run_until_complete
[0.295s] INFO:colcon.colcon_ros.task.ament_cmake.build:Building ROS package in '/home/weiwei/Desktop/project/path_planner/src/interface' with build type 'ament_cmake'
[0.295s] INFO:colcon.colcon_cmake.task.cmake.build:Building CMake package in '/home/weiwei/Desktop/project/path_planner/src/interface'
[0.297s] INFO:colcon.colcon_core.plugin_system:Skipping extension 'colcon_core.shell.bat': Not used on non-Windows systems
[0.297s] INFO:colcon.colcon_core.shell:Skip shell extension 'powershell' for command environment: Not usable outside of PowerShell
[0.297s] DEBUG:colcon.colcon_core.shell:Skip shell extension 'dsv' for command environment
[0.305s] DEBUG:colcon.colcon_core.event_handler.log_command:Invoking command in '/home/weiwei/Desktop/project/path_planner/build/interface': CMAKE_PREFIX_PATH=/opt/ros/foxy /usr/bin/cmake --build /home/weiwei/Desktop/project/path_planner/build/interface -- -j16 -l16
[0.490s] DEBUG:colcon.colcon_core.event_handler.log_command:Invoked command in '/home/weiwei/Desktop/project/path_planner/build/interface' returned '0': CMAKE_PREFIX_PATH=/opt/ros/foxy /usr/bin/cmake --build /home/weiwei/Desktop/project/path_planner/build/interface -- -j16 -l16
[0.575s] DEBUG:colcon.colcon_core.event_handler.log_command:Invoking command in '/home/weiwei/Desktop/project/path_planner/build/interface': CMAKE_PREFIX_PATH=/opt/ros/foxy /usr/bin/cmake --install /home/weiwei/Desktop/project/path_planner/build/interface
[0.614s] Level 1:colcon.colcon_core.environment:create_environment_scripts_only(interface)
[0.614s] DEBUG:colcon.colcon_core.event_handler.log_command:Invoked command in '/home/weiwei/Desktop/project/path_planner/build/interface' returned '0': CMAKE_PREFIX_PATH=/opt/ros/foxy /usr/bin/cmake --install /home/weiwei/Desktop/project/path_planner/build/interface
[0.617s] Level 1:colcon.colcon_core.environment:checking '/home/weiwei/Desktop/project/path_planner/install/interface' for CMake module files
[0.617s] Level 1:colcon.colcon_core.environment:checking '/home/weiwei/Desktop/project/path_planner/install/interface' for CMake config files
[0.618s] Level 1:colcon.colcon_core.shell:create_environment_hook('interface', 'cmake_prefix_path')
[0.618s] INFO:colcon.colcon_core.shell:Creating environment hook '/home/weiwei/Desktop/project/path_planner/install/interface/share/interface/hook/cmake_prefix_path.ps1'
[0.618s] INFO:colcon.colcon_core.shell:Creating environment descriptor '/home/weiwei/Desktop/project/path_planner/install/interface/share/interface/hook/cmake_prefix_path.dsv'
[0.619s] INFO:colcon.colcon_core.shell:Creating environment hook '/home/weiwei/Desktop/project/path_planner/install/interface/share/interface/hook/cmake_prefix_path.sh'
[0.619s] Level 1:colcon.colcon_core.environment:checking '/home/weiwei/Desktop/project/path_planner/install/interface/lib'
[0.619s] Level 1:colcon.colcon_core.shell:create_environment_hook('interface', 'ld_library_path_lib')
[0.620s] INFO:colcon.colcon_core.shell:Creating environment hook '/home/weiwei/Desktop/project/path_planner/install/interface/share/interface/hook/ld_library_path_lib.ps1'
[0.620s] INFO:colcon.colcon_core.shell:Creating environment descriptor '/home/weiwei/Desktop/project/path_planner/install/interface/share/interface/hook/ld_library_path_lib.dsv'
[0.620s] INFO:colcon.colcon_core.shell:Creating environment hook '/home/weiwei/Desktop/project/path_planner/install/interface/share/interface/hook/ld_library_path_lib.sh'
[0.620s] Level 1:colcon.colcon_core.environment:checking '/home/weiwei/Desktop/project/path_planner/install/interface/bin'
[0.620s] Level 1:colcon.colcon_core.environment:checking '/home/weiwei/Desktop/project/path_planner/install/interface/lib/pkgconfig/interface.pc'
[0.620s] Level 1:colcon.colcon_core.environment:checking '/home/weiwei/Desktop/project/path_planner/install/interface/lib/python3.8/site-packages'
[0.620s] Level 1:colcon.colcon_core.shell:create_environment_hook('interface', 'pythonpath')
[0.621s] INFO:colcon.colcon_core.shell:Creating environment hook '/home/weiwei/Desktop/project/path_planner/install/interface/share/interface/hook/pythonpath.ps1'
[0.621s] INFO:colcon.colcon_core.shell:Creating environment descriptor '/home/weiwei/Desktop/project/path_planner/install/interface/share/interface/hook/pythonpath.dsv'
[0.621s] INFO:colcon.colcon_core.shell:Creating environment hook '/home/weiwei/Desktop/project/path_planner/install/interface/share/interface/hook/pythonpath.sh'
[0.621s] Level 1:colcon.colcon_core.environment:checking '/home/weiwei/Desktop/project/path_planner/install/interface/bin'
[0.621s] INFO:colcon.colcon_core.shell:Creating package script '/home/weiwei/Desktop/project/path_planner/install/interface/share/interface/package.ps1'
[0.622s] INFO:colcon.colcon_core.shell:Creating package descriptor '/home/weiwei/Desktop/project/path_planner/install/interface/share/interface/package.dsv'
[0.622s] INFO:colcon.colcon_core.shell:Creating package script '/home/weiwei/Desktop/project/path_planner/install/interface/share/interface/package.sh'
[0.623s] INFO:colcon.colcon_core.shell:Creating package script '/home/weiwei/Desktop/project/path_planner/install/interface/share/interface/package.bash'
[0.624s] INFO:colcon.colcon_core.shell:Creating package script '/home/weiwei/Desktop/project/path_planner/install/interface/share/interface/package.zsh'
[0.624s] Level 1:colcon.colcon_core.environment:create_file_with_runtime_dependencies(/home/weiwei/Desktop/project/path_planner/install/interface/share/colcon-core/packages/interface)
[0.702s] Level 1:colcon.colcon_core.environment:create_environment_scripts_only(interface)
[0.703s] Level 1:colcon.colcon_core.environment:checking '/home/weiwei/Desktop/project/path_planner/install/interface' for CMake module files
[0.703s] Level 1:colcon.colcon_core.environment:checking '/home/weiwei/Desktop/project/path_planner/install/interface' for CMake config files
[0.703s] Level 1:colcon.colcon_core.shell:create_environment_hook('interface', 'cmake_prefix_path')
[0.704s] INFO:colcon.colcon_core.shell:Creating environment hook '/home/weiwei/Desktop/project/path_planner/install/interface/share/interface/hook/cmake_prefix_path.ps1'
[0.704s] INFO:colcon.colcon_core.shell:Creating environment descriptor '/home/weiwei/Desktop/project/path_planner/install/interface/share/interface/hook/cmake_prefix_path.dsv'
[0.704s] INFO:colcon.colcon_core.shell:Creating environment hook '/home/weiwei/Desktop/project/path_planner/install/interface/share/interface/hook/cmake_prefix_path.sh'
[0.705s] Level 1:colcon.colcon_core.environment:checking '/home/weiwei/Desktop/project/path_planner/install/interface/lib'
[0.705s] Level 1:colcon.colcon_core.shell:create_environment_hook('interface', 'ld_library_path_lib')
[0.705s] INFO:colcon.colcon_core.shell:Creating environment hook '/home/weiwei/Desktop/project/path_planner/install/interface/share/interface/hook/ld_library_path_lib.ps1'
[0.705s] INFO:colcon.colcon_core.shell:Creating environment descriptor '/home/weiwei/Desktop/project/path_planner/install/interface/share/interface/hook/ld_library_path_lib.dsv'
[0.705s] INFO:colcon.colcon_core.shell:Creating environment hook '/home/weiwei/Desktop/project/path_planner/install/interface/share/interface/hook/ld_library_path_lib.sh'
[0.705s] Level 1:colcon.colcon_core.environment:checking '/home/weiwei/Desktop/project/path_planner/install/interface/bin'
[0.705s] Level 1:colcon.colcon_core.environment:checking '/home/weiwei/Desktop/project/path_planner/install/interface/lib/pkgconfig/interface.pc'
[0.705s] Level 1:colcon.colcon_core.environment:checking '/home/weiwei/Desktop/project/path_planner/install/interface/lib/python3.8/site-packages'
[0.706s] Level 1:colcon.colcon_core.shell:create_environment_hook('interface', 'pythonpath')
[0.706s] INFO:colcon.colcon_core.shell:Creating environment hook '/home/weiwei/Desktop/project/path_planner/install/interface/share/interface/hook/pythonpath.ps1'
[0.706s] INFO:colcon.colcon_core.shell:Creating environment descriptor '/home/weiwei/Desktop/project/path_planner/install/interface/share/interface/hook/pythonpath.dsv'
[0.706s] INFO:colcon.colcon_core.shell:Creating environment hook '/home/weiwei/Desktop/project/path_planner/install/interface/share/interface/hook/pythonpath.sh'
[0.706s] Level 1:colcon.colcon_core.environment:checking '/home/weiwei/Desktop/project/path_planner/install/interface/bin'
[0.706s] INFO:colcon.colcon_core.shell:Creating package script '/home/weiwei/Desktop/project/path_planner/install/interface/share/interface/package.ps1'
[0.707s] INFO:colcon.colcon_core.shell:Creating package descriptor '/home/weiwei/Desktop/project/path_planner/install/interface/share/interface/package.dsv'
[0.707s] INFO:colcon.colcon_core.shell:Creating package script '/home/weiwei/Desktop/project/path_planner/install/interface/share/interface/package.sh'
[0.707s] INFO:colcon.colcon_core.shell:Creating package script '/home/weiwei/Desktop/project/path_planner/install/interface/share/interface/package.bash'
[0.708s] INFO:colcon.colcon_core.shell:Creating package script '/home/weiwei/Desktop/project/path_planner/install/interface/share/interface/package.zsh'
[0.708s] Level 1:colcon.colcon_core.environment:create_file_with_runtime_dependencies(/home/weiwei/Desktop/project/path_planner/install/interface/share/colcon-core/packages/interface)
[0.708s] INFO:colcon.colcon_ros.task.ament_cmake.build:Building ROS package in '/home/weiwei/Desktop/project/path_planner/src/path_planner' with build type 'ament_cmake'
[0.708s] INFO:colcon.colcon_cmake.task.cmake.build:Building CMake package in '/home/weiwei/Desktop/project/path_planner/src/path_planner'
[0.709s] INFO:colcon.colcon_core.shell:Skip shell extension 'powershell' for command environment: Not usable outside of PowerShell
[0.709s] DEBUG:colcon.colcon_core.shell:Skip shell extension 'dsv' for command environment
[0.720s] DEBUG:colcon.colcon_core.event_handler.log_command:Invoking command in '/home/weiwei/Desktop/project/path_planner/build/path_planner': AMENT_PREFIX_PATH=/home/weiwei/Desktop/project/path_planner/install/interface:${AMENT_PREFIX_PATH} CMAKE_PREFIX_PATH=/home/weiwei/Desktop/project/path_planner/install/interface:/opt/ros/foxy LD_LIBRARY_PATH=/home/weiwei/Desktop/project/path_planner/install/interface/lib:${LD_LIBRARY_PATH} PYTHONPATH=/home/weiwei/Desktop/project/path_planner/install/interface/lib/python3.8/site-packages:${PYTHONPATH} /usr/bin/cmake --build /home/weiwei/Desktop/project/path_planner/build/path_planner -- -j16 -l16
[15.928s] DEBUG:colcon.colcon_core.event_handler.log_command:Invoked command in '/home/weiwei/Desktop/project/path_planner/build/path_planner' returned '0': AMENT_PREFIX_PATH=/home/weiwei/Desktop/project/path_planner/install/interface:${AMENT_PREFIX_PATH} CMAKE_PREFIX_PATH=/home/weiwei/Desktop/project/path_planner/install/interface:/opt/ros/foxy LD_LIBRARY_PATH=/home/weiwei/Desktop/project/path_planner/install/interface/lib:${LD_LIBRARY_PATH} PYTHONPATH=/home/weiwei/Desktop/project/path_planner/install/interface/lib/python3.8/site-packages:${PYTHONPATH} /usr/bin/cmake --build /home/weiwei/Desktop/project/path_planner/build/path_planner -- -j16 -l16
[15.947s] DEBUG:colcon.colcon_core.event_handler.log_command:Invoking command in '/home/weiwei/Desktop/project/path_planner/build/path_planner': AMENT_PREFIX_PATH=/home/weiwei/Desktop/project/path_planner/install/interface:${AMENT_PREFIX_PATH} CMAKE_PREFIX_PATH=/home/weiwei/Desktop/project/path_planner/install/interface:/opt/ros/foxy LD_LIBRARY_PATH=/home/weiwei/Desktop/project/path_planner/install/interface/lib:${LD_LIBRARY_PATH} PYTHONPATH=/home/weiwei/Desktop/project/path_planner/install/interface/lib/python3.8/site-packages:${PYTHONPATH} /usr/bin/cmake --install /home/weiwei/Desktop/project/path_planner/build/path_planner
[15.965s] Level 1:colcon.colcon_core.environment:create_environment_scripts_only(path_planner)
[15.966s] Level 1:colcon.colcon_core.environment:checking '/home/weiwei/Desktop/project/path_planner/install/path_planner' for CMake module files
[15.966s] DEBUG:colcon.colcon_core.event_handler.log_command:Invoked command in '/home/weiwei/Desktop/project/path_planner/build/path_planner' returned '0': AMENT_PREFIX_PATH=/home/weiwei/Desktop/project/path_planner/install/interface:${AMENT_PREFIX_PATH} CMAKE_PREFIX_PATH=/home/weiwei/Desktop/project/path_planner/install/interface:/opt/ros/foxy LD_LIBRARY_PATH=/home/weiwei/Desktop/project/path_planner/install/interface/lib:${LD_LIBRARY_PATH} PYTHONPATH=/home/weiwei/Desktop/project/path_planner/install/interface/lib/python3.8/site-packages:${PYTHONPATH} /usr/bin/cmake --install /home/weiwei/Desktop/project/path_planner/build/path_planner
[15.966s] Level 1:colcon.colcon_core.environment:checking '/home/weiwei/Desktop/project/path_planner/install/path_planner' for CMake config files
[15.966s] Level 1:colcon.colcon_core.shell:create_environment_hook('path_planner', 'cmake_prefix_path')
[15.967s] INFO:colcon.colcon_core.shell:Creating environment hook '/home/weiwei/Desktop/project/path_planner/install/path_planner/share/path_planner/hook/cmake_prefix_path.ps1'
[15.967s] INFO:colcon.colcon_core.shell:Creating environment descriptor '/home/weiwei/Desktop/project/path_planner/install/path_planner/share/path_planner/hook/cmake_prefix_path.dsv'
[15.967s] INFO:colcon.colcon_core.shell:Creating environment hook '/home/weiwei/Desktop/project/path_planner/install/path_planner/share/path_planner/hook/cmake_prefix_path.sh'
[15.968s] Level 1:colcon.colcon_core.environment:checking '/home/weiwei/Desktop/project/path_planner/install/path_planner/lib'
[15.968s] Level 1:colcon.colcon_core.environment:checking '/home/weiwei/Desktop/project/path_planner/install/path_planner/bin'
[15.968s] Level 1:colcon.colcon_core.environment:checking '/home/weiwei/Desktop/project/path_planner/install/path_planner/lib/pkgconfig/path_planner.pc'
[15.968s] Level 1:colcon.colcon_core.environment:checking '/home/weiwei/Desktop/project/path_planner/install/path_planner/lib/python3.8/site-packages'
[15.968s] Level 1:colcon.colcon_core.environment:checking '/home/weiwei/Desktop/project/path_planner/install/path_planner/bin'
[15.969s] INFO:colcon.colcon_core.shell:Creating package script '/home/weiwei/Desktop/project/path_planner/install/path_planner/share/path_planner/package.ps1'
[15.969s] INFO:colcon.colcon_core.shell:Creating package descriptor '/home/weiwei/Desktop/project/path_planner/install/path_planner/share/path_planner/package.dsv'
[15.969s] INFO:colcon.colcon_core.shell:Creating package script '/home/weiwei/Desktop/project/path_planner/install/path_planner/share/path_planner/package.sh'
[15.970s] INFO:colcon.colcon_core.shell:Creating package script '/home/weiwei/Desktop/project/path_planner/install/path_planner/share/path_planner/package.bash'
[15.970s] INFO:colcon.colcon_core.shell:Creating package script '/home/weiwei/Desktop/project/path_planner/install/path_planner/share/path_planner/package.zsh'
[15.970s] Level 1:colcon.colcon_core.environment:create_file_with_runtime_dependencies(/home/weiwei/Desktop/project/path_planner/install/path_planner/share/colcon-core/packages/path_planner)
[15.987s] Level 1:colcon.colcon_core.environment:create_environment_scripts_only(path_planner)
[15.988s] Level 1:colcon.colcon_core.environment:checking '/home/weiwei/Desktop/project/path_planner/install/path_planner' for CMake module files
[15.988s] Level 1:colcon.colcon_core.environment:checking '/home/weiwei/Desktop/project/path_planner/install/path_planner' for CMake config files
[15.988s] Level 1:colcon.colcon_core.shell:create_environment_hook('path_planner', 'cmake_prefix_path')
[15.988s] INFO:colcon.colcon_core.shell:Creating environment hook '/home/weiwei/Desktop/project/path_planner/install/path_planner/share/path_planner/hook/cmake_prefix_path.ps1'
[15.989s] INFO:colcon.colcon_core.shell:Creating environment descriptor '/home/weiwei/Desktop/project/path_planner/install/path_planner/share/path_planner/hook/cmake_prefix_path.dsv'
[15.989s] INFO:colcon.colcon_core.shell:Creating environment hook '/home/weiwei/Desktop/project/path_planner/install/path_planner/share/path_planner/hook/cmake_prefix_path.sh'
[15.989s] Level 1:colcon.colcon_core.environment:checking '/home/weiwei/Desktop/project/path_planner/install/path_planner/lib'
[15.989s] Level 1:colcon.colcon_core.environment:checking '/home/weiwei/Desktop/project/path_planner/install/path_planner/bin'
[15.989s] Level 1:colcon.colcon_core.environment:checking '/home/weiwei/Desktop/project/path_planner/install/path_planner/lib/pkgconfig/path_planner.pc'
[15.989s] Level 1:colcon.colcon_core.environment:checking '/home/weiwei/Desktop/project/path_planner/install/path_planner/lib/python3.8/site-packages'
[15.990s] Level 1:colcon.colcon_core.environment:checking '/home/weiwei/Desktop/project/path_planner/install/path_planner/bin'
[15.990s] INFO:colcon.colcon_core.shell:Creating package script '/home/weiwei/Desktop/project/path_planner/install/path_planner/share/path_planner/package.ps1'
[15.990s] INFO:colcon.colcon_core.shell:Creating package descriptor '/home/weiwei/Desktop/project/path_planner/install/path_planner/share/path_planner/package.dsv'
[15.990s] INFO:colcon.colcon_core.shell:Creating package script '/home/weiwei/Desktop/project/path_planner/install/path_planner/share/path_planner/package.sh'
[15.990s] INFO:colcon.colcon_core.shell:Creating package script '/home/weiwei/Desktop/project/path_planner/install/path_planner/share/path_planner/package.bash'
[15.991s] INFO:colcon.colcon_core.shell:Creating package script '/home/weiwei/Desktop/project/path_planner/install/path_planner/share/path_planner/package.zsh'
[15.991s] Level 1:colcon.colcon_core.environment:create_file_with_runtime_dependencies(/home/weiwei/Desktop/project/path_planner/install/path_planner/share/colcon-core/packages/path_planner)
[15.991s] DEBUG:colcon.colcon_parallel_executor.executor.parallel:closing loop
[15.991s] DEBUG:colcon.colcon_parallel_executor.executor.parallel:loop closed
[15.991s] DEBUG:colcon.colcon_parallel_executor.executor.parallel:run_until_complete finished with '0'
[15.991s] DEBUG:colcon.colcon_core.event_reactor:joining thread
[15.996s] INFO:colcon.colcon_core.plugin_system:Skipping extension 'colcon_notification.desktop_notification.terminal_notifier': Not used on non-Darwin systems
[15.996s] INFO:colcon.colcon_core.plugin_system:Skipping extension 'colcon_notification.desktop_notification.win32': Not used on non-Windows systems
[15.996s] INFO:colcon.colcon_notification.desktop_notification:Sending desktop notification using 'notify2'
[16.046s] DEBUG:colcon.colcon_core.event_reactor:joined thread
[16.046s] INFO:colcon.colcon_core.shell:Creating prefix script '/home/weiwei/Desktop/project/path_planner/install/local_setup.ps1'
[16.047s] INFO:colcon.colcon_core.shell:Creating prefix util module '/home/weiwei/Desktop/project/path_planner/install/_local_setup_util_ps1.py'
[16.048s] INFO:colcon.colcon_core.shell:Creating prefix chain script '/home/weiwei/Desktop/project/path_planner/install/setup.ps1'
[16.048s] INFO:colcon.colcon_core.shell:Creating prefix script '/home/weiwei/Desktop/project/path_planner/install/local_setup.sh'
[16.049s] INFO:colcon.colcon_core.shell:Creating prefix util module '/home/weiwei/Desktop/project/path_planner/install/_local_setup_util_sh.py'
[16.049s] INFO:colcon.colcon_core.shell:Creating prefix chain script '/home/weiwei/Desktop/project/path_planner/install/setup.sh'
[16.050s] INFO:colcon.colcon_core.shell:Creating prefix script '/home/weiwei/Desktop/project/path_planner/install/local_setup.bash'
[16.050s] INFO:colcon.colcon_core.shell:Creating prefix chain script '/home/weiwei/Desktop/project/path_planner/install/setup.bash'
[16.051s] INFO:colcon.colcon_core.shell:Creating prefix script '/home/weiwei/Desktop/project/path_planner/install/local_setup.zsh'
[16.051s] INFO:colcon.colcon_core.shell:Creating prefix chain script '/home/weiwei/Desktop/project/path_planner/install/setup.zsh'
