[35m[1mScanning dependencies of target path_planner[0m
[ 66%] [32mBuilding CXX object CMakeFiles/path_planner.dir/src/planner.cpp.o[0m
[ 66%] [32mBuilding CXX object CMakeFiles/path_planner.dir/src/main.cpp.o[0m
[100%] [32m[1mLinking CXX executable path_planner[0m
[100%] Built target path_planner
-- Install configuration: ""
-- Installing: /home/weiwei/Desktop/project/path_planner/install/path_planner/lib/path_planner/path_planner
-- Set runtime path of "/home/weiwei/Desktop/project/path_planner/install/path_planner/lib/path_planner/path_planner" to ""
-- Up-to-date: /home/weiwei/Desktop/project/path_planner/install/path_planner/share/ament_index/resource_index/package_run_dependencies/path_planner
-- Up-to-date: /home/weiwei/Desktop/project/path_planner/install/path_planner/share/ament_index/resource_index/parent_prefix_path/path_planner
-- Up-to-date: /home/weiwei/Desktop/project/path_planner/install/path_planner/share/path_planner/environment/ament_prefix_path.sh
-- Up-to-date: /home/weiwei/Desktop/project/path_planner/install/path_planner/share/path_planner/environment/ament_prefix_path.dsv
-- Up-to-date: /home/weiwei/Desktop/project/path_planner/install/path_planner/share/path_planner/environment/path.sh
-- Up-to-date: /home/weiwei/Desktop/project/path_planner/install/path_planner/share/path_planner/environment/path.dsv
-- Up-to-date: /home/weiwei/Desktop/project/path_planner/install/path_planner/share/path_planner/local_setup.bash
-- Up-to-date: /home/weiwei/Desktop/project/path_planner/install/path_planner/share/path_planner/local_setup.sh
-- Up-to-date: /home/weiwei/Desktop/project/path_planner/install/path_planner/share/path_planner/local_setup.zsh
-- Up-to-date: /home/weiwei/Desktop/project/path_planner/install/path_planner/share/path_planner/local_setup.dsv
-- Installing: /home/weiwei/Desktop/project/path_planner/install/path_planner/share/path_planner/package.dsv
-- Up-to-date: /home/weiwei/Desktop/project/path_planner/install/path_planner/share/ament_index/resource_index/packages/path_planner
-- Up-to-date: /home/weiwei/Desktop/project/path_planner/install/path_planner/share/path_planner/cmake/path_plannerConfig.cmake
-- Up-to-date: /home/weiwei/Desktop/project/path_planner/install/path_planner/share/path_planner/cmake/path_plannerConfig-version.cmake
-- Up-to-date: /home/weiwei/Desktop/project/path_planner/install/path_planner/share/path_planner/package.xml
