[0.140s] DEBUG:colcon:Command line arguments: ['/usr/bin/colcon', 'build']
[0.140s] DEBUG:colcon:Parsed command line arguments: Namespace(allow_overriding=[], ament_cmake_args=None, base_paths=['.'], build_base='build', catkin_cmake_args=None, catkin_skip_building_tests=False, cmake_args=None, cmake_clean_cache=False, cmake_clean_first=False, cmake_force_configure=False, cmake_target=None, cmake_target_skip_unavailable=False, continue_on_error=False, event_handlers=None, executor='parallel', ignore_user_meta=False, install_base='install', log_base=None, log_level=None, main=<bound method BuildVerb.main of <colcon_core.verb.build.BuildVerb object at 0x7fa618e505e0>>, merge_install=False, metas=['./colcon.meta'], mixin=None, mixin_files=None, mixin_verb=('build',), packages_above=None, packages_above_and_dependencies=None, packages_above_depth=None, packages_end=None, packages_ignore=None, packages_ignore_regex=None, packages_select=None, packages_select_build_failed=False, packages_select_by_dep=None, packages_select_regex=None, packages_select_test_failures=False, packages_skip=None, packages_skip_build_finished=False, packages_skip_by_dep=None, packages_skip_regex=None, packages_skip_test_passed=False, packages_skip_up_to=None, packages_start=None, packages_up_to=None, packages_up_to_regex=None, parallel_workers=16, paths=None, symlink_install=False, test_result_base=None, verb_extension=<colcon_core.verb.build.BuildVerb object at 0x7fa618e505e0>, verb_name='build', verb_parser=<colcon_mixin.mixin.mixin_argument.MixinArgumentDecorator object at 0x7fa618d67460>)
[0.273s] Level 1:colcon.colcon_core.package_discovery:discover_packages(colcon_meta) check parameters
[0.273s] Level 1:colcon.colcon_core.package_discovery:discover_packages(recursive) check parameters
[0.273s] Level 1:colcon.colcon_core.package_discovery:discover_packages(ignore) check parameters
[0.273s] Level 1:colcon.colcon_core.package_discovery:discover_packages(path) check parameters
[0.273s] Level 1:colcon.colcon_core.package_discovery:discover_packages(colcon_meta) discover
[0.273s] Level 1:colcon.colcon_core.package_discovery:discover_packages(recursive) discover
[0.273s] INFO:colcon.colcon_core.package_discovery:Crawling recursively for packages in '/home/weiwei/Desktop/project/path_planner'
[0.273s] Level 1:colcon.colcon_core.package_identification:_identify(.) by extensions ['ignore', 'ignore_ament_install']
[0.273s] Level 1:colcon.colcon_core.package_identification:_identify(.) by extension 'ignore'
[0.274s] Level 1:colcon.colcon_core.package_identification:_identify(.) by extension 'ignore_ament_install'
[0.274s] Level 1:colcon.colcon_core.package_identification:_identify(.) by extensions ['colcon_pkg']
[0.274s] Level 1:colcon.colcon_core.package_identification:_identify(.) by extension 'colcon_pkg'
[0.274s] Level 1:colcon.colcon_core.package_identification:_identify(.) by extensions ['colcon_meta']
[0.274s] Level 1:colcon.colcon_core.package_identification:_identify(.) by extension 'colcon_meta'
[0.274s] Level 1:colcon.colcon_core.package_identification:_identify(.) by extensions ['ros']
[0.274s] Level 1:colcon.colcon_core.package_identification:_identify(.) by extension 'ros'
[0.281s] Level 1:colcon.colcon_core.package_identification:_identify(.) by extensions ['cmake', 'python']
[0.281s] Level 1:colcon.colcon_core.package_identification:_identify(.) by extension 'cmake'
[0.281s] Level 1:colcon.colcon_core.package_identification:_identify(.) by extension 'python'
[0.281s] Level 1:colcon.colcon_core.package_identification:_identify(.) by extensions ['python_setup_py']
[0.281s] Level 1:colcon.colcon_core.package_identification:_identify(.) by extension 'python_setup_py'
[0.281s] Level 1:colcon.colcon_core.package_identification:_identify(build) by extensions ['ignore', 'ignore_ament_install']
[0.281s] Level 1:colcon.colcon_core.package_identification:_identify(build) by extension 'ignore'
[0.281s] Level 1:colcon.colcon_core.package_identification:_identify(build) ignored
[0.281s] Level 1:colcon.colcon_core.package_identification:_identify(install) by extensions ['ignore', 'ignore_ament_install']
[0.281s] Level 1:colcon.colcon_core.package_identification:_identify(install) by extension 'ignore'
[0.281s] Level 1:colcon.colcon_core.package_identification:_identify(install) ignored
[0.281s] Level 1:colcon.colcon_core.package_identification:_identify(log) by extensions ['ignore', 'ignore_ament_install']
[0.282s] Level 1:colcon.colcon_core.package_identification:_identify(log) by extension 'ignore'
[0.282s] Level 1:colcon.colcon_core.package_identification:_identify(log) ignored
[0.282s] Level 1:colcon.colcon_core.package_identification:_identify(src) by extensions ['ignore', 'ignore_ament_install']
[0.282s] Level 1:colcon.colcon_core.package_identification:_identify(src) by extension 'ignore'
[0.282s] Level 1:colcon.colcon_core.package_identification:_identify(src) by extension 'ignore_ament_install'
[0.282s] Level 1:colcon.colcon_core.package_identification:_identify(src) by extensions ['colcon_pkg']
[0.282s] Level 1:colcon.colcon_core.package_identification:_identify(src) by extension 'colcon_pkg'
[0.282s] Level 1:colcon.colcon_core.package_identification:_identify(src) by extensions ['colcon_meta']
[0.282s] Level 1:colcon.colcon_core.package_identification:_identify(src) by extension 'colcon_meta'
[0.282s] Level 1:colcon.colcon_core.package_identification:_identify(src) by extensions ['ros']
[0.282s] Level 1:colcon.colcon_core.package_identification:_identify(src) by extension 'ros'
[0.282s] Level 1:colcon.colcon_core.package_identification:_identify(src) by extensions ['cmake', 'python']
[0.282s] Level 1:colcon.colcon_core.package_identification:_identify(src) by extension 'cmake'
[0.282s] Level 1:colcon.colcon_core.package_identification:_identify(src) by extension 'python'
[0.282s] Level 1:colcon.colcon_core.package_identification:_identify(src) by extensions ['python_setup_py']
[0.282s] Level 1:colcon.colcon_core.package_identification:_identify(src) by extension 'python_setup_py'
[0.282s] Level 1:colcon.colcon_core.package_identification:_identify(src/interface) by extensions ['ignore', 'ignore_ament_install']
[0.282s] Level 1:colcon.colcon_core.package_identification:_identify(src/interface) by extension 'ignore'
[0.282s] Level 1:colcon.colcon_core.package_identification:_identify(src/interface) by extension 'ignore_ament_install'
[0.282s] Level 1:colcon.colcon_core.package_identification:_identify(src/interface) by extensions ['colcon_pkg']
[0.282s] Level 1:colcon.colcon_core.package_identification:_identify(src/interface) by extension 'colcon_pkg'
[0.282s] Level 1:colcon.colcon_core.package_identification:_identify(src/interface) by extensions ['colcon_meta']
[0.282s] Level 1:colcon.colcon_core.package_identification:_identify(src/interface) by extension 'colcon_meta'
[0.282s] Level 1:colcon.colcon_core.package_identification:_identify(src/interface) by extensions ['ros']
[0.282s] Level 1:colcon.colcon_core.package_identification:_identify(src/interface) by extension 'ros'
[0.284s] DEBUG:colcon.colcon_core.package_identification:Package 'src/interface' with type 'ros.ament_cmake' and name 'interface'
[0.284s] Level 1:colcon.colcon_core.package_identification:_identify(src/path_planner) by extensions ['ignore', 'ignore_ament_install']
[0.284s] Level 1:colcon.colcon_core.package_identification:_identify(src/path_planner) by extension 'ignore'
[0.284s] Level 1:colcon.colcon_core.package_identification:_identify(src/path_planner) by extension 'ignore_ament_install'
[0.284s] Level 1:colcon.colcon_core.package_identification:_identify(src/path_planner) by extensions ['colcon_pkg']
[0.284s] Level 1:colcon.colcon_core.package_identification:_identify(src/path_planner) by extension 'colcon_pkg'
[0.284s] Level 1:colcon.colcon_core.package_identification:_identify(src/path_planner) by extensions ['colcon_meta']
[0.284s] Level 1:colcon.colcon_core.package_identification:_identify(src/path_planner) by extension 'colcon_meta'
[0.284s] Level 1:colcon.colcon_core.package_identification:_identify(src/path_planner) by extensions ['ros']
[0.284s] Level 1:colcon.colcon_core.package_identification:_identify(src/path_planner) by extension 'ros'
[0.285s] DEBUG:colcon.colcon_core.package_identification:Package 'src/path_planner' with type 'ros.ament_cmake' and name 'path_planner'
[0.286s] Level 1:colcon.colcon_core.package_discovery:discover_packages(recursive) using defaults
[0.286s] Level 1:colcon.colcon_core.package_discovery:discover_packages(ignore) discover
[0.286s] Level 1:colcon.colcon_core.package_discovery:discover_packages(ignore) using defaults
[0.286s] Level 1:colcon.colcon_core.package_discovery:discover_packages(path) discover
[0.286s] Level 1:colcon.colcon_core.package_discovery:discover_packages(path) using defaults
[0.298s] Level 1:colcon.colcon_core.package_discovery:discover_packages(prefix_path) check parameters
[0.298s] Level 1:colcon.colcon_core.package_discovery:discover_packages(prefix_path) discover
[0.299s] DEBUG:colcon.colcon_installed_package_information.package_discovery:Found 310 installed packages in /opt/ros/foxy
[0.307s] Level 1:colcon.colcon_core.package_discovery:discover_packages(prefix_path) using defaults
[0.369s] Level 5:colcon.colcon_core.verb:set package 'interface' build argument 'cmake_args' from command line to 'None'
[0.369s] Level 5:colcon.colcon_core.verb:set package 'interface' build argument 'cmake_target' from command line to 'None'
[0.369s] Level 5:colcon.colcon_core.verb:set package 'interface' build argument 'cmake_target_skip_unavailable' from command line to 'False'
[0.369s] Level 5:colcon.colcon_core.verb:set package 'interface' build argument 'cmake_clean_cache' from command line to 'False'
[0.369s] Level 5:colcon.colcon_core.verb:set package 'interface' build argument 'cmake_clean_first' from command line to 'False'
[0.369s] Level 5:colcon.colcon_core.verb:set package 'interface' build argument 'cmake_force_configure' from command line to 'False'
[0.369s] Level 5:colcon.colcon_core.verb:set package 'interface' build argument 'ament_cmake_args' from command line to 'None'
[0.369s] Level 5:colcon.colcon_core.verb:set package 'interface' build argument 'catkin_cmake_args' from command line to 'None'
[0.369s] Level 5:colcon.colcon_core.verb:set package 'interface' build argument 'catkin_skip_building_tests' from command line to 'False'
[0.369s] DEBUG:colcon.colcon_core.verb:Building package 'interface' with the following arguments: {'ament_cmake_args': None, 'build_base': '/home/weiwei/Desktop/project/path_planner/build/interface', 'catkin_cmake_args': None, 'catkin_skip_building_tests': False, 'cmake_args': None, 'cmake_clean_cache': False, 'cmake_clean_first': False, 'cmake_force_configure': False, 'cmake_target': None, 'cmake_target_skip_unavailable': False, 'install_base': '/home/weiwei/Desktop/project/path_planner/install/interface', 'merge_install': False, 'path': '/home/weiwei/Desktop/project/path_planner/src/interface', 'symlink_install': False, 'test_result_base': None}
[0.369s] Level 5:colcon.colcon_core.verb:set package 'path_planner' build argument 'cmake_args' from command line to 'None'
[0.370s] Level 5:colcon.colcon_core.verb:set package 'path_planner' build argument 'cmake_target' from command line to 'None'
[0.370s] Level 5:colcon.colcon_core.verb:set package 'path_planner' build argument 'cmake_target_skip_unavailable' from command line to 'False'
[0.370s] Level 5:colcon.colcon_core.verb:set package 'path_planner' build argument 'cmake_clean_cache' from command line to 'False'
[0.370s] Level 5:colcon.colcon_core.verb:set package 'path_planner' build argument 'cmake_clean_first' from command line to 'False'
[0.370s] Level 5:colcon.colcon_core.verb:set package 'path_planner' build argument 'cmake_force_configure' from command line to 'False'
[0.370s] Level 5:colcon.colcon_core.verb:set package 'path_planner' build argument 'ament_cmake_args' from command line to 'None'
[0.370s] Level 5:colcon.colcon_core.verb:set package 'path_planner' build argument 'catkin_cmake_args' from command line to 'None'
[0.370s] Level 5:colcon.colcon_core.verb:set package 'path_planner' build argument 'catkin_skip_building_tests' from command line to 'False'
[0.370s] DEBUG:colcon.colcon_core.verb:Building package 'path_planner' with the following arguments: {'ament_cmake_args': None, 'build_base': '/home/weiwei/Desktop/project/path_planner/build/path_planner', 'catkin_cmake_args': None, 'catkin_skip_building_tests': False, 'cmake_args': None, 'cmake_clean_cache': False, 'cmake_clean_first': False, 'cmake_force_configure': False, 'cmake_target': None, 'cmake_target_skip_unavailable': False, 'install_base': '/home/weiwei/Desktop/project/path_planner/install/path_planner', 'merge_install': False, 'path': '/home/weiwei/Desktop/project/path_planner/src/path_planner', 'symlink_install': False, 'test_result_base': None}
[0.370s] INFO:colcon.colcon_core.executor:Executing jobs using 'parallel' executor
[0.371s] DEBUG:colcon.colcon_parallel_executor.executor.parallel:run_until_complete
[0.371s] INFO:colcon.colcon_ros.task.ament_cmake.build:Building ROS package in '/home/weiwei/Desktop/project/path_planner/src/interface' with build type 'ament_cmake'
[0.371s] INFO:colcon.colcon_cmake.task.cmake.build:Building CMake package in '/home/weiwei/Desktop/project/path_planner/src/interface'
[0.373s] INFO:colcon.colcon_core.plugin_system:Skipping extension 'colcon_core.shell.bat': Not used on non-Windows systems
[0.373s] INFO:colcon.colcon_core.shell:Skip shell extension 'powershell' for command environment: Not usable outside of PowerShell
[0.373s] DEBUG:colcon.colcon_core.shell:Skip shell extension 'dsv' for command environment
[0.380s] DEBUG:colcon.colcon_core.event_handler.log_command:Invoking command in '/home/weiwei/Desktop/project/path_planner/build/interface': CMAKE_PREFIX_PATH=/opt/ros/foxy /usr/bin/cmake /home/weiwei/Desktop/project/path_planner/src/interface -DCMAKE_INSTALL_PREFIX=/home/weiwei/Desktop/project/path_planner/install/interface
[2.280s] DEBUG:colcon.colcon_core.event_handler.log_command:Invoked command in '/home/weiwei/Desktop/project/path_planner/build/interface' returned '0': CMAKE_PREFIX_PATH=/opt/ros/foxy /usr/bin/cmake /home/weiwei/Desktop/project/path_planner/src/interface -DCMAKE_INSTALL_PREFIX=/home/weiwei/Desktop/project/path_planner/install/interface
[2.282s] DEBUG:colcon.colcon_core.event_handler.log_command:Invoking command in '/home/weiwei/Desktop/project/path_planner/build/interface': CMAKE_PREFIX_PATH=/opt/ros/foxy /usr/bin/cmake --build /home/weiwei/Desktop/project/path_planner/build/interface -- -j16 -l16
[5.989s] DEBUG:colcon.colcon_core.event_handler.log_command:Invoked command in '/home/weiwei/Desktop/project/path_planner/build/interface' returned '0': CMAKE_PREFIX_PATH=/opt/ros/foxy /usr/bin/cmake --build /home/weiwei/Desktop/project/path_planner/build/interface -- -j16 -l16
[6.072s] DEBUG:colcon.colcon_core.event_handler.log_command:Invoking command in '/home/weiwei/Desktop/project/path_planner/build/interface': CMAKE_PREFIX_PATH=/opt/ros/foxy /usr/bin/cmake --install /home/weiwei/Desktop/project/path_planner/build/interface
[6.118s] Level 1:colcon.colcon_core.environment:create_environment_scripts_only(interface)
[6.118s] DEBUG:colcon.colcon_core.event_handler.log_command:Invoked command in '/home/weiwei/Desktop/project/path_planner/build/interface' returned '0': CMAKE_PREFIX_PATH=/opt/ros/foxy /usr/bin/cmake --install /home/weiwei/Desktop/project/path_planner/build/interface
[6.120s] Level 1:colcon.colcon_core.environment:checking '/home/weiwei/Desktop/project/path_planner/install/interface' for CMake module files
[6.120s] Level 1:colcon.colcon_core.environment:checking '/home/weiwei/Desktop/project/path_planner/install/interface' for CMake config files
[6.120s] Level 1:colcon.colcon_core.shell:create_environment_hook('interface', 'cmake_prefix_path')
[6.120s] INFO:colcon.colcon_core.shell:Creating environment hook '/home/weiwei/Desktop/project/path_planner/install/interface/share/interface/hook/cmake_prefix_path.ps1'
[6.121s] INFO:colcon.colcon_core.shell:Creating environment descriptor '/home/weiwei/Desktop/project/path_planner/install/interface/share/interface/hook/cmake_prefix_path.dsv'
[6.121s] INFO:colcon.colcon_core.shell:Creating environment hook '/home/weiwei/Desktop/project/path_planner/install/interface/share/interface/hook/cmake_prefix_path.sh'
[6.122s] Level 1:colcon.colcon_core.environment:checking '/home/weiwei/Desktop/project/path_planner/install/interface/lib'
[6.122s] Level 1:colcon.colcon_core.shell:create_environment_hook('interface', 'ld_library_path_lib')
[6.122s] INFO:colcon.colcon_core.shell:Creating environment hook '/home/weiwei/Desktop/project/path_planner/install/interface/share/interface/hook/ld_library_path_lib.ps1'
[6.123s] INFO:colcon.colcon_core.shell:Creating environment descriptor '/home/weiwei/Desktop/project/path_planner/install/interface/share/interface/hook/ld_library_path_lib.dsv'
[6.123s] INFO:colcon.colcon_core.shell:Creating environment hook '/home/weiwei/Desktop/project/path_planner/install/interface/share/interface/hook/ld_library_path_lib.sh'
[6.123s] Level 1:colcon.colcon_core.environment:checking '/home/weiwei/Desktop/project/path_planner/install/interface/bin'
[6.123s] Level 1:colcon.colcon_core.environment:checking '/home/weiwei/Desktop/project/path_planner/install/interface/lib/pkgconfig/interface.pc'
[6.123s] Level 1:colcon.colcon_core.environment:checking '/home/weiwei/Desktop/project/path_planner/install/interface/lib/python3.8/site-packages'
[6.123s] Level 1:colcon.colcon_core.shell:create_environment_hook('interface', 'pythonpath')
[6.123s] INFO:colcon.colcon_core.shell:Creating environment hook '/home/weiwei/Desktop/project/path_planner/install/interface/share/interface/hook/pythonpath.ps1'
[6.123s] INFO:colcon.colcon_core.shell:Creating environment descriptor '/home/weiwei/Desktop/project/path_planner/install/interface/share/interface/hook/pythonpath.dsv'
[6.124s] INFO:colcon.colcon_core.shell:Creating environment hook '/home/weiwei/Desktop/project/path_planner/install/interface/share/interface/hook/pythonpath.sh'
[6.124s] Level 1:colcon.colcon_core.environment:checking '/home/weiwei/Desktop/project/path_planner/install/interface/bin'
[6.124s] INFO:colcon.colcon_core.shell:Creating package script '/home/weiwei/Desktop/project/path_planner/install/interface/share/interface/package.ps1'
[6.125s] INFO:colcon.colcon_core.shell:Creating package descriptor '/home/weiwei/Desktop/project/path_planner/install/interface/share/interface/package.dsv'
[6.125s] INFO:colcon.colcon_core.shell:Creating package script '/home/weiwei/Desktop/project/path_planner/install/interface/share/interface/package.sh'
[6.125s] INFO:colcon.colcon_core.shell:Creating package script '/home/weiwei/Desktop/project/path_planner/install/interface/share/interface/package.bash'
[6.126s] INFO:colcon.colcon_core.shell:Creating package script '/home/weiwei/Desktop/project/path_planner/install/interface/share/interface/package.zsh'
[6.126s] Level 1:colcon.colcon_core.environment:create_file_with_runtime_dependencies(/home/weiwei/Desktop/project/path_planner/install/interface/share/colcon-core/packages/interface)
[6.203s] Level 1:colcon.colcon_core.environment:create_environment_scripts_only(interface)
[6.203s] Level 1:colcon.colcon_core.environment:checking '/home/weiwei/Desktop/project/path_planner/install/interface' for CMake module files
[6.204s] Level 1:colcon.colcon_core.environment:checking '/home/weiwei/Desktop/project/path_planner/install/interface' for CMake config files
[6.204s] Level 1:colcon.colcon_core.shell:create_environment_hook('interface', 'cmake_prefix_path')
[6.205s] INFO:colcon.colcon_core.shell:Creating environment hook '/home/weiwei/Desktop/project/path_planner/install/interface/share/interface/hook/cmake_prefix_path.ps1'
[6.205s] INFO:colcon.colcon_core.shell:Creating environment descriptor '/home/weiwei/Desktop/project/path_planner/install/interface/share/interface/hook/cmake_prefix_path.dsv'
[6.205s] INFO:colcon.colcon_core.shell:Creating environment hook '/home/weiwei/Desktop/project/path_planner/install/interface/share/interface/hook/cmake_prefix_path.sh'
[6.206s] Level 1:colcon.colcon_core.environment:checking '/home/weiwei/Desktop/project/path_planner/install/interface/lib'
[6.206s] Level 1:colcon.colcon_core.shell:create_environment_hook('interface', 'ld_library_path_lib')
[6.206s] INFO:colcon.colcon_core.shell:Creating environment hook '/home/weiwei/Desktop/project/path_planner/install/interface/share/interface/hook/ld_library_path_lib.ps1'
[6.207s] INFO:colcon.colcon_core.shell:Creating environment descriptor '/home/weiwei/Desktop/project/path_planner/install/interface/share/interface/hook/ld_library_path_lib.dsv'
[6.207s] INFO:colcon.colcon_core.shell:Creating environment hook '/home/weiwei/Desktop/project/path_planner/install/interface/share/interface/hook/ld_library_path_lib.sh'
[6.207s] Level 1:colcon.colcon_core.environment:checking '/home/weiwei/Desktop/project/path_planner/install/interface/bin'
[6.207s] Level 1:colcon.colcon_core.environment:checking '/home/weiwei/Desktop/project/path_planner/install/interface/lib/pkgconfig/interface.pc'
[6.208s] Level 1:colcon.colcon_core.environment:checking '/home/weiwei/Desktop/project/path_planner/install/interface/lib/python3.8/site-packages'
[6.208s] Level 1:colcon.colcon_core.shell:create_environment_hook('interface', 'pythonpath')
[6.208s] INFO:colcon.colcon_core.shell:Creating environment hook '/home/weiwei/Desktop/project/path_planner/install/interface/share/interface/hook/pythonpath.ps1'
[6.208s] INFO:colcon.colcon_core.shell:Creating environment descriptor '/home/weiwei/Desktop/project/path_planner/install/interface/share/interface/hook/pythonpath.dsv'
[6.208s] INFO:colcon.colcon_core.shell:Creating environment hook '/home/weiwei/Desktop/project/path_planner/install/interface/share/interface/hook/pythonpath.sh'
[6.209s] Level 1:colcon.colcon_core.environment:checking '/home/weiwei/Desktop/project/path_planner/install/interface/bin'
[6.209s] INFO:colcon.colcon_core.shell:Creating package script '/home/weiwei/Desktop/project/path_planner/install/interface/share/interface/package.ps1'
[6.210s] INFO:colcon.colcon_core.shell:Creating package descriptor '/home/weiwei/Desktop/project/path_planner/install/interface/share/interface/package.dsv'
[6.210s] INFO:colcon.colcon_core.shell:Creating package script '/home/weiwei/Desktop/project/path_planner/install/interface/share/interface/package.sh'
[6.211s] INFO:colcon.colcon_core.shell:Creating package script '/home/weiwei/Desktop/project/path_planner/install/interface/share/interface/package.bash'
[6.211s] INFO:colcon.colcon_core.shell:Creating package script '/home/weiwei/Desktop/project/path_planner/install/interface/share/interface/package.zsh'
[6.212s] Level 1:colcon.colcon_core.environment:create_file_with_runtime_dependencies(/home/weiwei/Desktop/project/path_planner/install/interface/share/colcon-core/packages/interface)
[6.212s] INFO:colcon.colcon_ros.task.ament_cmake.build:Building ROS package in '/home/weiwei/Desktop/project/path_planner/src/path_planner' with build type 'ament_cmake'
[6.212s] INFO:colcon.colcon_cmake.task.cmake.build:Building CMake package in '/home/weiwei/Desktop/project/path_planner/src/path_planner'
[6.213s] INFO:colcon.colcon_core.shell:Skip shell extension 'powershell' for command environment: Not usable outside of PowerShell
[6.213s] DEBUG:colcon.colcon_core.shell:Skip shell extension 'dsv' for command environment
[6.222s] DEBUG:colcon.colcon_core.event_handler.log_command:Invoking command in '/home/weiwei/Desktop/project/path_planner/build/path_planner': AMENT_PREFIX_PATH=/home/weiwei/Desktop/project/path_planner/install/interface:${AMENT_PREFIX_PATH} CMAKE_PREFIX_PATH=/home/weiwei/Desktop/project/path_planner/install/interface:/opt/ros/foxy LD_LIBRARY_PATH=/home/weiwei/Desktop/project/path_planner/install/interface/lib:${LD_LIBRARY_PATH} PYTHONPATH=/home/weiwei/Desktop/project/path_planner/install/interface/lib/python3.8/site-packages:${PYTHONPATH} /usr/bin/cmake /home/weiwei/Desktop/project/path_planner/src/path_planner -DCMAKE_INSTALL_PREFIX=/home/weiwei/Desktop/project/path_planner/install/path_planner
[8.020s] DEBUG:colcon.colcon_core.event_handler.log_command:Invoked command in '/home/weiwei/Desktop/project/path_planner/build/path_planner' returned '0': AMENT_PREFIX_PATH=/home/weiwei/Desktop/project/path_planner/install/interface:${AMENT_PREFIX_PATH} CMAKE_PREFIX_PATH=/home/weiwei/Desktop/project/path_planner/install/interface:/opt/ros/foxy LD_LIBRARY_PATH=/home/weiwei/Desktop/project/path_planner/install/interface/lib:${LD_LIBRARY_PATH} PYTHONPATH=/home/weiwei/Desktop/project/path_planner/install/interface/lib/python3.8/site-packages:${PYTHONPATH} /usr/bin/cmake /home/weiwei/Desktop/project/path_planner/src/path_planner -DCMAKE_INSTALL_PREFIX=/home/weiwei/Desktop/project/path_planner/install/path_planner
[8.022s] DEBUG:colcon.colcon_core.event_handler.log_command:Invoking command in '/home/weiwei/Desktop/project/path_planner/build/path_planner': AMENT_PREFIX_PATH=/home/weiwei/Desktop/project/path_planner/install/interface:${AMENT_PREFIX_PATH} CMAKE_PREFIX_PATH=/home/weiwei/Desktop/project/path_planner/install/interface:/opt/ros/foxy LD_LIBRARY_PATH=/home/weiwei/Desktop/project/path_planner/install/interface/lib:${LD_LIBRARY_PATH} PYTHONPATH=/home/weiwei/Desktop/project/path_planner/install/interface/lib/python3.8/site-packages:${PYTHONPATH} /usr/bin/cmake --build /home/weiwei/Desktop/project/path_planner/build/path_planner -- -j16 -l16
[23.505s] DEBUG:colcon.colcon_core.event_handler.log_command:Invoked command in '/home/weiwei/Desktop/project/path_planner/build/path_planner' returned '0': AMENT_PREFIX_PATH=/home/weiwei/Desktop/project/path_planner/install/interface:${AMENT_PREFIX_PATH} CMAKE_PREFIX_PATH=/home/weiwei/Desktop/project/path_planner/install/interface:/opt/ros/foxy LD_LIBRARY_PATH=/home/weiwei/Desktop/project/path_planner/install/interface/lib:${LD_LIBRARY_PATH} PYTHONPATH=/home/weiwei/Desktop/project/path_planner/install/interface/lib/python3.8/site-packages:${PYTHONPATH} /usr/bin/cmake --build /home/weiwei/Desktop/project/path_planner/build/path_planner -- -j16 -l16
[23.526s] DEBUG:colcon.colcon_core.event_handler.log_command:Invoking command in '/home/weiwei/Desktop/project/path_planner/build/path_planner': AMENT_PREFIX_PATH=/home/weiwei/Desktop/project/path_planner/install/interface:${AMENT_PREFIX_PATH} CMAKE_PREFIX_PATH=/home/weiwei/Desktop/project/path_planner/install/interface:/opt/ros/foxy LD_LIBRARY_PATH=/home/weiwei/Desktop/project/path_planner/install/interface/lib:${LD_LIBRARY_PATH} PYTHONPATH=/home/weiwei/Desktop/project/path_planner/install/interface/lib/python3.8/site-packages:${PYTHONPATH} /usr/bin/cmake --install /home/weiwei/Desktop/project/path_planner/build/path_planner
[23.539s] Level 1:colcon.colcon_core.environment:create_environment_scripts_only(path_planner)
[23.540s] Level 1:colcon.colcon_core.environment:checking '/home/weiwei/Desktop/project/path_planner/install/path_planner' for CMake module files
[23.540s] DEBUG:colcon.colcon_core.event_handler.log_command:Invoked command in '/home/weiwei/Desktop/project/path_planner/build/path_planner' returned '0': AMENT_PREFIX_PATH=/home/weiwei/Desktop/project/path_planner/install/interface:${AMENT_PREFIX_PATH} CMAKE_PREFIX_PATH=/home/weiwei/Desktop/project/path_planner/install/interface:/opt/ros/foxy LD_LIBRARY_PATH=/home/weiwei/Desktop/project/path_planner/install/interface/lib:${LD_LIBRARY_PATH} PYTHONPATH=/home/weiwei/Desktop/project/path_planner/install/interface/lib/python3.8/site-packages:${PYTHONPATH} /usr/bin/cmake --install /home/weiwei/Desktop/project/path_planner/build/path_planner
[23.540s] Level 1:colcon.colcon_core.environment:checking '/home/weiwei/Desktop/project/path_planner/install/path_planner' for CMake config files
[23.540s] Level 1:colcon.colcon_core.shell:create_environment_hook('path_planner', 'cmake_prefix_path')
[23.541s] INFO:colcon.colcon_core.shell:Creating environment hook '/home/weiwei/Desktop/project/path_planner/install/path_planner/share/path_planner/hook/cmake_prefix_path.ps1'
[23.541s] INFO:colcon.colcon_core.shell:Creating environment descriptor '/home/weiwei/Desktop/project/path_planner/install/path_planner/share/path_planner/hook/cmake_prefix_path.dsv'
[23.541s] INFO:colcon.colcon_core.shell:Creating environment hook '/home/weiwei/Desktop/project/path_planner/install/path_planner/share/path_planner/hook/cmake_prefix_path.sh'
[23.542s] Level 1:colcon.colcon_core.environment:checking '/home/weiwei/Desktop/project/path_planner/install/path_planner/lib'
[23.542s] Level 1:colcon.colcon_core.environment:checking '/home/weiwei/Desktop/project/path_planner/install/path_planner/bin'
[23.542s] Level 1:colcon.colcon_core.environment:checking '/home/weiwei/Desktop/project/path_planner/install/path_planner/lib/pkgconfig/path_planner.pc'
[23.542s] Level 1:colcon.colcon_core.environment:checking '/home/weiwei/Desktop/project/path_planner/install/path_planner/lib/python3.8/site-packages'
[23.542s] Level 1:colcon.colcon_core.environment:checking '/home/weiwei/Desktop/project/path_planner/install/path_planner/bin'
[23.542s] INFO:colcon.colcon_core.shell:Creating package script '/home/weiwei/Desktop/project/path_planner/install/path_planner/share/path_planner/package.ps1'
[23.543s] INFO:colcon.colcon_core.shell:Creating package descriptor '/home/weiwei/Desktop/project/path_planner/install/path_planner/share/path_planner/package.dsv'
[23.543s] INFO:colcon.colcon_core.shell:Creating package script '/home/weiwei/Desktop/project/path_planner/install/path_planner/share/path_planner/package.sh'
[23.543s] INFO:colcon.colcon_core.shell:Creating package script '/home/weiwei/Desktop/project/path_planner/install/path_planner/share/path_planner/package.bash'
[23.543s] INFO:colcon.colcon_core.shell:Creating package script '/home/weiwei/Desktop/project/path_planner/install/path_planner/share/path_planner/package.zsh'
[23.543s] Level 1:colcon.colcon_core.environment:create_file_with_runtime_dependencies(/home/weiwei/Desktop/project/path_planner/install/path_planner/share/colcon-core/packages/path_planner)
[23.561s] Level 1:colcon.colcon_core.environment:create_environment_scripts_only(path_planner)
[23.562s] Level 1:colcon.colcon_core.environment:checking '/home/weiwei/Desktop/project/path_planner/install/path_planner' for CMake module files
[23.562s] Level 1:colcon.colcon_core.environment:checking '/home/weiwei/Desktop/project/path_planner/install/path_planner' for CMake config files
[23.562s] Level 1:colcon.colcon_core.shell:create_environment_hook('path_planner', 'cmake_prefix_path')
[23.562s] INFO:colcon.colcon_core.shell:Creating environment hook '/home/weiwei/Desktop/project/path_planner/install/path_planner/share/path_planner/hook/cmake_prefix_path.ps1'
[23.563s] INFO:colcon.colcon_core.shell:Creating environment descriptor '/home/weiwei/Desktop/project/path_planner/install/path_planner/share/path_planner/hook/cmake_prefix_path.dsv'
[23.563s] INFO:colcon.colcon_core.shell:Creating environment hook '/home/weiwei/Desktop/project/path_planner/install/path_planner/share/path_planner/hook/cmake_prefix_path.sh'
[23.563s] Level 1:colcon.colcon_core.environment:checking '/home/weiwei/Desktop/project/path_planner/install/path_planner/lib'
[23.563s] Level 1:colcon.colcon_core.environment:checking '/home/weiwei/Desktop/project/path_planner/install/path_planner/bin'
[23.563s] Level 1:colcon.colcon_core.environment:checking '/home/weiwei/Desktop/project/path_planner/install/path_planner/lib/pkgconfig/path_planner.pc'
[23.563s] Level 1:colcon.colcon_core.environment:checking '/home/weiwei/Desktop/project/path_planner/install/path_planner/lib/python3.8/site-packages'
[23.564s] Level 1:colcon.colcon_core.environment:checking '/home/weiwei/Desktop/project/path_planner/install/path_planner/bin'
[23.564s] INFO:colcon.colcon_core.shell:Creating package script '/home/weiwei/Desktop/project/path_planner/install/path_planner/share/path_planner/package.ps1'
[23.564s] INFO:colcon.colcon_core.shell:Creating package descriptor '/home/weiwei/Desktop/project/path_planner/install/path_planner/share/path_planner/package.dsv'
[23.564s] INFO:colcon.colcon_core.shell:Creating package script '/home/weiwei/Desktop/project/path_planner/install/path_planner/share/path_planner/package.sh'
[23.565s] INFO:colcon.colcon_core.shell:Creating package script '/home/weiwei/Desktop/project/path_planner/install/path_planner/share/path_planner/package.bash'
[23.565s] INFO:colcon.colcon_core.shell:Creating package script '/home/weiwei/Desktop/project/path_planner/install/path_planner/share/path_planner/package.zsh'
[23.565s] Level 1:colcon.colcon_core.environment:create_file_with_runtime_dependencies(/home/weiwei/Desktop/project/path_planner/install/path_planner/share/colcon-core/packages/path_planner)
[23.565s] DEBUG:colcon.colcon_parallel_executor.executor.parallel:closing loop
[23.565s] DEBUG:colcon.colcon_parallel_executor.executor.parallel:loop closed
[23.566s] DEBUG:colcon.colcon_parallel_executor.executor.parallel:run_until_complete finished with '0'
[23.566s] DEBUG:colcon.colcon_core.event_reactor:joining thread
[23.570s] INFO:colcon.colcon_core.plugin_system:Skipping extension 'colcon_notification.desktop_notification.terminal_notifier': Not used on non-Darwin systems
[23.570s] INFO:colcon.colcon_core.plugin_system:Skipping extension 'colcon_notification.desktop_notification.win32': Not used on non-Windows systems
[23.571s] INFO:colcon.colcon_notification.desktop_notification:Sending desktop notification using 'notify2'
[23.585s] DEBUG:colcon.colcon_core.event_reactor:joined thread
[23.585s] INFO:colcon.colcon_core.shell:Creating prefix script '/home/weiwei/Desktop/project/path_planner/install/local_setup.ps1'
[23.586s] INFO:colcon.colcon_core.shell:Creating prefix util module '/home/weiwei/Desktop/project/path_planner/install/_local_setup_util_ps1.py'
[23.586s] INFO:colcon.colcon_core.shell:Creating prefix chain script '/home/weiwei/Desktop/project/path_planner/install/setup.ps1'
[23.587s] INFO:colcon.colcon_core.shell:Creating prefix script '/home/weiwei/Desktop/project/path_planner/install/local_setup.sh'
[23.588s] INFO:colcon.colcon_core.shell:Creating prefix util module '/home/weiwei/Desktop/project/path_planner/install/_local_setup_util_sh.py'
[23.588s] INFO:colcon.colcon_core.shell:Creating prefix chain script '/home/weiwei/Desktop/project/path_planner/install/setup.sh'
[23.589s] INFO:colcon.colcon_core.shell:Creating prefix script '/home/weiwei/Desktop/project/path_planner/install/local_setup.bash'
[23.589s] INFO:colcon.colcon_core.shell:Creating prefix chain script '/home/weiwei/Desktop/project/path_planner/install/setup.bash'
[23.590s] INFO:colcon.colcon_core.shell:Creating prefix script '/home/weiwei/Desktop/project/path_planner/install/local_setup.zsh'
[23.591s] INFO:colcon.colcon_core.shell:Creating prefix chain script '/home/weiwei/Desktop/project/path_planner/install/setup.zsh'
