[  1%] Built target interface__cpp
[ 12%] Built target interface__rosidl_generator_c
[ 33%] Built target interface__rosidl_typesupport_introspection_cpp
[ 35%] Built target interface__rosidl_typesupport_cpp
[ 46%] Built target interface__rosidl_typesupport_c
[ 57%] Built target interface__rosidl_typesupport_introspection_c
[ 69%] Built target interface__rosidl_typesupport_fastrtps_cpp
[ 80%] Built target interface__rosidl_typesupport_fastrtps_c
[ 80%] Built target interface
[ 81%] Built target interface__py
[ 91%] Built target interface__python
[100%] Built target interface__rosidl_typesupport_c__pyext
[100%] Built target interface__rosidl_typesupport_fastrtps_c__pyext
[100%] Built target interface__rosidl_typesupport_introspection_c__pyext
-- Install configuration: ""
-- Up-to-date: /home/weiwei/Desktop/project/path_planner/install/interface/share/ament_index/resource_index/rosidl_interfaces/interface
-- Up-to-date: /home/weiwei/Desktop/project/path_planner/install/interface/include/interface
-- Up-to-date: /home/weiwei/Desktop/project/path_planner/install/interface/include/interface/srv
-- Up-to-date: /home/weiwei/Desktop/project/path_planner/install/interface/include/interface/srv/cdcr_state.h
-- Up-to-date: /home/weiwei/Desktop/project/path_planner/install/interface/include/interface/srv/connect_flag.h
-- Up-to-date: /home/weiwei/Desktop/project/path_planner/install/interface/include/interface/srv/detail
-- Up-to-date: /home/weiwei/Desktop/project/path_planner/install/interface/include/interface/srv/detail/cdcr_state__functions.h
-- Up-to-date: /home/weiwei/Desktop/project/path_planner/install/interface/include/interface/srv/detail/cdcr_state__type_support.h
-- Up-to-date: /home/weiwei/Desktop/project/path_planner/install/interface/include/interface/srv/detail/flag_points__type_support.h
-- Up-to-date: /home/weiwei/Desktop/project/path_planner/install/interface/include/interface/srv/detail/flag_points__struct.h
-- Up-to-date: /home/weiwei/Desktop/project/path_planner/install/interface/include/interface/srv/detail/path_plan__functions.h
-- Up-to-date: /home/weiwei/Desktop/project/path_planner/install/interface/include/interface/srv/detail/connect_flag__functions.h
-- Up-to-date: /home/weiwei/Desktop/project/path_planner/install/interface/include/interface/srv/detail/connect_flag__functions.c
-- Up-to-date: /home/weiwei/Desktop/project/path_planner/install/interface/include/interface/srv/detail/flag_points__functions.h
-- Up-to-date: /home/weiwei/Desktop/project/path_planner/install/interface/include/interface/srv/detail/connect_flag__type_support.h
-- Up-to-date: /home/weiwei/Desktop/project/path_planner/install/interface/include/interface/srv/detail/path_plan__type_support.h
-- Up-to-date: /home/weiwei/Desktop/project/path_planner/install/interface/include/interface/srv/detail/cdcr_state__struct.h
-- Up-to-date: /home/weiwei/Desktop/project/path_planner/install/interface/include/interface/srv/detail/connect_flag__struct.h
-- Up-to-date: /home/weiwei/Desktop/project/path_planner/install/interface/include/interface/srv/detail/path_plan__functions.c
-- Up-to-date: /home/weiwei/Desktop/project/path_planner/install/interface/include/interface/srv/detail/cdcr_state__functions.c
-- Up-to-date: /home/weiwei/Desktop/project/path_planner/install/interface/include/interface/srv/detail/path_plan__struct.h
-- Up-to-date: /home/weiwei/Desktop/project/path_planner/install/interface/include/interface/srv/detail/flag_points__functions.c
-- Up-to-date: /home/weiwei/Desktop/project/path_planner/install/interface/include/interface/srv/path_plan.h
-- Up-to-date: /home/weiwei/Desktop/project/path_planner/install/interface/include/interface/srv/flag_points.h
-- Up-to-date: /home/weiwei/Desktop/project/path_planner/install/interface/include/interface/msg
-- Up-to-date: /home/weiwei/Desktop/project/path_planner/install/interface/include/interface/msg/get_pathpoints.h
-- Up-to-date: /home/weiwei/Desktop/project/path_planner/install/interface/include/interface/msg/detail
-- Up-to-date: /home/weiwei/Desktop/project/path_planner/install/interface/include/interface/msg/detail/get_pathpoints__struct.h
-- Up-to-date: /home/weiwei/Desktop/project/path_planner/install/interface/include/interface/msg/detail/move_motor__functions.h
-- Up-to-date: /home/weiwei/Desktop/project/path_planner/install/interface/include/interface/msg/detail/move_motor__struct.h
-- Up-to-date: /home/weiwei/Desktop/project/path_planner/install/interface/include/interface/msg/detail/move_motor__functions.c
-- Up-to-date: /home/weiwei/Desktop/project/path_planner/install/interface/include/interface/msg/detail/get_pathpoints__functions.h
-- Up-to-date: /home/weiwei/Desktop/project/path_planner/install/interface/include/interface/msg/detail/move_motor__type_support.h
-- Up-to-date: /home/weiwei/Desktop/project/path_planner/install/interface/include/interface/msg/detail/get_pathpoints__type_support.h
-- Up-to-date: /home/weiwei/Desktop/project/path_planner/install/interface/include/interface/msg/detail/get_pathpoints__functions.c
-- Up-to-date: /home/weiwei/Desktop/project/path_planner/install/interface/include/interface/msg/rosidl_generator_c__visibility_control.h
-- Up-to-date: /home/weiwei/Desktop/project/path_planner/install/interface/include/interface/msg/move_motor.h
-- Up-to-date: /home/weiwei/Desktop/project/path_planner/install/interface/share/interface/environment/library_path.sh
-- Up-to-date: /home/weiwei/Desktop/project/path_planner/install/interface/share/interface/environment/library_path.dsv
-- Up-to-date: /home/weiwei/Desktop/project/path_planner/install/interface/lib/libinterface__rosidl_generator_c.so
-- Up-to-date: /home/weiwei/Desktop/project/path_planner/install/interface/include/interface
-- Up-to-date: /home/weiwei/Desktop/project/path_planner/install/interface/include/interface/srv
-- Up-to-date: /home/weiwei/Desktop/project/path_planner/install/interface/include/interface/srv/detail
-- Up-to-date: /home/weiwei/Desktop/project/path_planner/install/interface/include/interface/srv/detail/connect_flag__rosidl_typesupport_fastrtps_c.h
-- Up-to-date: /home/weiwei/Desktop/project/path_planner/install/interface/include/interface/srv/detail/cdcr_state__rosidl_typesupport_fastrtps_c.h
-- Up-to-date: /home/weiwei/Desktop/project/path_planner/install/interface/include/interface/srv/detail/path_plan__rosidl_typesupport_fastrtps_c.h
-- Up-to-date: /home/weiwei/Desktop/project/path_planner/install/interface/include/interface/srv/detail/flag_points__rosidl_typesupport_fastrtps_c.h
-- Up-to-date: /home/weiwei/Desktop/project/path_planner/install/interface/include/interface/msg
-- Up-to-date: /home/weiwei/Desktop/project/path_planner/install/interface/include/interface/msg/detail
-- Up-to-date: /home/weiwei/Desktop/project/path_planner/install/interface/include/interface/msg/detail/move_motor__rosidl_typesupport_fastrtps_c.h
-- Up-to-date: /home/weiwei/Desktop/project/path_planner/install/interface/include/interface/msg/detail/get_pathpoints__rosidl_typesupport_fastrtps_c.h
-- Up-to-date: /home/weiwei/Desktop/project/path_planner/install/interface/include/interface/msg/rosidl_typesupport_fastrtps_c__visibility_control.h
-- Up-to-date: /home/weiwei/Desktop/project/path_planner/install/interface/lib/libinterface__rosidl_typesupport_fastrtps_c.so
-- Up-to-date: /home/weiwei/Desktop/project/path_planner/install/interface/include/interface
-- Up-to-date: /home/weiwei/Desktop/project/path_planner/install/interface/include/interface/srv
-- Up-to-date: /home/weiwei/Desktop/project/path_planner/install/interface/include/interface/srv/detail
-- Up-to-date: /home/weiwei/Desktop/project/path_planner/install/interface/include/interface/srv/detail/cdcr_state__rosidl_typesupport_fastrtps_cpp.hpp
-- Up-to-date: /home/weiwei/Desktop/project/path_planner/install/interface/include/interface/srv/detail/connect_flag__rosidl_typesupport_fastrtps_cpp.hpp
-- Up-to-date: /home/weiwei/Desktop/project/path_planner/install/interface/include/interface/srv/detail/path_plan__rosidl_typesupport_fastrtps_cpp.hpp
-- Up-to-date: /home/weiwei/Desktop/project/path_planner/install/interface/include/interface/srv/detail/dds_fastrtps
-- Up-to-date: /home/weiwei/Desktop/project/path_planner/install/interface/include/interface/srv/detail/flag_points__rosidl_typesupport_fastrtps_cpp.hpp
-- Up-to-date: /home/weiwei/Desktop/project/path_planner/install/interface/include/interface/msg
-- Up-to-date: /home/weiwei/Desktop/project/path_planner/install/interface/include/interface/msg/detail
-- Up-to-date: /home/weiwei/Desktop/project/path_planner/install/interface/include/interface/msg/detail/move_motor__rosidl_typesupport_fastrtps_cpp.hpp
-- Up-to-date: /home/weiwei/Desktop/project/path_planner/install/interface/include/interface/msg/detail/dds_fastrtps
-- Up-to-date: /home/weiwei/Desktop/project/path_planner/install/interface/include/interface/msg/detail/get_pathpoints__rosidl_typesupport_fastrtps_cpp.hpp
-- Up-to-date: /home/weiwei/Desktop/project/path_planner/install/interface/include/interface/msg/rosidl_typesupport_fastrtps_cpp__visibility_control.h
-- Up-to-date: /home/weiwei/Desktop/project/path_planner/install/interface/lib/libinterface__rosidl_typesupport_fastrtps_cpp.so
-- Up-to-date: /home/weiwei/Desktop/project/path_planner/install/interface/include/interface
-- Up-to-date: /home/weiwei/Desktop/project/path_planner/install/interface/include/interface/srv
-- Up-to-date: /home/weiwei/Desktop/project/path_planner/install/interface/include/interface/srv/detail
-- Up-to-date: /home/weiwei/Desktop/project/path_planner/install/interface/include/interface/srv/detail/path_plan__rosidl_typesupport_introspection_c.h
-- Up-to-date: /home/weiwei/Desktop/project/path_planner/install/interface/include/interface/srv/detail/flag_points__rosidl_typesupport_introspection_c.h
-- Up-to-date: /home/weiwei/Desktop/project/path_planner/install/interface/include/interface/srv/detail/connect_flag__type_support.c
-- Up-to-date: /home/weiwei/Desktop/project/path_planner/install/interface/include/interface/srv/detail/cdcr_state__rosidl_typesupport_introspection_c.h
-- Up-to-date: /home/weiwei/Desktop/project/path_planner/install/interface/include/interface/srv/detail/path_plan__type_support.c
-- Up-to-date: /home/weiwei/Desktop/project/path_planner/install/interface/include/interface/srv/detail/connect_flag__rosidl_typesupport_introspection_c.h
-- Up-to-date: /home/weiwei/Desktop/project/path_planner/install/interface/include/interface/srv/detail/cdcr_state__type_support.c
-- Up-to-date: /home/weiwei/Desktop/project/path_planner/install/interface/include/interface/srv/detail/flag_points__type_support.c
-- Up-to-date: /home/weiwei/Desktop/project/path_planner/install/interface/include/interface/msg
-- Up-to-date: /home/weiwei/Desktop/project/path_planner/install/interface/include/interface/msg/detail
-- Up-to-date: /home/weiwei/Desktop/project/path_planner/install/interface/include/interface/msg/detail/move_motor__type_support.c
-- Up-to-date: /home/weiwei/Desktop/project/path_planner/install/interface/include/interface/msg/detail/move_motor__rosidl_typesupport_introspection_c.h
-- Up-to-date: /home/weiwei/Desktop/project/path_planner/install/interface/include/interface/msg/detail/get_pathpoints__rosidl_typesupport_introspection_c.h
-- Up-to-date: /home/weiwei/Desktop/project/path_planner/install/interface/include/interface/msg/detail/get_pathpoints__type_support.c
-- Up-to-date: /home/weiwei/Desktop/project/path_planner/install/interface/include/interface/msg/rosidl_typesupport_introspection_c__visibility_control.h
-- Up-to-date: /home/weiwei/Desktop/project/path_planner/install/interface/lib/libinterface__rosidl_typesupport_introspection_c.so
-- Up-to-date: /home/weiwei/Desktop/project/path_planner/install/interface/lib/libinterface__rosidl_typesupport_c.so
-- Up-to-date: /home/weiwei/Desktop/project/path_planner/install/interface/include/interface
-- Up-to-date: /home/weiwei/Desktop/project/path_planner/install/interface/include/interface/srv
-- Up-to-date: /home/weiwei/Desktop/project/path_planner/install/interface/include/interface/srv/cdcr_state.hpp
-- Up-to-date: /home/weiwei/Desktop/project/path_planner/install/interface/include/interface/srv/detail
-- Up-to-date: /home/weiwei/Desktop/project/path_planner/install/interface/include/interface/srv/detail/path_plan__builder.hpp
-- Up-to-date: /home/weiwei/Desktop/project/path_planner/install/interface/include/interface/srv/detail/path_plan__struct.hpp
-- Up-to-date: /home/weiwei/Desktop/project/path_planner/install/interface/include/interface/srv/detail/flag_points__traits.hpp
-- Up-to-date: /home/weiwei/Desktop/project/path_planner/install/interface/include/interface/srv/detail/connect_flag__struct.hpp
-- Up-to-date: /home/weiwei/Desktop/project/path_planner/install/interface/include/interface/srv/detail/path_plan__type_support.hpp
-- Up-to-date: /home/weiwei/Desktop/project/path_planner/install/interface/include/interface/srv/detail/connect_flag__traits.hpp
-- Up-to-date: /home/weiwei/Desktop/project/path_planner/install/interface/include/interface/srv/detail/flag_points__type_support.hpp
-- Up-to-date: /home/weiwei/Desktop/project/path_planner/install/interface/include/interface/srv/detail/path_plan__traits.hpp
-- Up-to-date: /home/weiwei/Desktop/project/path_planner/install/interface/include/interface/srv/detail/cdcr_state__type_support.hpp
-- Up-to-date: /home/weiwei/Desktop/project/path_planner/install/interface/include/interface/srv/detail/cdcr_state__struct.hpp
-- Up-to-date: /home/weiwei/Desktop/project/path_planner/install/interface/include/interface/srv/detail/flag_points__struct.hpp
-- Up-to-date: /home/weiwei/Desktop/project/path_planner/install/interface/include/interface/srv/detail/connect_flag__builder.hpp
-- Up-to-date: /home/weiwei/Desktop/project/path_planner/install/interface/include/interface/srv/detail/cdcr_state__builder.hpp
-- Up-to-date: /home/weiwei/Desktop/project/path_planner/install/interface/include/interface/srv/detail/cdcr_state__traits.hpp
-- Up-to-date: /home/weiwei/Desktop/project/path_planner/install/interface/include/interface/srv/detail/flag_points__builder.hpp
-- Up-to-date: /home/weiwei/Desktop/project/path_planner/install/interface/include/interface/srv/detail/connect_flag__type_support.hpp
-- Up-to-date: /home/weiwei/Desktop/project/path_planner/install/interface/include/interface/srv/flag_points.hpp
-- Up-to-date: /home/weiwei/Desktop/project/path_planner/install/interface/include/interface/srv/path_plan.hpp
-- Up-to-date: /home/weiwei/Desktop/project/path_planner/install/interface/include/interface/srv/connect_flag.hpp
-- Up-to-date: /home/weiwei/Desktop/project/path_planner/install/interface/include/interface/msg
-- Up-to-date: /home/weiwei/Desktop/project/path_planner/install/interface/include/interface/msg/detail
-- Up-to-date: /home/weiwei/Desktop/project/path_planner/install/interface/include/interface/msg/detail/get_pathpoints__type_support.hpp
-- Up-to-date: /home/weiwei/Desktop/project/path_planner/install/interface/include/interface/msg/detail/move_motor__struct.hpp
-- Up-to-date: /home/weiwei/Desktop/project/path_planner/install/interface/include/interface/msg/detail/move_motor__type_support.hpp
-- Up-to-date: /home/weiwei/Desktop/project/path_planner/install/interface/include/interface/msg/detail/get_pathpoints__traits.hpp
-- Up-to-date: /home/weiwei/Desktop/project/path_planner/install/interface/include/interface/msg/detail/move_motor__builder.hpp
-- Up-to-date: /home/weiwei/Desktop/project/path_planner/install/interface/include/interface/msg/detail/get_pathpoints__builder.hpp
-- Up-to-date: /home/weiwei/Desktop/project/path_planner/install/interface/include/interface/msg/detail/move_motor__traits.hpp
-- Up-to-date: /home/weiwei/Desktop/project/path_planner/install/interface/include/interface/msg/detail/get_pathpoints__struct.hpp
-- Up-to-date: /home/weiwei/Desktop/project/path_planner/install/interface/include/interface/msg/get_pathpoints.hpp
-- Up-to-date: /home/weiwei/Desktop/project/path_planner/install/interface/include/interface/msg/rosidl_generator_cpp__visibility_control.hpp
-- Up-to-date: /home/weiwei/Desktop/project/path_planner/install/interface/include/interface/msg/move_motor.hpp
-- Up-to-date: /home/weiwei/Desktop/project/path_planner/install/interface/include/interface
-- Up-to-date: /home/weiwei/Desktop/project/path_planner/install/interface/include/interface/srv
-- Up-to-date: /home/weiwei/Desktop/project/path_planner/install/interface/include/interface/srv/detail
-- Up-to-date: /home/weiwei/Desktop/project/path_planner/install/interface/include/interface/srv/detail/path_plan__rosidl_typesupport_introspection_cpp.hpp
-- Up-to-date: /home/weiwei/Desktop/project/path_planner/install/interface/include/interface/srv/detail/cdcr_state__rosidl_typesupport_introspection_cpp.hpp
-- Up-to-date: /home/weiwei/Desktop/project/path_planner/install/interface/include/interface/srv/detail/flag_points__rosidl_typesupport_introspection_cpp.hpp
-- Up-to-date: /home/weiwei/Desktop/project/path_planner/install/interface/include/interface/srv/detail/connect_flag__rosidl_typesupport_introspection_cpp.hpp
-- Up-to-date: /home/weiwei/Desktop/project/path_planner/install/interface/include/interface/srv/detail/connect_flag__type_support.cpp
-- Up-to-date: /home/weiwei/Desktop/project/path_planner/install/interface/include/interface/srv/detail/path_plan__type_support.cpp
-- Up-to-date: /home/weiwei/Desktop/project/path_planner/install/interface/include/interface/srv/detail/cdcr_state__type_support.cpp
-- Up-to-date: /home/weiwei/Desktop/project/path_planner/install/interface/include/interface/srv/detail/flag_points__type_support.cpp
-- Up-to-date: /home/weiwei/Desktop/project/path_planner/install/interface/include/interface/msg
-- Up-to-date: /home/weiwei/Desktop/project/path_planner/install/interface/include/interface/msg/detail
-- Up-to-date: /home/weiwei/Desktop/project/path_planner/install/interface/include/interface/msg/detail/move_motor__rosidl_typesupport_introspection_cpp.hpp
-- Up-to-date: /home/weiwei/Desktop/project/path_planner/install/interface/include/interface/msg/detail/get_pathpoints__type_support.cpp
-- Up-to-date: /home/weiwei/Desktop/project/path_planner/install/interface/include/interface/msg/detail/get_pathpoints__rosidl_typesupport_introspection_cpp.hpp
-- Up-to-date: /home/weiwei/Desktop/project/path_planner/install/interface/include/interface/msg/detail/move_motor__type_support.cpp
-- Up-to-date: /home/weiwei/Desktop/project/path_planner/install/interface/lib/libinterface__rosidl_typesupport_introspection_cpp.so
-- Up-to-date: /home/weiwei/Desktop/project/path_planner/install/interface/lib/libinterface__rosidl_typesupport_cpp.so
-- Up-to-date: /home/weiwei/Desktop/project/path_planner/install/interface/share/interface/environment/pythonpath.sh
-- Up-to-date: /home/weiwei/Desktop/project/path_planner/install/interface/share/interface/environment/pythonpath.dsv
-- Up-to-date: /home/weiwei/Desktop/project/path_planner/install/interface/lib/python3.8/site-packages/interface/__init__.py
-- Up-to-date: /home/weiwei/Desktop/project/path_planner/install/interface/lib/python3.8/site-packages/interface/srv
-- Up-to-date: /home/weiwei/Desktop/project/path_planner/install/interface/lib/python3.8/site-packages/interface/srv/_path_plan_s.c
-- Up-to-date: /home/weiwei/Desktop/project/path_planner/install/interface/lib/python3.8/site-packages/interface/srv/_cdcr_state.py
-- Up-to-date: /home/weiwei/Desktop/project/path_planner/install/interface/lib/python3.8/site-packages/interface/srv/_connect_flag_s.c
-- Up-to-date: /home/weiwei/Desktop/project/path_planner/install/interface/lib/python3.8/site-packages/interface/srv/_flag_points_s.c
-- Up-to-date: /home/weiwei/Desktop/project/path_planner/install/interface/lib/python3.8/site-packages/interface/srv/_flag_points.py
-- Up-to-date: /home/weiwei/Desktop/project/path_planner/install/interface/lib/python3.8/site-packages/interface/srv/_connect_flag.py
-- Up-to-date: /home/weiwei/Desktop/project/path_planner/install/interface/lib/python3.8/site-packages/interface/srv/_path_plan.py
-- Up-to-date: /home/weiwei/Desktop/project/path_planner/install/interface/lib/python3.8/site-packages/interface/srv/_cdcr_state_s.c
-- Up-to-date: /home/weiwei/Desktop/project/path_planner/install/interface/lib/python3.8/site-packages/interface/srv/__init__.py
-- Up-to-date: /home/weiwei/Desktop/project/path_planner/install/interface/lib/python3.8/site-packages/interface/msg
-- Up-to-date: /home/weiwei/Desktop/project/path_planner/install/interface/lib/python3.8/site-packages/interface/msg/_get_pathpoints.py
-- Up-to-date: /home/weiwei/Desktop/project/path_planner/install/interface/lib/python3.8/site-packages/interface/msg/_get_pathpoints_s.c
-- Up-to-date: /home/weiwei/Desktop/project/path_planner/install/interface/lib/python3.8/site-packages/interface/msg/_move_motor.py
-- Up-to-date: /home/weiwei/Desktop/project/path_planner/install/interface/lib/python3.8/site-packages/interface/msg/_move_motor_s.c
-- Up-to-date: /home/weiwei/Desktop/project/path_planner/install/interface/lib/python3.8/site-packages/interface/msg/__init__.py
-- Up-to-date: /home/weiwei/Desktop/project/path_planner/install/interface/lib/python3.8/site-packages/interface/interface_s__rosidl_typesupport_fastrtps_c.cpython-38-x86_64-linux-gnu.so
-- Up-to-date: /home/weiwei/Desktop/project/path_planner/install/interface/lib/python3.8/site-packages/interface/interface_s__rosidl_typesupport_introspection_c.cpython-38-x86_64-linux-gnu.so
-- Up-to-date: /home/weiwei/Desktop/project/path_planner/install/interface/lib/python3.8/site-packages/interface/interface_s__rosidl_typesupport_c.cpython-38-x86_64-linux-gnu.so
-- Up-to-date: /home/weiwei/Desktop/project/path_planner/install/interface/lib/libinterface__python.so
-- Up-to-date: /home/weiwei/Desktop/project/path_planner/install/interface/share/interface/srv/PathPlan.idl
-- Up-to-date: /home/weiwei/Desktop/project/path_planner/install/interface/share/interface/srv/CdcrState.idl
-- Up-to-date: /home/weiwei/Desktop/project/path_planner/install/interface/share/interface/srv/FlagPoints.idl
-- Up-to-date: /home/weiwei/Desktop/project/path_planner/install/interface/share/interface/srv/ConnectFlag.idl
-- Up-to-date: /home/weiwei/Desktop/project/path_planner/install/interface/share/interface/msg/GetPathpoints.idl
-- Up-to-date: /home/weiwei/Desktop/project/path_planner/install/interface/share/interface/msg/MoveMotor.idl
-- Up-to-date: /home/weiwei/Desktop/project/path_planner/install/interface/share/interface/srv/PathPlan.srv
-- Up-to-date: /home/weiwei/Desktop/project/path_planner/install/interface/share/interface/srv/PathPlan_Request.msg
-- Up-to-date: /home/weiwei/Desktop/project/path_planner/install/interface/share/interface/srv/PathPlan_Response.msg
-- Up-to-date: /home/weiwei/Desktop/project/path_planner/install/interface/share/interface/srv/CdcrState.srv
-- Up-to-date: /home/weiwei/Desktop/project/path_planner/install/interface/share/interface/srv/CdcrState_Request.msg
-- Up-to-date: /home/weiwei/Desktop/project/path_planner/install/interface/share/interface/srv/CdcrState_Response.msg
-- Up-to-date: /home/weiwei/Desktop/project/path_planner/install/interface/share/interface/srv/FlagPoints.srv
-- Up-to-date: /home/weiwei/Desktop/project/path_planner/install/interface/share/interface/srv/FlagPoints_Request.msg
-- Up-to-date: /home/weiwei/Desktop/project/path_planner/install/interface/share/interface/srv/FlagPoints_Response.msg
-- Up-to-date: /home/weiwei/Desktop/project/path_planner/install/interface/share/interface/srv/ConnectFlag.srv
-- Up-to-date: /home/weiwei/Desktop/project/path_planner/install/interface/share/interface/srv/ConnectFlag_Request.msg
-- Up-to-date: /home/weiwei/Desktop/project/path_planner/install/interface/share/interface/srv/ConnectFlag_Response.msg
-- Up-to-date: /home/weiwei/Desktop/project/path_planner/install/interface/share/interface/msg/GetPathpoints.msg
-- Up-to-date: /home/weiwei/Desktop/project/path_planner/install/interface/share/interface/msg/MoveMotor.msg
-- Up-to-date: /home/weiwei/Desktop/project/path_planner/install/interface/share/ament_index/resource_index/package_run_dependencies/interface
-- Up-to-date: /home/weiwei/Desktop/project/path_planner/install/interface/share/ament_index/resource_index/parent_prefix_path/interface
-- Up-to-date: /home/weiwei/Desktop/project/path_planner/install/interface/share/interface/environment/ament_prefix_path.sh
-- Up-to-date: /home/weiwei/Desktop/project/path_planner/install/interface/share/interface/environment/ament_prefix_path.dsv
-- Up-to-date: /home/weiwei/Desktop/project/path_planner/install/interface/share/interface/environment/path.sh
-- Up-to-date: /home/weiwei/Desktop/project/path_planner/install/interface/share/interface/environment/path.dsv
-- Up-to-date: /home/weiwei/Desktop/project/path_planner/install/interface/share/interface/local_setup.bash
-- Up-to-date: /home/weiwei/Desktop/project/path_planner/install/interface/share/interface/local_setup.sh
-- Up-to-date: /home/weiwei/Desktop/project/path_planner/install/interface/share/interface/local_setup.zsh
-- Up-to-date: /home/weiwei/Desktop/project/path_planner/install/interface/share/interface/local_setup.dsv
-- Installing: /home/weiwei/Desktop/project/path_planner/install/interface/share/interface/package.dsv
-- Up-to-date: /home/weiwei/Desktop/project/path_planner/install/interface/share/ament_index/resource_index/packages/interface
-- Up-to-date: /home/weiwei/Desktop/project/path_planner/install/interface/share/interface/cmake/interface__rosidl_generator_cExport.cmake
-- Up-to-date: /home/weiwei/Desktop/project/path_planner/install/interface/share/interface/cmake/interface__rosidl_generator_cExport-noconfig.cmake
-- Up-to-date: /home/weiwei/Desktop/project/path_planner/install/interface/share/interface/cmake/interface__rosidl_typesupport_introspection_cExport.cmake
-- Up-to-date: /home/weiwei/Desktop/project/path_planner/install/interface/share/interface/cmake/interface__rosidl_typesupport_introspection_cExport-noconfig.cmake
-- Up-to-date: /home/weiwei/Desktop/project/path_planner/install/interface/share/interface/cmake/interface__rosidl_typesupport_cExport.cmake
-- Up-to-date: /home/weiwei/Desktop/project/path_planner/install/interface/share/interface/cmake/interface__rosidl_typesupport_cExport-noconfig.cmake
-- Up-to-date: /home/weiwei/Desktop/project/path_planner/install/interface/share/interface/cmake/interface__rosidl_generator_cppExport.cmake
-- Up-to-date: /home/weiwei/Desktop/project/path_planner/install/interface/share/interface/cmake/interface__rosidl_typesupport_introspection_cppExport.cmake
-- Up-to-date: /home/weiwei/Desktop/project/path_planner/install/interface/share/interface/cmake/interface__rosidl_typesupport_introspection_cppExport-noconfig.cmake
-- Up-to-date: /home/weiwei/Desktop/project/path_planner/install/interface/share/interface/cmake/interface__rosidl_typesupport_cppExport.cmake
-- Up-to-date: /home/weiwei/Desktop/project/path_planner/install/interface/share/interface/cmake/interface__rosidl_typesupport_cppExport-noconfig.cmake
-- Up-to-date: /home/weiwei/Desktop/project/path_planner/install/interface/share/interface/cmake/rosidl_cmake-extras.cmake
-- Up-to-date: /home/weiwei/Desktop/project/path_planner/install/interface/share/interface/cmake/ament_cmake_export_dependencies-extras.cmake
-- Up-to-date: /home/weiwei/Desktop/project/path_planner/install/interface/share/interface/cmake/ament_cmake_export_libraries-extras.cmake
-- Up-to-date: /home/weiwei/Desktop/project/path_planner/install/interface/share/interface/cmake/ament_cmake_export_targets-extras.cmake
-- Up-to-date: /home/weiwei/Desktop/project/path_planner/install/interface/share/interface/cmake/ament_cmake_export_include_directories-extras.cmake
-- Up-to-date: /home/weiwei/Desktop/project/path_planner/install/interface/share/interface/cmake/rosidl_cmake_export_typesupport_libraries-extras.cmake
-- Up-to-date: /home/weiwei/Desktop/project/path_planner/install/interface/share/interface/cmake/rosidl_cmake_export_typesupport_targets-extras.cmake
-- Up-to-date: /home/weiwei/Desktop/project/path_planner/install/interface/share/interface/cmake/interfaceConfig.cmake
-- Up-to-date: /home/weiwei/Desktop/project/path_planner/install/interface/share/interface/cmake/interfaceConfig-version.cmake
-- Up-to-date: /home/weiwei/Desktop/project/path_planner/install/interface/share/interface/package.xml
