[0.008s] Invoking command in '/home/weiwei/Desktop/project/path_planner/build/path_planner': CMAKE_PREFIX_PATH=/opt/ros/foxy /usr/bin/cmake /home/weiwei/Desktop/project/path_planner/src/path_planner -DCMAKE_INSTALL_PREFIX=/home/weiwei/Desktop/project/path_planner/install/path_planner
[0.070s] -- The C compiler identification is GNU 9.4.0
[0.118s] -- The CXX compiler identification is GNU 9.4.0
[0.121s] -- Check for working C compiler: /usr/bin/cc
[0.168s] -- Check for working C compiler: /usr/bin/cc -- works
[0.169s] -- Detecting C compiler ABI info
[0.213s] -- Detecting C compiler ABI info - done
[0.220s] -- Detecting C compile features
[0.220s] -- Detecting C compile features - done
[0.222s] -- Check for working CXX compiler: /usr/bin/c++
[0.273s] -- Check for working CXX compiler: /usr/bin/c++ -- works
[0.274s] -- Detecting CXX compiler ABI info
[0.330s] -- Detecting CXX compiler ABI info - done
[0.338s] -- Detecting CXX compile features
[0.338s] -- Detecting CXX compile features - done
[0.343s] -- Found ament_cmake: 0.9.12 (/opt/ros/foxy/share/ament_cmake/cmake)
[0.361s] -- Found PythonInterp: /usr/bin/python3 (found suitable version "3.8.10", minimum required is "3") 
[0.361s] -- Using PYTHON_EXECUTABLE: /usr/bin/python3
[0.504s] -- Found rclcpp: 2.4.3 (/opt/ros/foxy/share/rclcpp/cmake)
[0.545s] -- Using all available rosidl_typesupport_c: rosidl_typesupport_fastrtps_c;rosidl_typesupport_introspection_c
[0.551s] -- Found rosidl_adapter: 1.3.1 (/opt/ros/foxy/share/rosidl_adapter/cmake)
[0.615s] -- Found OpenSSL: /usr/lib/x86_64-linux-gnu/libcrypto.so (found version "1.1.1f")  
[0.638s] -- Found FastRTPS: /opt/ros/foxy/include  
[0.698s] -- Using all available rosidl_typesupport_cpp: rosidl_typesupport_fastrtps_cpp;rosidl_typesupport_introspection_cpp
[0.743s] -- Found rmw_implementation_cmake: 1.0.4 (/opt/ros/foxy/share/rmw_implementation_cmake/cmake)
[0.744s] -- Using RMW implementation 'rmw_fastrtps_cpp' as default
[0.745s] -- Looking for pthread.h
[0.792s] -- Looking for pthread.h - found
[0.792s] -- Performing Test CMAKE_HAVE_LIBC_PTHREAD
[0.852s] -- Performing Test CMAKE_HAVE_LIBC_PTHREAD - Failed
[0.852s] -- Looking for pthread_create in pthreads
[0.893s] -- Looking for pthread_create in pthreads - not found
[0.893s] -- Looking for pthread_create in pthread
[0.942s] -- Looking for pthread_create in pthread - found
[0.943s] -- Found Threads: TRUE  
[1.081s] CMake Error at CMakeLists.txt:21 (find_package):
[1.081s]   By not providing "Findinterface.cmake" in CMAKE_MODULE_PATH this project
[1.081s]   has asked CMake to find a package configuration file provided by
[1.081s]   "interface", but CMake did not find one.
[1.081s] 
[1.081s]   Could not find a package configuration file provided by "interface" with
[1.081s]   any of the following names:
[1.081s] 
[1.081s]     interfaceConfig.cmake
[1.081s]     interface-config.cmake
[1.082s] 
[1.082s]   Add the installation prefix of "interface" to CMAKE_PREFIX_PATH or set
[1.082s]   "interface_DIR" to a directory containing one of the above files.  If
[1.082s]   "interface" provides a separate development package or SDK, be sure it has
[1.082s]   been installed.
[1.082s] 
[1.082s] 
[1.082s] -- Configuring incomplete, errors occurred!
[1.082s] See also "/home/weiwei/Desktop/project/path_planner/build/path_planner/CMakeFiles/CMakeOutput.log".
[1.082s] See also "/home/weiwei/Desktop/project/path_planner/build/path_planner/CMakeFiles/CMakeError.log".
[1.088s] Invoked command in '/home/weiwei/Desktop/project/path_planner/build/path_planner' returned '1': CMAKE_PREFIX_PATH=/opt/ros/foxy /usr/bin/cmake /home/weiwei/Desktop/project/path_planner/src/path_planner -DCMAKE_INSTALL_PREFIX=/home/weiwei/Desktop/project/path_planner/install/path_planner
