Performing C SOURCE FILE Test CMAKE_HAVE_LIBC_PTHREAD failed with the following output:
Change Dir: /home/weiwei/Desktop/project/path_planner/build/path_planner/CMakeFiles/CMakeTmp

Run Build Command(s):/usr/bin/make cmTC_6821a/fast && /usr/bin/make -f CMakeFiles/cmTC_6821a.dir/build.make CMakeFiles/cmTC_6821a.dir/build
make[1]: 进入目录“/home/weiwei/Desktop/project/path_planner/build/path_planner/CMakeFiles/CMakeTmp”
Building C object CMakeFiles/cmTC_6821a.dir/src.c.o
/usr/bin/cc   -DCMAKE_HAVE_LIBC_PTHREAD   -o CMakeFiles/cmTC_6821a.dir/src.c.o   -c /home/weiwei/Desktop/project/path_planner/build/path_planner/CMakeFiles/CMakeTmp/src.c
Linking C executable cmTC_6821a
/usr/bin/cmake -E cmake_link_script CMakeFiles/cmTC_6821a.dir/link.txt --verbose=1
/usr/bin/cc  -DCMAKE_HAVE_LIBC_PTHREAD    CMakeFiles/cmTC_6821a.dir/src.c.o  -o cmTC_6821a 
/usr/bin/ld: CMakeFiles/cmTC_6821a.dir/src.c.o: in function `main':
src.c:(.text+0x46): undefined reference to `pthread_create'
/usr/bin/ld: src.c:(.text+0x52): undefined reference to `pthread_detach'
/usr/bin/ld: src.c:(.text+0x63): undefined reference to `pthread_join'
collect2: error: ld returned 1 exit status
make[1]: *** [CMakeFiles/cmTC_6821a.dir/build.make:87：cmTC_6821a] 错误 1
make[1]: 离开目录“/home/weiwei/Desktop/project/path_planner/build/path_planner/CMakeFiles/CMakeTmp”
make: *** [Makefile:121：cmTC_6821a/fast] 错误 2


Source file was:
#include <pthread.h>

void* test_func(void* data)
{
  return data;
}

int main(void)
{
  pthread_t thread;
  pthread_create(&thread, NULL, test_func, NULL);
  pthread_detach(thread);
  pthread_join(thread, NULL);
  pthread_atfork(NULL, NULL, NULL);
  pthread_exit(NULL);

  return 0;
}

Determining if the function pthread_create exists in the pthreads failed with the following output:
Change Dir: /home/weiwei/Desktop/project/path_planner/build/path_planner/CMakeFiles/CMakeTmp

Run Build Command(s):/usr/bin/make cmTC_99112/fast && /usr/bin/make -f CMakeFiles/cmTC_99112.dir/build.make CMakeFiles/cmTC_99112.dir/build
make[1]: 进入目录“/home/weiwei/Desktop/project/path_planner/build/path_planner/CMakeFiles/CMakeTmp”
Building C object CMakeFiles/cmTC_99112.dir/CheckFunctionExists.c.o
/usr/bin/cc   -DCHECK_FUNCTION_EXISTS=pthread_create   -o CMakeFiles/cmTC_99112.dir/CheckFunctionExists.c.o   -c /usr/share/cmake-3.16/Modules/CheckFunctionExists.c
Linking C executable cmTC_99112
/usr/bin/cmake -E cmake_link_script CMakeFiles/cmTC_99112.dir/link.txt --verbose=1
/usr/bin/cc  -DCHECK_FUNCTION_EXISTS=pthread_create    CMakeFiles/cmTC_99112.dir/CheckFunctionExists.c.o  -o cmTC_99112  -lpthreads 
/usr/bin/ld: 找不到 -lpthreads
collect2: error: ld returned 1 exit status
make[1]: *** [CMakeFiles/cmTC_99112.dir/build.make:87：cmTC_99112] 错误 1
make[1]: 离开目录“/home/weiwei/Desktop/project/path_planner/build/path_planner/CMakeFiles/CMakeTmp”
make: *** [Makefile:121：cmTC_99112/fast] 错误 2



Determining if the function sgemm_ exists failed with the following output:
Change Dir: /home/weiwei/Desktop/project/path_planner/build/path_planner/CMakeFiles/CMakeTmp

Run Build Command(s):/usr/bin/make cmTC_b2cc6/fast && /usr/bin/make -f CMakeFiles/cmTC_b2cc6.dir/build.make CMakeFiles/cmTC_b2cc6.dir/build
make[1]: 进入目录“/home/weiwei/Desktop/project/path_planner/build/path_planner/CMakeFiles/CMakeTmp”
Building C object CMakeFiles/cmTC_b2cc6.dir/CheckFunctionExists.c.o
/usr/bin/cc   -DCHECK_FUNCTION_EXISTS=sgemm_   -o CMakeFiles/cmTC_b2cc6.dir/CheckFunctionExists.c.o   -c /usr/share/cmake-3.16/Modules/CheckFunctionExists.c
Linking C executable cmTC_b2cc6
/usr/bin/cmake -E cmake_link_script CMakeFiles/cmTC_b2cc6.dir/link.txt --verbose=1
/usr/bin/cc   -DCHECK_FUNCTION_EXISTS=sgemm_     CMakeFiles/cmTC_b2cc6.dir/CheckFunctionExists.c.o  -o cmTC_b2cc6 
/usr/bin/ld: CMakeFiles/cmTC_b2cc6.dir/CheckFunctionExists.c.o: in function `main':
CheckFunctionExists.c:(.text+0x14): undefined reference to `sgemm_'
collect2: error: ld returned 1 exit status
make[1]: *** [CMakeFiles/cmTC_b2cc6.dir/build.make:87：cmTC_b2cc6] 错误 1
make[1]: 离开目录“/home/weiwei/Desktop/project/path_planner/build/path_planner/CMakeFiles/CMakeTmp”
make: *** [Makefile:121：cmTC_b2cc6/fast] 错误 2



Determining if the function cheev_ exists failed with the following output:
Change Dir: /home/weiwei/Desktop/project/path_planner/build/path_planner/CMakeFiles/CMakeTmp

Run Build Command(s):/usr/bin/make cmTC_312f5/fast && /usr/bin/make -f CMakeFiles/cmTC_312f5.dir/build.make CMakeFiles/cmTC_312f5.dir/build
make[1]: 进入目录“/home/weiwei/Desktop/project/path_planner/build/path_planner/CMakeFiles/CMakeTmp”
Building C object CMakeFiles/cmTC_312f5.dir/CheckFunctionExists.c.o
/usr/bin/cc   -DCHECK_FUNCTION_EXISTS=cheev_   -o CMakeFiles/cmTC_312f5.dir/CheckFunctionExists.c.o   -c /usr/share/cmake-3.16/Modules/CheckFunctionExists.c
Linking C executable cmTC_312f5
/usr/bin/cmake -E cmake_link_script CMakeFiles/cmTC_312f5.dir/link.txt --verbose=1
/usr/bin/cc   -DCHECK_FUNCTION_EXISTS=cheev_     CMakeFiles/cmTC_312f5.dir/CheckFunctionExists.c.o  -o cmTC_312f5  /usr/lib/x86_64-linux-gnu/libblas.so 
/usr/bin/ld: CMakeFiles/cmTC_312f5.dir/CheckFunctionExists.c.o: in function `main':
CheckFunctionExists.c:(.text+0x14): undefined reference to `cheev_'
collect2: error: ld returned 1 exit status
make[1]: *** [CMakeFiles/cmTC_312f5.dir/build.make:88：cmTC_312f5] 错误 1
make[1]: 离开目录“/home/weiwei/Desktop/project/path_planner/build/path_planner/CMakeFiles/CMakeTmp”
make: *** [Makefile:121：cmTC_312f5/fast] 错误 2



