[0.012s] Invoking command in '/home/weiwei/Desktop/project/path_planner/build/map': CMAKE_PREFIX_PATH=/home/weiwei/Desktop/project/path_planner/install/interface:/home/weiwei/Desktop/project/path_planner/install/path_planner:/opt/ros/foxy /usr/bin/cmake --build /home/weiwei/Desktop/project/path_planner/build/map -- -j16 -l16
[0.049s] [35m[1mScanning dependencies of target map_node[0m
[0.094s] [ 66%] [32mBuilding CXX object CMakeFiles/map_node.dir/src/main.cpp.o[0m
[0.095s] [ 66%] [32mBuilding CXX object CMakeFiles/map_node.dir/src/map_node.cpp.o[0m
[9.019s] [100%] [32m[1mLinking CXX executable map_node[0m
[9.556s] [100%] Built target map_node
[9.563s] Invoked command in '/home/weiwei/Desktop/project/path_planner/build/map' returned '0': CMAKE_PREFIX_PATH=/home/weiwei/Desktop/project/path_planner/install/interface:/home/weiwei/Desktop/project/path_planner/install/path_planner:/opt/ros/foxy /usr/bin/cmake --build /home/weiwei/Desktop/project/path_planner/build/map -- -j16 -l16
[9.590s] Invoking command in '/home/weiwei/Desktop/project/path_planner/build/map': CMAKE_PREFIX_PATH=/home/weiwei/Desktop/project/path_planner/install/interface:/home/weiwei/Desktop/project/path_planner/install/path_planner:/opt/ros/foxy /usr/bin/cmake --install /home/weiwei/Desktop/project/path_planner/build/map
[9.595s] -- Install configuration: ""
[9.595s] -- Installing: /home/weiwei/Desktop/project/path_planner/install/map/lib/map/map_node
[9.596s] -- Set runtime path of "/home/weiwei/Desktop/project/path_planner/install/map/lib/map/map_node" to ""
[9.596s] -- Installing: /home/weiwei/Desktop/project/path_planner/install/map/share/ament_index/resource_index/package_run_dependencies/map
[9.596s] -- Installing: /home/weiwei/Desktop/project/path_planner/install/map/share/ament_index/resource_index/parent_prefix_path/map
[9.596s] -- Installing: /home/weiwei/Desktop/project/path_planner/install/map/share/map/environment/ament_prefix_path.sh
[9.596s] -- Installing: /home/weiwei/Desktop/project/path_planner/install/map/share/map/environment/ament_prefix_path.dsv
[9.596s] -- Installing: /home/weiwei/Desktop/project/path_planner/install/map/share/map/environment/path.sh
[9.596s] -- Installing: /home/weiwei/Desktop/project/path_planner/install/map/share/map/environment/path.dsv
[9.596s] -- Installing: /home/weiwei/Desktop/project/path_planner/install/map/share/map/local_setup.bash
[9.597s] -- Installing: /home/weiwei/Desktop/project/path_planner/install/map/share/map/local_setup.sh
[9.597s] -- Installing: /home/weiwei/Desktop/project/path_planner/install/map/share/map/local_setup.zsh
[9.597s] -- Installing: /home/weiwei/Desktop/project/path_planner/install/map/share/map/local_setup.dsv
[9.597s] -- Up-to-date: /home/weiwei/Desktop/project/path_planner/install/map/share/map/package.dsv
[9.597s] -- Installing: /home/weiwei/Desktop/project/path_planner/install/map/share/ament_index/resource_index/packages/map
[9.597s] -- Installing: /home/weiwei/Desktop/project/path_planner/install/map/share/map/cmake/mapConfig.cmake
[9.597s] -- Installing: /home/weiwei/Desktop/project/path_planner/install/map/share/map/cmake/mapConfig-version.cmake
[9.597s] -- Installing: /home/weiwei/Desktop/project/path_planner/install/map/share/map/package.xml
[9.598s] Invoked command in '/home/weiwei/Desktop/project/path_planner/build/map' returned '0': CMAKE_PREFIX_PATH=/home/weiwei/Desktop/project/path_planner/install/interface:/home/weiwei/Desktop/project/path_planner/install/path_planner:/opt/ros/foxy /usr/bin/cmake --install /home/weiwei/Desktop/project/path_planner/build/map
