[0.008s] Invoking command in '/home/weiwei/Desktop/project/path_planner/build/path_planner': AMENT_PREFIX_PATH=/home/weiwei/Desktop/project/path_planner/install/interface:${AMENT_PREFIX_PATH} CMAKE_PREFIX_PATH=/home/weiwei/Desktop/project/path_planner/install/interface:/opt/ros/foxy LD_LIBRARY_PATH=/home/weiwei/Desktop/project/path_planner/install/interface/lib:${LD_LIBRARY_PATH} PYTHONPATH=/home/weiwei/Desktop/project/path_planner/install/interface/lib/python3.8/site-packages:${PYTHONPATH} /usr/bin/cmake --build /home/weiwei/Desktop/project/path_planner/build/path_planner -- -j16 -l16
[0.068s] [100%] Built target path_planner
[0.075s] Invoked command in '/home/weiwei/Desktop/project/path_planner/build/path_planner' returned '0': AMENT_PREFIX_PATH=/home/weiwei/Desktop/project/path_planner/install/interface:${AMENT_PREFIX_PATH} CMAKE_PREFIX_PATH=/home/weiwei/Desktop/project/path_planner/install/interface:/opt/ros/foxy LD_LIBRARY_PATH=/home/weiwei/Desktop/project/path_planner/install/interface/lib:${LD_LIBRARY_PATH} PYTHONPATH=/home/weiwei/Desktop/project/path_planner/install/interface/lib/python3.8/site-packages:${PYTHONPATH} /usr/bin/cmake --build /home/weiwei/Desktop/project/path_planner/build/path_planner -- -j16 -l16
[0.094s] Invoking command in '/home/weiwei/Desktop/project/path_planner/build/path_planner': AMENT_PREFIX_PATH=/home/weiwei/Desktop/project/path_planner/install/interface:${AMENT_PREFIX_PATH} CMAKE_PREFIX_PATH=/home/weiwei/Desktop/project/path_planner/install/interface:/opt/ros/foxy LD_LIBRARY_PATH=/home/weiwei/Desktop/project/path_planner/install/interface/lib:${LD_LIBRARY_PATH} PYTHONPATH=/home/weiwei/Desktop/project/path_planner/install/interface/lib/python3.8/site-packages:${PYTHONPATH} /usr/bin/cmake --install /home/weiwei/Desktop/project/path_planner/build/path_planner
[0.099s] -- Install configuration: ""
[0.099s] -- Up-to-date: /home/weiwei/Desktop/project/path_planner/install/path_planner/lib/path_planner/path_planner
[0.099s] -- Up-to-date: /home/weiwei/Desktop/project/path_planner/install/path_planner/share/ament_index/resource_index/package_run_dependencies/path_planner
[0.099s] -- Up-to-date: /home/weiwei/Desktop/project/path_planner/install/path_planner/share/ament_index/resource_index/parent_prefix_path/path_planner
[0.099s] -- Up-to-date: /home/weiwei/Desktop/project/path_planner/install/path_planner/share/path_planner/environment/ament_prefix_path.sh
[0.099s] -- Up-to-date: /home/weiwei/Desktop/project/path_planner/install/path_planner/share/path_planner/environment/ament_prefix_path.dsv
[0.099s] -- Up-to-date: /home/weiwei/Desktop/project/path_planner/install/path_planner/share/path_planner/environment/path.sh
[0.100s] -- Up-to-date: /home/weiwei/Desktop/project/path_planner/install/path_planner/share/path_planner/environment/path.dsv
[0.100s] -- Up-to-date: /home/weiwei/Desktop/project/path_planner/install/path_planner/share/path_planner/local_setup.bash
[0.100s] -- Up-to-date: /home/weiwei/Desktop/project/path_planner/install/path_planner/share/path_planner/local_setup.sh
[0.100s] -- Up-to-date: /home/weiwei/Desktop/project/path_planner/install/path_planner/share/path_planner/local_setup.zsh
[0.100s] -- Up-to-date: /home/weiwei/Desktop/project/path_planner/install/path_planner/share/path_planner/local_setup.dsv
[0.100s] -- Installing: /home/weiwei/Desktop/project/path_planner/install/path_planner/share/path_planner/package.dsv
[0.100s] -- Up-to-date: /home/weiwei/Desktop/project/path_planner/install/path_planner/share/ament_index/resource_index/packages/path_planner
[0.100s] -- Up-to-date: /home/weiwei/Desktop/project/path_planner/install/path_planner/share/path_planner/cmake/path_plannerConfig.cmake
[0.100s] -- Up-to-date: /home/weiwei/Desktop/project/path_planner/install/path_planner/share/path_planner/cmake/path_plannerConfig-version.cmake
[0.100s] -- Up-to-date: /home/weiwei/Desktop/project/path_planner/install/path_planner/share/path_planner/package.xml
[0.101s] Invoked command in '/home/weiwei/Desktop/project/path_planner/build/path_planner' returned '0': AMENT_PREFIX_PATH=/home/weiwei/Desktop/project/path_planner/install/interface:${AMENT_PREFIX_PATH} CMAKE_PREFIX_PATH=/home/weiwei/Desktop/project/path_planner/install/interface:/opt/ros/foxy LD_LIBRARY_PATH=/home/weiwei/Desktop/project/path_planner/install/interface/lib:${LD_LIBRARY_PATH} PYTHONPATH=/home/weiwei/Desktop/project/path_planner/install/interface/lib/python3.8/site-packages:${PYTHONPATH} /usr/bin/cmake --install /home/weiwei/Desktop/project/path_planner/build/path_planner
