[0.008s] Invoking command in '/home/weiwei/Desktop/project/path_planner/build/interface': CMAKE_PREFIX_PATH=/opt/ros/foxy /usr/bin/cmake /home/weiwei/Desktop/project/path_planner/src/interface -DCMAKE_INSTALL_PREFIX=/home/weiwei/Desktop/project/path_planner/install/interface
[0.045s] -- The C compiler identification is GNU 9.4.0
[0.081s] -- The CXX compiler identification is GNU 9.4.0
[0.084s] -- Check for working C compiler: /usr/bin/cc
[0.134s] -- Check for working C compiler: /usr/bin/cc -- works
[0.135s] -- Detecting C compiler ABI info
[0.185s] -- Detecting C compiler ABI info - done
[0.193s] -- Detecting C compile features
[0.193s] -- Detecting C compile features - done
[0.195s] -- Check for working CXX compiler: /usr/bin/c++
[0.250s] -- Check for working CXX compiler: /usr/bin/c++ -- works
[0.250s] -- Detecting CXX compiler ABI info
[0.304s] -- Detecting CXX compiler ABI info - done
[0.312s] -- Detecting CXX compile features
[0.312s] -- Detecting CXX compile features - done
[0.313s] -- Found ament_cmake: 0.9.12 (/opt/ros/foxy/share/ament_cmake/cmake)
[0.331s] -- Found PythonInterp: /usr/bin/python3 (found suitable version "3.8.10", minimum required is "3") 
[0.332s] -- Using PYTHON_EXECUTABLE: /usr/bin/python3
[0.466s] -- Found rclcpp: 2.4.3 (/opt/ros/foxy/share/rclcpp/cmake)
[0.498s] -- Using all available rosidl_typesupport_c: rosidl_typesupport_fastrtps_c;rosidl_typesupport_introspection_c
[0.502s] -- Found rosidl_adapter: 1.3.1 (/opt/ros/foxy/share/rosidl_adapter/cmake)
[0.558s] -- Found OpenSSL: /usr/lib/x86_64-linux-gnu/libcrypto.so (found version "1.1.1f")  
[0.582s] -- Found FastRTPS: /opt/ros/foxy/include  
[0.642s] -- Using all available rosidl_typesupport_cpp: rosidl_typesupport_fastrtps_cpp;rosidl_typesupport_introspection_cpp
[0.686s] -- Found rmw_implementation_cmake: 1.0.4 (/opt/ros/foxy/share/rmw_implementation_cmake/cmake)
[0.687s] -- Using RMW implementation 'rmw_fastrtps_cpp' as default
[0.688s] -- Looking for pthread.h
[0.839s] -- Looking for pthread.h - found
[0.839s] -- Performing Test CMAKE_HAVE_LIBC_PTHREAD
[0.887s] -- Performing Test CMAKE_HAVE_LIBC_PTHREAD - Failed
[0.887s] -- Looking for pthread_create in pthreads
[0.929s] -- Looking for pthread_create in pthreads - not found
[0.929s] -- Looking for pthread_create in pthread
[0.975s] -- Looking for pthread_create in pthread - found
[0.976s] -- Found Threads: TRUE  
[1.082s] -- Found sensor_msgs: 2.0.5 (/opt/ros/foxy/share/sensor_msgs/cmake)
[1.171s] -- Found rosidl_default_generators: 1.0.1 (/opt/ros/foxy/share/rosidl_default_generators/cmake)
[1.180s] -- Found ament_lint_auto: 0.9.8 (/opt/ros/foxy/share/ament_lint_auto/cmake)
[1.248s] -- Found PythonInterp: /usr/bin/python3 (found version "3.8.10") 
[1.372s] -- Found ament_cmake_ros: 0.9.2 (/opt/ros/foxy/share/ament_cmake_ros/cmake)
[1.590s] -- Using all available rosidl_typesupport_c: rosidl_typesupport_fastrtps_c;rosidl_typesupport_introspection_c
[1.706s] -- Using all available rosidl_typesupport_cpp: rosidl_typesupport_fastrtps_cpp;rosidl_typesupport_introspection_cpp
[1.726s] -- Found PythonInterp: /usr/bin/python3 (found suitable version "3.8.10", minimum required is "3.5") 
[1.728s] -- Found python_cmake_module: 0.8.1 (/opt/ros/foxy/share/python_cmake_module/cmake)
[1.749s] -- Found PythonLibs: /usr/lib/x86_64-linux-gnu/libpython3.8.so (found suitable version "3.8.10", minimum required is "3.5") 
[1.749s] -- Using PYTHON_EXECUTABLE: /usr/bin/python3
[1.749s] -- Using PYTHON_INCLUDE_DIRS: /usr/include/python3.8
[1.749s] -- Using PYTHON_LIBRARIES: /usr/lib/x86_64-linux-gnu/libpython3.8.so
[1.764s] -- Found PythonExtra: .so  
[1.834s] -- Added test 'copyright' to check source files copyright and LICENSE
[1.835s] -- Added test 'lint_cmake' to check CMake code style
[1.836s] -- Added test 'xmllint' to check XML markup files
[1.842s] -- Configuring done
[1.897s] -- Generating done
[1.899s] -- Build files have been written to: /home/weiwei/Desktop/project/path_planner/build/interface
[1.909s] Invoked command in '/home/weiwei/Desktop/project/path_planner/build/interface' returned '0': CMAKE_PREFIX_PATH=/opt/ros/foxy /usr/bin/cmake /home/weiwei/Desktop/project/path_planner/src/interface -DCMAKE_INSTALL_PREFIX=/home/weiwei/Desktop/project/path_planner/install/interface
[1.911s] Invoking command in '/home/weiwei/Desktop/project/path_planner/build/interface': CMAKE_PREFIX_PATH=/opt/ros/foxy /usr/bin/cmake --build /home/weiwei/Desktop/project/path_planner/build/interface -- -j16 -l16
[1.942s] [  1%] [34m[1mGenerating C code for ROS interfaces[0m
[1.942s] [35m[1mScanning dependencies of target interface__cpp[0m
[1.950s] [  2%] [34m[1mGenerating C++ code for ROS interfaces[0m
[2.387s] [35m[1mScanning dependencies of target interface__rosidl_generator_c[0m
[2.394s] [  2%] Built target interface__cpp
[2.400s] [  4%] [32mBuilding C object CMakeFiles/interface__rosidl_generator_c.dir/rosidl_generator_c/interface/srv/detail/cdcr_state__functions.c.o[0m
[2.400s] [  5%] [32mBuilding C object CMakeFiles/interface__rosidl_generator_c.dir/rosidl_generator_c/interface/msg/detail/get_pathpoints__functions.c.o[0m
[2.400s] [  7%] [32mBuilding C object CMakeFiles/interface__rosidl_generator_c.dir/rosidl_generator_c/interface/srv/detail/connect_flag__functions.c.o[0m
[2.401s] [  8%] [32mBuilding C object CMakeFiles/interface__rosidl_generator_c.dir/rosidl_generator_c/interface/srv/detail/path_plan__functions.c.o[0m
[2.401s] [  9%] [32mBuilding C object CMakeFiles/interface__rosidl_generator_c.dir/rosidl_generator_c/interface/srv/detail/flag_points__functions.c.o[0m
[2.402s] [ 11%] [32mBuilding C object CMakeFiles/interface__rosidl_generator_c.dir/rosidl_generator_c/interface/msg/detail/move_motor__functions.c.o[0m
[2.404s] [ 12%] [34m[1mGenerating C++ introspection for ROS interfaces[0m
[2.405s] [ 14%] [34m[1mGenerating C++ type support for eProsima Fast-RTPS[0m
[2.405s] [ 15%] [34m[1mGenerating C++ type support dispatch for ROS interfaces[0m
[2.462s] [ 16%] [32m[1mLinking C shared library libinterface__rosidl_generator_c.so[0m
[2.504s] [ 16%] Built target interface__rosidl_generator_c
[2.514s] [ 19%] [34m[1mGenerating C type support dispatch for ROS interfaces[0m
[2.514s] [ 19%] [34m[1mGenerating C introspection for ROS interfaces[0m
[2.691s] [35m[1mScanning dependencies of target interface__rosidl_typesupport_cpp[0m
[2.703s] [ 21%] [32mBuilding CXX object CMakeFiles/interface__rosidl_typesupport_cpp.dir/rosidl_typesupport_cpp/interface/srv/path_plan__type_support.cpp.o[0m
[2.704s] [ 22%] [32mBuilding CXX object CMakeFiles/interface__rosidl_typesupport_cpp.dir/rosidl_typesupport_cpp/interface/srv/connect_flag__type_support.cpp.o[0m
[2.705s] [ 23%] [32mBuilding CXX object CMakeFiles/interface__rosidl_typesupport_cpp.dir/rosidl_typesupport_cpp/interface/srv/cdcr_state__type_support.cpp.o[0m
[2.705s] [ 25%] [32mBuilding CXX object CMakeFiles/interface__rosidl_typesupport_cpp.dir/rosidl_typesupport_cpp/interface/srv/flag_points__type_support.cpp.o[0m
[2.705s] [ 26%] [32mBuilding CXX object CMakeFiles/interface__rosidl_typesupport_cpp.dir/rosidl_typesupport_cpp/interface/msg/get_pathpoints__type_support.cpp.o[0m
[2.706s] [ 28%] [32mBuilding CXX object CMakeFiles/interface__rosidl_typesupport_cpp.dir/rosidl_typesupport_cpp/interface/msg/move_motor__type_support.cpp.o[0m
[2.774s] [35m[1mScanning dependencies of target interface__rosidl_typesupport_introspection_cpp[0m
[2.796s] [ 33%] [32mBuilding CXX object CMakeFiles/interface__rosidl_typesupport_introspection_cpp.dir/rosidl_typesupport_introspection_cpp/interface/srv/detail/connect_flag__type_support.cpp.o[0m
[2.796s] [ 33%] [32mBuilding CXX object CMakeFiles/interface__rosidl_typesupport_introspection_cpp.dir/rosidl_typesupport_introspection_cpp/interface/srv/detail/cdcr_state__type_support.cpp.o[0m
[2.796s] [ 33%] [32mBuilding CXX object CMakeFiles/interface__rosidl_typesupport_introspection_cpp.dir/rosidl_typesupport_introspection_cpp/interface/srv/detail/flag_points__type_support.cpp.o[0m
[2.796s] [ 33%] [32mBuilding CXX object CMakeFiles/interface__rosidl_typesupport_introspection_cpp.dir/rosidl_typesupport_introspection_cpp/interface/srv/detail/path_plan__type_support.cpp.o[0m
[2.805s] [ 35%] [32mBuilding CXX object CMakeFiles/interface__rosidl_typesupport_introspection_cpp.dir/rosidl_typesupport_introspection_cpp/interface/msg/detail/get_pathpoints__type_support.cpp.o[0m
[2.817s] [ 36%] [32mBuilding CXX object CMakeFiles/interface__rosidl_typesupport_introspection_cpp.dir/rosidl_typesupport_introspection_cpp/interface/msg/detail/move_motor__type_support.cpp.o[0m
[2.953s] [35m[1mScanning dependencies of target interface__rosidl_typesupport_c[0m
[2.967s] [35m[1mScanning dependencies of target interface__rosidl_typesupport_fastrtps_cpp[0m
[3.020s] [35m[1mScanning dependencies of target interface__rosidl_typesupport_introspection_c[0m
[3.088s] [ 38%] [32mBuilding CXX object CMakeFiles/interface__rosidl_typesupport_c.dir/rosidl_typesupport_c/interface/srv/cdcr_state__type_support.cpp.o[0m
[3.088s] [ 39%] [32mBuilding CXX object CMakeFiles/interface__rosidl_typesupport_c.dir/rosidl_typesupport_c/interface/srv/path_plan__type_support.cpp.o[0m
[3.088s] [ 40%] [32mBuilding CXX object CMakeFiles/interface__rosidl_typesupport_c.dir/rosidl_typesupport_c/interface/msg/move_motor__type_support.cpp.o[0m
[3.089s] [ 42%] [32mBuilding CXX object CMakeFiles/interface__rosidl_typesupport_c.dir/rosidl_typesupport_c/interface/srv/connect_flag__type_support.cpp.o[0m
[3.089s] [ 43%] [32m[1mLinking CXX shared library libinterface__rosidl_typesupport_cpp.so[0m
[3.089s] [ 45%] [32mBuilding CXX object CMakeFiles/interface__rosidl_typesupport_c.dir/rosidl_typesupport_c/interface/msg/get_pathpoints__type_support.cpp.o[0m
[3.090s] [ 46%] [32mBuilding CXX object CMakeFiles/interface__rosidl_typesupport_c.dir/rosidl_typesupport_c/interface/srv/flag_points__type_support.cpp.o[0m
[3.199s] [ 46%] Built target interface__rosidl_typesupport_cpp
[3.209s] [ 47%] [32m[1mLinking CXX shared library libinterface__rosidl_typesupport_c.so[0m
[3.213s] [ 49%] [32mBuilding C object CMakeFiles/interface__rosidl_typesupport_introspection_c.dir/rosidl_typesupport_introspection_c/interface/srv/detail/cdcr_state__type_support.c.o[0m
[3.213s] [ 52%] [32mBuilding C object CMakeFiles/interface__rosidl_typesupport_introspection_c.dir/rosidl_typesupport_introspection_c/interface/srv/detail/flag_points__type_support.c.o[0m
[3.213s] [ 52%] [32mBuilding C object CMakeFiles/interface__rosidl_typesupport_introspection_c.dir/rosidl_typesupport_introspection_c/interface/srv/detail/connect_flag__type_support.c.o[0m
[3.213s] [ 53%] [32mBuilding C object CMakeFiles/interface__rosidl_typesupport_introspection_c.dir/rosidl_typesupport_introspection_c/interface/msg/detail/move_motor__type_support.c.o[0m
[3.213s] [ 54%] [32mBuilding C object CMakeFiles/interface__rosidl_typesupport_introspection_c.dir/rosidl_typesupport_introspection_c/interface/srv/detail/path_plan__type_support.c.o[0m
[3.213s] [ 56%] [32mBuilding C object CMakeFiles/interface__rosidl_typesupport_introspection_c.dir/rosidl_typesupport_introspection_c/interface/msg/detail/get_pathpoints__type_support.c.o[0m
[3.217s] [ 57%] [32m[1mLinking CXX shared library libinterface__rosidl_typesupport_introspection_cpp.so[0m
[3.220s] [ 59%] [32mBuilding CXX object CMakeFiles/interface__rosidl_typesupport_fastrtps_cpp.dir/rosidl_typesupport_fastrtps_cpp/interface/srv/detail/dds_fastrtps/cdcr_state__type_support.cpp.o[0m
[3.220s] [ 60%] [32mBuilding CXX object CMakeFiles/interface__rosidl_typesupport_fastrtps_cpp.dir/rosidl_typesupport_fastrtps_cpp/interface/msg/detail/dds_fastrtps/get_pathpoints__type_support.cpp.o[0m
[3.220s] [ 61%] [32mBuilding CXX object CMakeFiles/interface__rosidl_typesupport_fastrtps_cpp.dir/rosidl_typesupport_fastrtps_cpp/interface/srv/detail/dds_fastrtps/connect_flag__type_support.cpp.o[0m
[3.220s] [ 64%] [32mBuilding CXX object CMakeFiles/interface__rosidl_typesupport_fastrtps_cpp.dir/rosidl_typesupport_fastrtps_cpp/interface/srv/detail/dds_fastrtps/path_plan__type_support.cpp.o[0m
[3.220s] [ 64%] [32mBuilding CXX object CMakeFiles/interface__rosidl_typesupport_fastrtps_cpp.dir/rosidl_typesupport_fastrtps_cpp/interface/srv/detail/dds_fastrtps/flag_points__type_support.cpp.o[0m
[3.231s] [ 66%] [32mBuilding CXX object CMakeFiles/interface__rosidl_typesupport_fastrtps_cpp.dir/rosidl_typesupport_fastrtps_cpp/interface/msg/detail/dds_fastrtps/move_motor__type_support.cpp.o[0m
[3.256s] [ 67%] [32m[1mLinking C shared library libinterface__rosidl_typesupport_introspection_c.so[0m
[3.258s] [ 67%] Built target interface__rosidl_typesupport_c
[3.286s] [ 67%] Built target interface__rosidl_typesupport_introspection_c
[3.312s] [ 67%] Built target interface__rosidl_typesupport_introspection_cpp
[3.614s] [ 69%] [32m[1mLinking CXX shared library libinterface__rosidl_typesupport_fastrtps_cpp.so[0m
[3.678s] [ 69%] Built target interface__rosidl_typesupport_fastrtps_cpp
[3.685s] [ 70%] [34m[1mGenerating C type support for eProsima Fast-RTPS[0m
[4.042s] [35m[1mScanning dependencies of target interface__rosidl_typesupport_fastrtps_c[0m
[4.060s] [ 73%] [32mBuilding CXX object CMakeFiles/interface__rosidl_typesupport_fastrtps_c.dir/rosidl_typesupport_fastrtps_c/interface/srv/detail/cdcr_state__type_support_c.cpp.o[0m
[4.060s] [ 73%] [32mBuilding CXX object CMakeFiles/interface__rosidl_typesupport_fastrtps_c.dir/rosidl_typesupport_fastrtps_c/interface/msg/detail/get_pathpoints__type_support_c.cpp.o[0m
[4.061s] [ 74%] [32mBuilding CXX object CMakeFiles/interface__rosidl_typesupport_fastrtps_c.dir/rosidl_typesupport_fastrtps_c/interface/srv/detail/path_plan__type_support_c.cpp.o[0m
[4.061s] [ 76%] [32mBuilding CXX object CMakeFiles/interface__rosidl_typesupport_fastrtps_c.dir/rosidl_typesupport_fastrtps_c/interface/srv/detail/flag_points__type_support_c.cpp.o[0m
[4.061s] [ 77%] [32mBuilding CXX object CMakeFiles/interface__rosidl_typesupport_fastrtps_c.dir/rosidl_typesupport_fastrtps_c/interface/srv/detail/connect_flag__type_support_c.cpp.o[0m
[4.061s] [ 78%] [32mBuilding CXX object CMakeFiles/interface__rosidl_typesupport_fastrtps_c.dir/rosidl_typesupport_fastrtps_c/interface/msg/detail/move_motor__type_support_c.cpp.o[0m
[4.331s] [ 80%] [32m[1mLinking CXX shared library libinterface__rosidl_typesupport_fastrtps_c.so[0m
[4.393s] [ 80%] Built target interface__rosidl_typesupport_fastrtps_c
[4.400s] [35m[1mScanning dependencies of target interface[0m
[4.407s] [ 80%] Built target interface
[4.415s] [35m[1mScanning dependencies of target interface__py[0m
[4.423s] [ 81%] [34m[1mGenerating Python code for ROS interfaces[0m
[5.274s] [ 81%] Built target interface__py
[5.281s] [35m[1mScanning dependencies of target interface__python[0m
[5.301s] [ 84%] [32mBuilding C object CMakeFiles/interface__python.dir/rosidl_generator_py/interface/srv/_path_plan_s.c.o[0m
[5.301s] [ 84%] [32mBuilding C object CMakeFiles/interface__python.dir/rosidl_generator_py/interface/srv/_connect_flag_s.c.o[0m
[5.301s] [ 85%] [32mBuilding C object CMakeFiles/interface__python.dir/rosidl_generator_py/interface/msg/_get_pathpoints_s.c.o[0m
[5.302s] [ 87%] [32mBuilding C object CMakeFiles/interface__python.dir/rosidl_generator_py/interface/srv/_cdcr_state_s.c.o[0m
[5.302s] [ 88%] [32mBuilding C object CMakeFiles/interface__python.dir/rosidl_generator_py/interface/srv/_flag_points_s.c.o[0m
[5.303s] [ 90%] [32mBuilding C object CMakeFiles/interface__python.dir/rosidl_generator_py/interface/msg/_move_motor_s.c.o[0m
[5.395s] [ 91%] [32m[1mLinking C shared library rosidl_generator_py/interface/libinterface__python.so[0m
[5.430s] [ 91%] Built target interface__python
[5.437s] [35m[1mScanning dependencies of target interface__rosidl_typesupport_c__pyext[0m
[5.437s] [35m[1mScanning dependencies of target interface__rosidl_typesupport_introspection_c__pyext[0m
[5.437s] [35m[1mScanning dependencies of target interface__rosidl_typesupport_fastrtps_c__pyext[0m
[5.449s] [ 92%] [32mBuilding C object CMakeFiles/interface__rosidl_typesupport_introspection_c__pyext.dir/rosidl_generator_py/interface/_interface_s.ep.rosidl_typesupport_introspection_c.c.o[0m
[5.451s] [ 94%] [32mBuilding C object CMakeFiles/interface__rosidl_typesupport_fastrtps_c__pyext.dir/rosidl_generator_py/interface/_interface_s.ep.rosidl_typesupport_fastrtps_c.c.o[0m
[5.451s] [ 95%] [32mBuilding C object CMakeFiles/interface__rosidl_typesupport_c__pyext.dir/rosidl_generator_py/interface/_interface_s.ep.rosidl_typesupport_c.c.o[0m
[5.530s] [ 97%] [32m[1mLinking C shared library rosidl_generator_py/interface/interface_s__rosidl_typesupport_c.cpython-38-x86_64-linux-gnu.so[0m
[5.531s] [ 98%] [32m[1mLinking C shared library rosidl_generator_py/interface/interface_s__rosidl_typesupport_introspection_c.cpython-38-x86_64-linux-gnu.so[0m
[5.560s] [100%] [32m[1mLinking CXX shared library rosidl_generator_py/interface/interface_s__rosidl_typesupport_fastrtps_c.cpython-38-x86_64-linux-gnu.so[0m
[5.560s] [100%] Built target interface__rosidl_typesupport_c__pyext
[5.560s] [100%] Built target interface__rosidl_typesupport_introspection_c__pyext
[5.609s] [100%] Built target interface__rosidl_typesupport_fastrtps_c__pyext
[5.618s] Invoked command in '/home/weiwei/Desktop/project/path_planner/build/interface' returned '0': CMAKE_PREFIX_PATH=/opt/ros/foxy /usr/bin/cmake --build /home/weiwei/Desktop/project/path_planner/build/interface -- -j16 -l16
[5.700s] Invoking command in '/home/weiwei/Desktop/project/path_planner/build/interface': CMAKE_PREFIX_PATH=/opt/ros/foxy /usr/bin/cmake --install /home/weiwei/Desktop/project/path_planner/build/interface
[5.706s] -- Install configuration: ""
[5.706s] -- Installing: /home/weiwei/Desktop/project/path_planner/install/interface/share/ament_index/resource_index/rosidl_interfaces/interface
[5.706s] -- Installing: /home/weiwei/Desktop/project/path_planner/install/interface/include/interface
[5.706s] -- Installing: /home/weiwei/Desktop/project/path_planner/install/interface/include/interface/srv
[5.706s] -- Installing: /home/weiwei/Desktop/project/path_planner/install/interface/include/interface/srv/cdcr_state.h
[5.706s] -- Installing: /home/weiwei/Desktop/project/path_planner/install/interface/include/interface/srv/connect_flag.h
[5.706s] -- Installing: /home/weiwei/Desktop/project/path_planner/install/interface/include/interface/srv/detail
[5.706s] -- Installing: /home/weiwei/Desktop/project/path_planner/install/interface/include/interface/srv/detail/cdcr_state__functions.h
[5.706s] -- Installing: /home/weiwei/Desktop/project/path_planner/install/interface/include/interface/srv/detail/cdcr_state__type_support.h
[5.706s] -- Installing: /home/weiwei/Desktop/project/path_planner/install/interface/include/interface/srv/detail/flag_points__type_support.h
[5.706s] -- Installing: /home/weiwei/Desktop/project/path_planner/install/interface/include/interface/srv/detail/flag_points__struct.h
[5.706s] -- Installing: /home/weiwei/Desktop/project/path_planner/install/interface/include/interface/srv/detail/path_plan__functions.h
[5.706s] -- Installing: /home/weiwei/Desktop/project/path_planner/install/interface/include/interface/srv/detail/connect_flag__functions.h
[5.706s] -- Installing: /home/weiwei/Desktop/project/path_planner/install/interface/include/interface/srv/detail/connect_flag__functions.c
[5.706s] -- Installing: /home/weiwei/Desktop/project/path_planner/install/interface/include/interface/srv/detail/flag_points__functions.h
[5.706s] -- Installing: /home/weiwei/Desktop/project/path_planner/install/interface/include/interface/srv/detail/connect_flag__type_support.h
[5.707s] -- Installing: /home/weiwei/Desktop/project/path_planner/install/interface/include/interface/srv/detail/path_plan__type_support.h
[5.707s] -- Installing: /home/weiwei/Desktop/project/path_planner/install/interface/include/interface/srv/detail/cdcr_state__struct.h
[5.707s] -- Installing: /home/weiwei/Desktop/project/path_planner/install/interface/include/interface/srv/detail/connect_flag__struct.h
[5.707s] -- Installing: /home/weiwei/Desktop/project/path_planner/install/interface/include/interface/srv/detail/path_plan__functions.c
[5.707s] -- Installing: /home/weiwei/Desktop/project/path_planner/install/interface/include/interface/srv/detail/cdcr_state__functions.c
[5.707s] -- Installing: /home/weiwei/Desktop/project/path_planner/install/interface/include/interface/srv/detail/path_plan__struct.h
[5.707s] -- Installing: /home/weiwei/Desktop/project/path_planner/install/interface/include/interface/srv/detail/flag_points__functions.c
[5.707s] -- Installing: /home/weiwei/Desktop/project/path_planner/install/interface/include/interface/srv/path_plan.h
[5.707s] -- Installing: /home/weiwei/Desktop/project/path_planner/install/interface/include/interface/srv/flag_points.h
[5.707s] -- Installing: /home/weiwei/Desktop/project/path_planner/install/interface/include/interface/msg
[5.707s] -- Installing: /home/weiwei/Desktop/project/path_planner/install/interface/include/interface/msg/get_pathpoints.h
[5.707s] -- Installing: /home/weiwei/Desktop/project/path_planner/install/interface/include/interface/msg/detail
[5.707s] -- Installing: /home/weiwei/Desktop/project/path_planner/install/interface/include/interface/msg/detail/get_pathpoints__struct.h
[5.707s] -- Installing: /home/weiwei/Desktop/project/path_planner/install/interface/include/interface/msg/detail/move_motor__functions.h
[5.707s] -- Installing: /home/weiwei/Desktop/project/path_planner/install/interface/include/interface/msg/detail/move_motor__struct.h
[5.707s] -- Installing: /home/weiwei/Desktop/project/path_planner/install/interface/include/interface/msg/detail/move_motor__functions.c
[5.707s] -- Installing: /home/weiwei/Desktop/project/path_planner/install/interface/include/interface/msg/detail/get_pathpoints__functions.h
[5.707s] -- Installing: /home/weiwei/Desktop/project/path_planner/install/interface/include/interface/msg/detail/move_motor__type_support.h
[5.707s] -- Installing: /home/weiwei/Desktop/project/path_planner/install/interface/include/interface/msg/detail/get_pathpoints__type_support.h
[5.708s] -- Installing: /home/weiwei/Desktop/project/path_planner/install/interface/include/interface/msg/detail/get_pathpoints__functions.c
[5.708s] -- Installing: /home/weiwei/Desktop/project/path_planner/install/interface/include/interface/msg/rosidl_generator_c__visibility_control.h
[5.708s] -- Installing: /home/weiwei/Desktop/project/path_planner/install/interface/include/interface/msg/move_motor.h
[5.708s] -- Installing: /home/weiwei/Desktop/project/path_planner/install/interface/share/interface/environment/library_path.sh
[5.708s] -- Installing: /home/weiwei/Desktop/project/path_planner/install/interface/share/interface/environment/library_path.dsv
[5.708s] -- Installing: /home/weiwei/Desktop/project/path_planner/install/interface/lib/libinterface__rosidl_generator_c.so
[5.708s] -- Set runtime path of "/home/weiwei/Desktop/project/path_planner/install/interface/lib/libinterface__rosidl_generator_c.so" to ""
[5.708s] -- Up-to-date: /home/weiwei/Desktop/project/path_planner/install/interface/include/interface
[5.708s] -- Up-to-date: /home/weiwei/Desktop/project/path_planner/install/interface/include/interface/srv
[5.708s] -- Up-to-date: /home/weiwei/Desktop/project/path_planner/install/interface/include/interface/srv/detail
[5.708s] -- Installing: /home/weiwei/Desktop/project/path_planner/install/interface/include/interface/srv/detail/connect_flag__rosidl_typesupport_fastrtps_c.h
[5.708s] -- Installing: /home/weiwei/Desktop/project/path_planner/install/interface/include/interface/srv/detail/cdcr_state__rosidl_typesupport_fastrtps_c.h
[5.708s] -- Installing: /home/weiwei/Desktop/project/path_planner/install/interface/include/interface/srv/detail/path_plan__rosidl_typesupport_fastrtps_c.h
[5.708s] -- Installing: /home/weiwei/Desktop/project/path_planner/install/interface/include/interface/srv/detail/flag_points__rosidl_typesupport_fastrtps_c.h
[5.708s] -- Up-to-date: /home/weiwei/Desktop/project/path_planner/install/interface/include/interface/msg
[5.708s] -- Up-to-date: /home/weiwei/Desktop/project/path_planner/install/interface/include/interface/msg/detail
[5.708s] -- Installing: /home/weiwei/Desktop/project/path_planner/install/interface/include/interface/msg/detail/move_motor__rosidl_typesupport_fastrtps_c.h
[5.708s] -- Installing: /home/weiwei/Desktop/project/path_planner/install/interface/include/interface/msg/detail/get_pathpoints__rosidl_typesupport_fastrtps_c.h
[5.708s] -- Installing: /home/weiwei/Desktop/project/path_planner/install/interface/include/interface/msg/rosidl_typesupport_fastrtps_c__visibility_control.h
[5.709s] -- Installing: /home/weiwei/Desktop/project/path_planner/install/interface/lib/libinterface__rosidl_typesupport_fastrtps_c.so
[5.709s] -- Set runtime path of "/home/weiwei/Desktop/project/path_planner/install/interface/lib/libinterface__rosidl_typesupport_fastrtps_c.so" to ""
[5.709s] -- Up-to-date: /home/weiwei/Desktop/project/path_planner/install/interface/include/interface
[5.709s] -- Up-to-date: /home/weiwei/Desktop/project/path_planner/install/interface/include/interface/srv
[5.709s] -- Up-to-date: /home/weiwei/Desktop/project/path_planner/install/interface/include/interface/srv/detail
[5.709s] -- Installing: /home/weiwei/Desktop/project/path_planner/install/interface/include/interface/srv/detail/cdcr_state__rosidl_typesupport_fastrtps_cpp.hpp
[5.709s] -- Installing: /home/weiwei/Desktop/project/path_planner/install/interface/include/interface/srv/detail/connect_flag__rosidl_typesupport_fastrtps_cpp.hpp
[5.709s] -- Installing: /home/weiwei/Desktop/project/path_planner/install/interface/include/interface/srv/detail/path_plan__rosidl_typesupport_fastrtps_cpp.hpp
[5.709s] -- Installing: /home/weiwei/Desktop/project/path_planner/install/interface/include/interface/srv/detail/dds_fastrtps
[5.709s] -- Installing: /home/weiwei/Desktop/project/path_planner/install/interface/include/interface/srv/detail/flag_points__rosidl_typesupport_fastrtps_cpp.hpp
[5.709s] -- Up-to-date: /home/weiwei/Desktop/project/path_planner/install/interface/include/interface/msg
[5.709s] -- Up-to-date: /home/weiwei/Desktop/project/path_planner/install/interface/include/interface/msg/detail
[5.709s] -- Installing: /home/weiwei/Desktop/project/path_planner/install/interface/include/interface/msg/detail/move_motor__rosidl_typesupport_fastrtps_cpp.hpp
[5.709s] -- Installing: /home/weiwei/Desktop/project/path_planner/install/interface/include/interface/msg/detail/dds_fastrtps
[5.709s] -- Installing: /home/weiwei/Desktop/project/path_planner/install/interface/include/interface/msg/detail/get_pathpoints__rosidl_typesupport_fastrtps_cpp.hpp
[5.709s] -- Installing: /home/weiwei/Desktop/project/path_planner/install/interface/include/interface/msg/rosidl_typesupport_fastrtps_cpp__visibility_control.h
[5.709s] -- Installing: /home/weiwei/Desktop/project/path_planner/install/interface/lib/libinterface__rosidl_typesupport_fastrtps_cpp.so
[5.709s] -- Set runtime path of "/home/weiwei/Desktop/project/path_planner/install/interface/lib/libinterface__rosidl_typesupport_fastrtps_cpp.so" to ""
[5.710s] -- Up-to-date: /home/weiwei/Desktop/project/path_planner/install/interface/include/interface
[5.710s] -- Up-to-date: /home/weiwei/Desktop/project/path_planner/install/interface/include/interface/srv
[5.710s] -- Up-to-date: /home/weiwei/Desktop/project/path_planner/install/interface/include/interface/srv/detail
[5.710s] -- Installing: /home/weiwei/Desktop/project/path_planner/install/interface/include/interface/srv/detail/path_plan__rosidl_typesupport_introspection_c.h
[5.710s] -- Installing: /home/weiwei/Desktop/project/path_planner/install/interface/include/interface/srv/detail/flag_points__rosidl_typesupport_introspection_c.h
[5.710s] -- Installing: /home/weiwei/Desktop/project/path_planner/install/interface/include/interface/srv/detail/connect_flag__type_support.c
[5.710s] -- Installing: /home/weiwei/Desktop/project/path_planner/install/interface/include/interface/srv/detail/cdcr_state__rosidl_typesupport_introspection_c.h
[5.710s] -- Installing: /home/weiwei/Desktop/project/path_planner/install/interface/include/interface/srv/detail/path_plan__type_support.c
[5.710s] -- Installing: /home/weiwei/Desktop/project/path_planner/install/interface/include/interface/srv/detail/connect_flag__rosidl_typesupport_introspection_c.h
[5.710s] -- Installing: /home/weiwei/Desktop/project/path_planner/install/interface/include/interface/srv/detail/cdcr_state__type_support.c
[5.710s] -- Installing: /home/weiwei/Desktop/project/path_planner/install/interface/include/interface/srv/detail/flag_points__type_support.c
[5.710s] -- Up-to-date: /home/weiwei/Desktop/project/path_planner/install/interface/include/interface/msg
[5.710s] -- Up-to-date: /home/weiwei/Desktop/project/path_planner/install/interface/include/interface/msg/detail
[5.710s] -- Installing: /home/weiwei/Desktop/project/path_planner/install/interface/include/interface/msg/detail/move_motor__type_support.c
[5.710s] -- Installing: /home/weiwei/Desktop/project/path_planner/install/interface/include/interface/msg/detail/move_motor__rosidl_typesupport_introspection_c.h
[5.710s] -- Installing: /home/weiwei/Desktop/project/path_planner/install/interface/include/interface/msg/detail/get_pathpoints__rosidl_typesupport_introspection_c.h
[5.711s] -- Installing: /home/weiwei/Desktop/project/path_planner/install/interface/include/interface/msg/detail/get_pathpoints__type_support.c
[5.711s] -- Installing: /home/weiwei/Desktop/project/path_planner/install/interface/include/interface/msg/rosidl_typesupport_introspection_c__visibility_control.h
[5.711s] -- Installing: /home/weiwei/Desktop/project/path_planner/install/interface/lib/libinterface__rosidl_typesupport_introspection_c.so
[5.711s] -- Set runtime path of "/home/weiwei/Desktop/project/path_planner/install/interface/lib/libinterface__rosidl_typesupport_introspection_c.so" to ""
[5.711s] -- Installing: /home/weiwei/Desktop/project/path_planner/install/interface/lib/libinterface__rosidl_typesupport_c.so
[5.711s] -- Set runtime path of "/home/weiwei/Desktop/project/path_planner/install/interface/lib/libinterface__rosidl_typesupport_c.so" to ""
[5.711s] -- Up-to-date: /home/weiwei/Desktop/project/path_planner/install/interface/include/interface
[5.711s] -- Up-to-date: /home/weiwei/Desktop/project/path_planner/install/interface/include/interface/srv
[5.711s] -- Installing: /home/weiwei/Desktop/project/path_planner/install/interface/include/interface/srv/cdcr_state.hpp
[5.711s] -- Up-to-date: /home/weiwei/Desktop/project/path_planner/install/interface/include/interface/srv/detail
[5.711s] -- Installing: /home/weiwei/Desktop/project/path_planner/install/interface/include/interface/srv/detail/path_plan__builder.hpp
[5.712s] -- Installing: /home/weiwei/Desktop/project/path_planner/install/interface/include/interface/srv/detail/path_plan__struct.hpp
[5.712s] -- Installing: /home/weiwei/Desktop/project/path_planner/install/interface/include/interface/srv/detail/flag_points__traits.hpp
[5.712s] -- Installing: /home/weiwei/Desktop/project/path_planner/install/interface/include/interface/srv/detail/connect_flag__struct.hpp
[5.712s] -- Installing: /home/weiwei/Desktop/project/path_planner/install/interface/include/interface/srv/detail/path_plan__type_support.hpp
[5.712s] -- Installing: /home/weiwei/Desktop/project/path_planner/install/interface/include/interface/srv/detail/connect_flag__traits.hpp
[5.712s] -- Installing: /home/weiwei/Desktop/project/path_planner/install/interface/include/interface/srv/detail/flag_points__type_support.hpp
[5.712s] -- Installing: /home/weiwei/Desktop/project/path_planner/install/interface/include/interface/srv/detail/path_plan__traits.hpp
[5.712s] -- Installing: /home/weiwei/Desktop/project/path_planner/install/interface/include/interface/srv/detail/cdcr_state__type_support.hpp
[5.712s] -- Installing: /home/weiwei/Desktop/project/path_planner/install/interface/include/interface/srv/detail/cdcr_state__struct.hpp
[5.712s] -- Installing: /home/weiwei/Desktop/project/path_planner/install/interface/include/interface/srv/detail/flag_points__struct.hpp
[5.712s] -- Installing: /home/weiwei/Desktop/project/path_planner/install/interface/include/interface/srv/detail/connect_flag__builder.hpp
[5.712s] -- Installing: /home/weiwei/Desktop/project/path_planner/install/interface/include/interface/srv/detail/cdcr_state__builder.hpp
[5.712s] -- Installing: /home/weiwei/Desktop/project/path_planner/install/interface/include/interface/srv/detail/cdcr_state__traits.hpp
[5.712s] -- Installing: /home/weiwei/Desktop/project/path_planner/install/interface/include/interface/srv/detail/flag_points__builder.hpp
[5.712s] -- Installing: /home/weiwei/Desktop/project/path_planner/install/interface/include/interface/srv/detail/connect_flag__type_support.hpp
[5.712s] -- Installing: /home/weiwei/Desktop/project/path_planner/install/interface/include/interface/srv/flag_points.hpp
[5.712s] -- Installing: /home/weiwei/Desktop/project/path_planner/install/interface/include/interface/srv/path_plan.hpp
[5.712s] -- Installing: /home/weiwei/Desktop/project/path_planner/install/interface/include/interface/srv/connect_flag.hpp
[5.712s] -- Up-to-date: /home/weiwei/Desktop/project/path_planner/install/interface/include/interface/msg
[5.712s] -- Up-to-date: /home/weiwei/Desktop/project/path_planner/install/interface/include/interface/msg/detail
[5.713s] -- Installing: /home/weiwei/Desktop/project/path_planner/install/interface/include/interface/msg/detail/get_pathpoints__type_support.hpp
[5.713s] -- Installing: /home/weiwei/Desktop/project/path_planner/install/interface/include/interface/msg/detail/move_motor__struct.hpp
[5.713s] -- Installing: /home/weiwei/Desktop/project/path_planner/install/interface/include/interface/msg/detail/move_motor__type_support.hpp
[5.713s] -- Installing: /home/weiwei/Desktop/project/path_planner/install/interface/include/interface/msg/detail/get_pathpoints__traits.hpp
[5.713s] -- Installing: /home/weiwei/Desktop/project/path_planner/install/interface/include/interface/msg/detail/move_motor__builder.hpp
[5.713s] -- Installing: /home/weiwei/Desktop/project/path_planner/install/interface/include/interface/msg/detail/get_pathpoints__builder.hpp
[5.713s] -- Installing: /home/weiwei/Desktop/project/path_planner/install/interface/include/interface/msg/detail/move_motor__traits.hpp
[5.713s] -- Installing: /home/weiwei/Desktop/project/path_planner/install/interface/include/interface/msg/detail/get_pathpoints__struct.hpp
[5.713s] -- Installing: /home/weiwei/Desktop/project/path_planner/install/interface/include/interface/msg/get_pathpoints.hpp
[5.713s] -- Installing: /home/weiwei/Desktop/project/path_planner/install/interface/include/interface/msg/rosidl_generator_cpp__visibility_control.hpp
[5.713s] -- Installing: /home/weiwei/Desktop/project/path_planner/install/interface/include/interface/msg/move_motor.hpp
[5.713s] -- Up-to-date: /home/weiwei/Desktop/project/path_planner/install/interface/include/interface
[5.713s] -- Up-to-date: /home/weiwei/Desktop/project/path_planner/install/interface/include/interface/srv
[5.713s] -- Up-to-date: /home/weiwei/Desktop/project/path_planner/install/interface/include/interface/srv/detail
[5.713s] -- Installing: /home/weiwei/Desktop/project/path_planner/install/interface/include/interface/srv/detail/path_plan__rosidl_typesupport_introspection_cpp.hpp
[5.713s] -- Installing: /home/weiwei/Desktop/project/path_planner/install/interface/include/interface/srv/detail/cdcr_state__rosidl_typesupport_introspection_cpp.hpp
[5.713s] -- Installing: /home/weiwei/Desktop/project/path_planner/install/interface/include/interface/srv/detail/flag_points__rosidl_typesupport_introspection_cpp.hpp
[5.713s] -- Installing: /home/weiwei/Desktop/project/path_planner/install/interface/include/interface/srv/detail/connect_flag__rosidl_typesupport_introspection_cpp.hpp
[5.713s] -- Installing: /home/weiwei/Desktop/project/path_planner/install/interface/include/interface/srv/detail/connect_flag__type_support.cpp
[5.713s] -- Installing: /home/weiwei/Desktop/project/path_planner/install/interface/include/interface/srv/detail/path_plan__type_support.cpp
[5.714s] -- Installing: /home/weiwei/Desktop/project/path_planner/install/interface/include/interface/srv/detail/cdcr_state__type_support.cpp
[5.714s] -- Installing: /home/weiwei/Desktop/project/path_planner/install/interface/include/interface/srv/detail/flag_points__type_support.cpp
[5.714s] -- Up-to-date: /home/weiwei/Desktop/project/path_planner/install/interface/include/interface/msg
[5.714s] -- Up-to-date: /home/weiwei/Desktop/project/path_planner/install/interface/include/interface/msg/detail
[5.714s] -- Installing: /home/weiwei/Desktop/project/path_planner/install/interface/include/interface/msg/detail/move_motor__rosidl_typesupport_introspection_cpp.hpp
[5.714s] -- Installing: /home/weiwei/Desktop/project/path_planner/install/interface/include/interface/msg/detail/get_pathpoints__type_support.cpp
[5.714s] -- Installing: /home/weiwei/Desktop/project/path_planner/install/interface/include/interface/msg/detail/get_pathpoints__rosidl_typesupport_introspection_cpp.hpp
[5.714s] -- Installing: /home/weiwei/Desktop/project/path_planner/install/interface/include/interface/msg/detail/move_motor__type_support.cpp
[5.714s] -- Installing: /home/weiwei/Desktop/project/path_planner/install/interface/lib/libinterface__rosidl_typesupport_introspection_cpp.so
[5.714s] -- Set runtime path of "/home/weiwei/Desktop/project/path_planner/install/interface/lib/libinterface__rosidl_typesupport_introspection_cpp.so" to ""
[5.714s] -- Installing: /home/weiwei/Desktop/project/path_planner/install/interface/lib/libinterface__rosidl_typesupport_cpp.so
[5.715s] -- Set runtime path of "/home/weiwei/Desktop/project/path_planner/install/interface/lib/libinterface__rosidl_typesupport_cpp.so" to ""
[5.715s] -- Installing: /home/weiwei/Desktop/project/path_planner/install/interface/share/interface/environment/pythonpath.sh
[5.715s] -- Installing: /home/weiwei/Desktop/project/path_planner/install/interface/share/interface/environment/pythonpath.dsv
[5.715s] -- Installing: /home/weiwei/Desktop/project/path_planner/install/interface/lib/python3.8/site-packages/interface/__init__.py
[5.735s] Compiling '/home/weiwei/Desktop/project/path_planner/install/interface/lib/python3.8/site-packages/interface/__init__.py'...
[5.738s] -- Installing: /home/weiwei/Desktop/project/path_planner/install/interface/lib/python3.8/site-packages/interface/srv
[5.738s] -- Installing: /home/weiwei/Desktop/project/path_planner/install/interface/lib/python3.8/site-packages/interface/srv/_path_plan_s.c
[5.738s] -- Installing: /home/weiwei/Desktop/project/path_planner/install/interface/lib/python3.8/site-packages/interface/srv/_cdcr_state.py
[5.738s] -- Installing: /home/weiwei/Desktop/project/path_planner/install/interface/lib/python3.8/site-packages/interface/srv/_connect_flag_s.c
[5.738s] -- Installing: /home/weiwei/Desktop/project/path_planner/install/interface/lib/python3.8/site-packages/interface/srv/_flag_points_s.c
[5.738s] -- Installing: /home/weiwei/Desktop/project/path_planner/install/interface/lib/python3.8/site-packages/interface/srv/_flag_points.py
[5.738s] -- Installing: /home/weiwei/Desktop/project/path_planner/install/interface/lib/python3.8/site-packages/interface/srv/_connect_flag.py
[5.738s] -- Installing: /home/weiwei/Desktop/project/path_planner/install/interface/lib/python3.8/site-packages/interface/srv/_path_plan.py
[5.739s] -- Installing: /home/weiwei/Desktop/project/path_planner/install/interface/lib/python3.8/site-packages/interface/srv/_cdcr_state_s.c
[5.739s] -- Installing: /home/weiwei/Desktop/project/path_planner/install/interface/lib/python3.8/site-packages/interface/srv/__init__.py
[5.739s] -- Installing: /home/weiwei/Desktop/project/path_planner/install/interface/lib/python3.8/site-packages/interface/msg
[5.739s] -- Installing: /home/weiwei/Desktop/project/path_planner/install/interface/lib/python3.8/site-packages/interface/msg/_get_pathpoints.py
[5.739s] -- Installing: /home/weiwei/Desktop/project/path_planner/install/interface/lib/python3.8/site-packages/interface/msg/_get_pathpoints_s.c
[5.739s] -- Installing: /home/weiwei/Desktop/project/path_planner/install/interface/lib/python3.8/site-packages/interface/msg/_move_motor.py
[5.739s] -- Installing: /home/weiwei/Desktop/project/path_planner/install/interface/lib/python3.8/site-packages/interface/msg/_move_motor_s.c
[5.739s] -- Installing: /home/weiwei/Desktop/project/path_planner/install/interface/lib/python3.8/site-packages/interface/msg/__init__.py
[5.739s] -- Installing: /home/weiwei/Desktop/project/path_planner/install/interface/lib/python3.8/site-packages/interface/interface_s__rosidl_typesupport_fastrtps_c.cpython-38-x86_64-linux-gnu.so
[5.739s] -- Set runtime path of "/home/weiwei/Desktop/project/path_planner/install/interface/lib/python3.8/site-packages/interface/interface_s__rosidl_typesupport_fastrtps_c.cpython-38-x86_64-linux-gnu.so" to ""
[5.739s] -- Installing: /home/weiwei/Desktop/project/path_planner/install/interface/lib/python3.8/site-packages/interface/interface_s__rosidl_typesupport_introspection_c.cpython-38-x86_64-linux-gnu.so
[5.740s] -- Set runtime path of "/home/weiwei/Desktop/project/path_planner/install/interface/lib/python3.8/site-packages/interface/interface_s__rosidl_typesupport_introspection_c.cpython-38-x86_64-linux-gnu.so" to ""
[5.740s] -- Installing: /home/weiwei/Desktop/project/path_planner/install/interface/lib/python3.8/site-packages/interface/interface_s__rosidl_typesupport_c.cpython-38-x86_64-linux-gnu.so
[5.740s] -- Set runtime path of "/home/weiwei/Desktop/project/path_planner/install/interface/lib/python3.8/site-packages/interface/interface_s__rosidl_typesupport_c.cpython-38-x86_64-linux-gnu.so" to ""
[5.740s] -- Installing: /home/weiwei/Desktop/project/path_planner/install/interface/lib/libinterface__python.so
[5.740s] -- Set runtime path of "/home/weiwei/Desktop/project/path_planner/install/interface/lib/libinterface__python.so" to ""
[5.740s] -- Installing: /home/weiwei/Desktop/project/path_planner/install/interface/share/interface/srv/PathPlan.idl
[5.740s] -- Installing: /home/weiwei/Desktop/project/path_planner/install/interface/share/interface/srv/CdcrState.idl
[5.740s] -- Installing: /home/weiwei/Desktop/project/path_planner/install/interface/share/interface/srv/FlagPoints.idl
[5.741s] -- Installing: /home/weiwei/Desktop/project/path_planner/install/interface/share/interface/srv/ConnectFlag.idl
[5.741s] -- Installing: /home/weiwei/Desktop/project/path_planner/install/interface/share/interface/msg/GetPathpoints.idl
[5.741s] -- Installing: /home/weiwei/Desktop/project/path_planner/install/interface/share/interface/msg/MoveMotor.idl
[5.741s] -- Installing: /home/weiwei/Desktop/project/path_planner/install/interface/share/interface/srv/PathPlan.srv
[5.741s] -- Installing: /home/weiwei/Desktop/project/path_planner/install/interface/share/interface/srv/PathPlan_Request.msg
[5.741s] -- Installing: /home/weiwei/Desktop/project/path_planner/install/interface/share/interface/srv/PathPlan_Response.msg
[5.741s] -- Installing: /home/weiwei/Desktop/project/path_planner/install/interface/share/interface/srv/CdcrState.srv
[5.741s] -- Installing: /home/weiwei/Desktop/project/path_planner/install/interface/share/interface/srv/CdcrState_Request.msg
[5.741s] -- Installing: /home/weiwei/Desktop/project/path_planner/install/interface/share/interface/srv/CdcrState_Response.msg
[5.741s] -- Installing: /home/weiwei/Desktop/project/path_planner/install/interface/share/interface/srv/FlagPoints.srv
[5.741s] -- Installing: /home/weiwei/Desktop/project/path_planner/install/interface/share/interface/srv/FlagPoints_Request.msg
[5.741s] -- Installing: /home/weiwei/Desktop/project/path_planner/install/interface/share/interface/srv/FlagPoints_Response.msg
[5.741s] -- Installing: /home/weiwei/Desktop/project/path_planner/install/interface/share/interface/srv/ConnectFlag.srv
[5.741s] -- Installing: /home/weiwei/Desktop/project/path_planner/install/interface/share/interface/srv/ConnectFlag_Request.msg
[5.742s] -- Installing: /home/weiwei/Desktop/project/path_planner/install/interface/share/interface/srv/ConnectFlag_Response.msg
[5.742s] -- Installing: /home/weiwei/Desktop/project/path_planner/install/interface/share/interface/msg/GetPathpoints.msg
[5.742s] -- Installing: /home/weiwei/Desktop/project/path_planner/install/interface/share/interface/msg/MoveMotor.msg
[5.742s] -- Installing: /home/weiwei/Desktop/project/path_planner/install/interface/share/ament_index/resource_index/package_run_dependencies/interface
[5.742s] -- Installing: /home/weiwei/Desktop/project/path_planner/install/interface/share/ament_index/resource_index/parent_prefix_path/interface
[5.742s] -- Installing: /home/weiwei/Desktop/project/path_planner/install/interface/share/interface/environment/ament_prefix_path.sh
[5.742s] -- Installing: /home/weiwei/Desktop/project/path_planner/install/interface/share/interface/environment/ament_prefix_path.dsv
[5.742s] -- Installing: /home/weiwei/Desktop/project/path_planner/install/interface/share/interface/environment/path.sh
[5.742s] -- Installing: /home/weiwei/Desktop/project/path_planner/install/interface/share/interface/environment/path.dsv
[5.742s] -- Installing: /home/weiwei/Desktop/project/path_planner/install/interface/share/interface/local_setup.bash
[5.743s] -- Installing: /home/weiwei/Desktop/project/path_planner/install/interface/share/interface/local_setup.sh
[5.743s] -- Installing: /home/weiwei/Desktop/project/path_planner/install/interface/share/interface/local_setup.zsh
[5.743s] -- Installing: /home/weiwei/Desktop/project/path_planner/install/interface/share/interface/local_setup.dsv
[5.743s] -- Installing: /home/weiwei/Desktop/project/path_planner/install/interface/share/interface/package.dsv
[5.743s] -- Installing: /home/weiwei/Desktop/project/path_planner/install/interface/share/ament_index/resource_index/packages/interface
[5.743s] -- Installing: /home/weiwei/Desktop/project/path_planner/install/interface/share/interface/cmake/interface__rosidl_generator_cExport.cmake
[5.743s] -- Installing: /home/weiwei/Desktop/project/path_planner/install/interface/share/interface/cmake/interface__rosidl_generator_cExport-noconfig.cmake
[5.743s] -- Installing: /home/weiwei/Desktop/project/path_planner/install/interface/share/interface/cmake/interface__rosidl_typesupport_introspection_cExport.cmake
[5.743s] -- Installing: /home/weiwei/Desktop/project/path_planner/install/interface/share/interface/cmake/interface__rosidl_typesupport_introspection_cExport-noconfig.cmake
[5.743s] -- Installing: /home/weiwei/Desktop/project/path_planner/install/interface/share/interface/cmake/interface__rosidl_typesupport_cExport.cmake
[5.743s] -- Installing: /home/weiwei/Desktop/project/path_planner/install/interface/share/interface/cmake/interface__rosidl_typesupport_cExport-noconfig.cmake
[5.744s] -- Installing: /home/weiwei/Desktop/project/path_planner/install/interface/share/interface/cmake/interface__rosidl_generator_cppExport.cmake
[5.744s] -- Installing: /home/weiwei/Desktop/project/path_planner/install/interface/share/interface/cmake/interface__rosidl_typesupport_introspection_cppExport.cmake
[5.744s] -- Installing: /home/weiwei/Desktop/project/path_planner/install/interface/share/interface/cmake/interface__rosidl_typesupport_introspection_cppExport-noconfig.cmake
[5.744s] -- Installing: /home/weiwei/Desktop/project/path_planner/install/interface/share/interface/cmake/interface__rosidl_typesupport_cppExport.cmake
[5.744s] -- Installing: /home/weiwei/Desktop/project/path_planner/install/interface/share/interface/cmake/interface__rosidl_typesupport_cppExport-noconfig.cmake
[5.744s] -- Installing: /home/weiwei/Desktop/project/path_planner/install/interface/share/interface/cmake/rosidl_cmake-extras.cmake
[5.744s] -- Installing: /home/weiwei/Desktop/project/path_planner/install/interface/share/interface/cmake/ament_cmake_export_dependencies-extras.cmake
[5.744s] -- Installing: /home/weiwei/Desktop/project/path_planner/install/interface/share/interface/cmake/ament_cmake_export_libraries-extras.cmake
[5.744s] -- Installing: /home/weiwei/Desktop/project/path_planner/install/interface/share/interface/cmake/ament_cmake_export_targets-extras.cmake
[5.744s] -- Installing: /home/weiwei/Desktop/project/path_planner/install/interface/share/interface/cmake/ament_cmake_export_include_directories-extras.cmake
[5.744s] -- Installing: /home/weiwei/Desktop/project/path_planner/install/interface/share/interface/cmake/rosidl_cmake_export_typesupport_libraries-extras.cmake
[5.744s] -- Installing: /home/weiwei/Desktop/project/path_planner/install/interface/share/interface/cmake/rosidl_cmake_export_typesupport_targets-extras.cmake
[5.744s] -- Installing: /home/weiwei/Desktop/project/path_planner/install/interface/share/interface/cmake/interfaceConfig.cmake
[5.745s] -- Installing: /home/weiwei/Desktop/project/path_planner/install/interface/share/interface/cmake/interfaceConfig-version.cmake
[5.745s] -- Installing: /home/weiwei/Desktop/project/path_planner/install/interface/share/interface/package.xml
[5.746s] Invoked command in '/home/weiwei/Desktop/project/path_planner/build/interface' returned '0': CMAKE_PREFIX_PATH=/opt/ros/foxy /usr/bin/cmake --install /home/weiwei/Desktop/project/path_planner/build/interface
