[0.010s] Invoking command in '/home/weiwei/Desktop/project/path_planner/build/interface': CMAKE_PREFIX_PATH=/opt/ros/foxy /usr/bin/cmake --build /home/weiwei/Desktop/project/path_planner/build/interface -- -j16 -l16
[0.069s] [  1%] Built target interface__cpp
[0.070s] [ 12%] Built target interface__rosidl_generator_c
[0.087s] [ 45%] Built target interface__rosidl_typesupport_cpp
[0.087s] [ 45%] Built target interface__rosidl_typesupport_introspection_cpp
[0.087s] [ 46%] Built target interface__rosidl_typesupport_c
[0.088s] [ 57%] Built target interface__rosidl_typesupport_introspection_c
[0.092s] [ 69%] Built target interface__rosidl_typesupport_fastrtps_cpp
[0.114s] [ 80%] Built target interface__rosidl_typesupport_fastrtps_c
[0.130s] [ 80%] Built target interface
[0.145s] [ 81%] Built target interface__py
[0.167s] [ 91%] Built target interface__python
[0.187s] [ 98%] Built target interface__rosidl_typesupport_c__pyext
[0.187s] [ 98%] Built target interface__rosidl_typesupport_introspection_c__pyext
[0.187s] [100%] Built target interface__rosidl_typesupport_fastrtps_c__pyext
[0.195s] Invoked command in '/home/weiwei/Desktop/project/path_planner/build/interface' returned '0': CMAKE_PREFIX_PATH=/opt/ros/foxy /usr/bin/cmake --build /home/weiwei/Desktop/project/path_planner/build/interface -- -j16 -l16
[0.279s] Invoking command in '/home/weiwei/Desktop/project/path_planner/build/interface': CMAKE_PREFIX_PATH=/opt/ros/foxy /usr/bin/cmake --install /home/weiwei/Desktop/project/path_planner/build/interface
[0.286s] -- Install configuration: ""
[0.286s] -- Up-to-date: /home/weiwei/Desktop/project/path_planner/install/interface/share/ament_index/resource_index/rosidl_interfaces/interface
[0.286s] -- Up-to-date: /home/weiwei/Desktop/project/path_planner/install/interface/include/interface
[0.286s] -- Up-to-date: /home/weiwei/Desktop/project/path_planner/install/interface/include/interface/srv
[0.286s] -- Up-to-date: /home/weiwei/Desktop/project/path_planner/install/interface/include/interface/srv/cdcr_state.h
[0.286s] -- Up-to-date: /home/weiwei/Desktop/project/path_planner/install/interface/include/interface/srv/connect_flag.h
[0.286s] -- Up-to-date: /home/weiwei/Desktop/project/path_planner/install/interface/include/interface/srv/detail
[0.286s] -- Up-to-date: /home/weiwei/Desktop/project/path_planner/install/interface/include/interface/srv/detail/cdcr_state__functions.h
[0.286s] -- Up-to-date: /home/weiwei/Desktop/project/path_planner/install/interface/include/interface/srv/detail/cdcr_state__type_support.h
[0.286s] -- Up-to-date: /home/weiwei/Desktop/project/path_planner/install/interface/include/interface/srv/detail/flag_points__type_support.h
[0.286s] -- Up-to-date: /home/weiwei/Desktop/project/path_planner/install/interface/include/interface/srv/detail/flag_points__struct.h
[0.286s] -- Up-to-date: /home/weiwei/Desktop/project/path_planner/install/interface/include/interface/srv/detail/path_plan__functions.h
[0.286s] -- Up-to-date: /home/weiwei/Desktop/project/path_planner/install/interface/include/interface/srv/detail/connect_flag__functions.h
[0.286s] -- Up-to-date: /home/weiwei/Desktop/project/path_planner/install/interface/include/interface/srv/detail/connect_flag__functions.c
[0.286s] -- Up-to-date: /home/weiwei/Desktop/project/path_planner/install/interface/include/interface/srv/detail/flag_points__functions.h
[0.286s] -- Up-to-date: /home/weiwei/Desktop/project/path_planner/install/interface/include/interface/srv/detail/connect_flag__type_support.h
[0.286s] -- Up-to-date: /home/weiwei/Desktop/project/path_planner/install/interface/include/interface/srv/detail/path_plan__type_support.h
[0.287s] -- Up-to-date: /home/weiwei/Desktop/project/path_planner/install/interface/include/interface/srv/detail/cdcr_state__struct.h
[0.287s] -- Up-to-date: /home/weiwei/Desktop/project/path_planner/install/interface/include/interface/srv/detail/connect_flag__struct.h
[0.287s] -- Up-to-date: /home/weiwei/Desktop/project/path_planner/install/interface/include/interface/srv/detail/path_plan__functions.c
[0.287s] -- Up-to-date: /home/weiwei/Desktop/project/path_planner/install/interface/include/interface/srv/detail/cdcr_state__functions.c
[0.287s] -- Up-to-date: /home/weiwei/Desktop/project/path_planner/install/interface/include/interface/srv/detail/path_plan__struct.h
[0.287s] -- Up-to-date: /home/weiwei/Desktop/project/path_planner/install/interface/include/interface/srv/detail/flag_points__functions.c
[0.287s] -- Up-to-date: /home/weiwei/Desktop/project/path_planner/install/interface/include/interface/srv/path_plan.h
[0.287s] -- Up-to-date: /home/weiwei/Desktop/project/path_planner/install/interface/include/interface/srv/flag_points.h
[0.287s] -- Up-to-date: /home/weiwei/Desktop/project/path_planner/install/interface/include/interface/msg
[0.287s] -- Up-to-date: /home/weiwei/Desktop/project/path_planner/install/interface/include/interface/msg/get_pathpoints.h
[0.287s] -- Up-to-date: /home/weiwei/Desktop/project/path_planner/install/interface/include/interface/msg/detail
[0.287s] -- Up-to-date: /home/weiwei/Desktop/project/path_planner/install/interface/include/interface/msg/detail/get_pathpoints__struct.h
[0.287s] -- Up-to-date: /home/weiwei/Desktop/project/path_planner/install/interface/include/interface/msg/detail/move_motor__functions.h
[0.287s] -- Up-to-date: /home/weiwei/Desktop/project/path_planner/install/interface/include/interface/msg/detail/move_motor__struct.h
[0.287s] -- Up-to-date: /home/weiwei/Desktop/project/path_planner/install/interface/include/interface/msg/detail/move_motor__functions.c
[0.287s] -- Up-to-date: /home/weiwei/Desktop/project/path_planner/install/interface/include/interface/msg/detail/get_pathpoints__functions.h
[0.287s] -- Up-to-date: /home/weiwei/Desktop/project/path_planner/install/interface/include/interface/msg/detail/move_motor__type_support.h
[0.287s] -- Up-to-date: /home/weiwei/Desktop/project/path_planner/install/interface/include/interface/msg/detail/get_pathpoints__type_support.h
[0.287s] -- Up-to-date: /home/weiwei/Desktop/project/path_planner/install/interface/include/interface/msg/detail/get_pathpoints__functions.c
[0.287s] -- Up-to-date: /home/weiwei/Desktop/project/path_planner/install/interface/include/interface/msg/rosidl_generator_c__visibility_control.h
[0.287s] -- Up-to-date: /home/weiwei/Desktop/project/path_planner/install/interface/include/interface/msg/move_motor.h
[0.287s] -- Up-to-date: /home/weiwei/Desktop/project/path_planner/install/interface/share/interface/environment/library_path.sh
[0.287s] -- Up-to-date: /home/weiwei/Desktop/project/path_planner/install/interface/share/interface/environment/library_path.dsv
[0.287s] -- Up-to-date: /home/weiwei/Desktop/project/path_planner/install/interface/lib/libinterface__rosidl_generator_c.so
[0.288s] -- Up-to-date: /home/weiwei/Desktop/project/path_planner/install/interface/include/interface
[0.288s] -- Up-to-date: /home/weiwei/Desktop/project/path_planner/install/interface/include/interface/srv
[0.288s] -- Up-to-date: /home/weiwei/Desktop/project/path_planner/install/interface/include/interface/srv/detail
[0.288s] -- Up-to-date: /home/weiwei/Desktop/project/path_planner/install/interface/include/interface/srv/detail/connect_flag__rosidl_typesupport_fastrtps_c.h
[0.288s] -- Up-to-date: /home/weiwei/Desktop/project/path_planner/install/interface/include/interface/srv/detail/cdcr_state__rosidl_typesupport_fastrtps_c.h
[0.288s] -- Up-to-date: /home/weiwei/Desktop/project/path_planner/install/interface/include/interface/srv/detail/path_plan__rosidl_typesupport_fastrtps_c.h
[0.288s] -- Up-to-date: /home/weiwei/Desktop/project/path_planner/install/interface/include/interface/srv/detail/flag_points__rosidl_typesupport_fastrtps_c.h
[0.288s] -- Up-to-date: /home/weiwei/Desktop/project/path_planner/install/interface/include/interface/msg
[0.288s] -- Up-to-date: /home/weiwei/Desktop/project/path_planner/install/interface/include/interface/msg/detail
[0.288s] -- Up-to-date: /home/weiwei/Desktop/project/path_planner/install/interface/include/interface/msg/detail/move_motor__rosidl_typesupport_fastrtps_c.h
[0.288s] -- Up-to-date: /home/weiwei/Desktop/project/path_planner/install/interface/include/interface/msg/detail/get_pathpoints__rosidl_typesupport_fastrtps_c.h
[0.288s] -- Up-to-date: /home/weiwei/Desktop/project/path_planner/install/interface/include/interface/msg/rosidl_typesupport_fastrtps_c__visibility_control.h
[0.288s] -- Up-to-date: /home/weiwei/Desktop/project/path_planner/install/interface/lib/libinterface__rosidl_typesupport_fastrtps_c.so
[0.288s] -- Up-to-date: /home/weiwei/Desktop/project/path_planner/install/interface/include/interface
[0.288s] -- Up-to-date: /home/weiwei/Desktop/project/path_planner/install/interface/include/interface/srv
[0.288s] -- Up-to-date: /home/weiwei/Desktop/project/path_planner/install/interface/include/interface/srv/detail
[0.288s] -- Up-to-date: /home/weiwei/Desktop/project/path_planner/install/interface/include/interface/srv/detail/cdcr_state__rosidl_typesupport_fastrtps_cpp.hpp
[0.288s] -- Up-to-date: /home/weiwei/Desktop/project/path_planner/install/interface/include/interface/srv/detail/connect_flag__rosidl_typesupport_fastrtps_cpp.hpp
[0.288s] -- Up-to-date: /home/weiwei/Desktop/project/path_planner/install/interface/include/interface/srv/detail/path_plan__rosidl_typesupport_fastrtps_cpp.hpp
[0.288s] -- Up-to-date: /home/weiwei/Desktop/project/path_planner/install/interface/include/interface/srv/detail/dds_fastrtps
[0.288s] -- Up-to-date: /home/weiwei/Desktop/project/path_planner/install/interface/include/interface/srv/detail/flag_points__rosidl_typesupport_fastrtps_cpp.hpp
[0.288s] -- Up-to-date: /home/weiwei/Desktop/project/path_planner/install/interface/include/interface/msg
[0.288s] -- Up-to-date: /home/weiwei/Desktop/project/path_planner/install/interface/include/interface/msg/detail
[0.288s] -- Up-to-date: /home/weiwei/Desktop/project/path_planner/install/interface/include/interface/msg/detail/move_motor__rosidl_typesupport_fastrtps_cpp.hpp
[0.289s] -- Up-to-date: /home/weiwei/Desktop/project/path_planner/install/interface/include/interface/msg/detail/dds_fastrtps
[0.289s] -- Up-to-date: /home/weiwei/Desktop/project/path_planner/install/interface/include/interface/msg/detail/get_pathpoints__rosidl_typesupport_fastrtps_cpp.hpp
[0.289s] -- Up-to-date: /home/weiwei/Desktop/project/path_planner/install/interface/include/interface/msg/rosidl_typesupport_fastrtps_cpp__visibility_control.h
[0.289s] -- Up-to-date: /home/weiwei/Desktop/project/path_planner/install/interface/lib/libinterface__rosidl_typesupport_fastrtps_cpp.so
[0.289s] -- Up-to-date: /home/weiwei/Desktop/project/path_planner/install/interface/include/interface
[0.289s] -- Up-to-date: /home/weiwei/Desktop/project/path_planner/install/interface/include/interface/srv
[0.289s] -- Up-to-date: /home/weiwei/Desktop/project/path_planner/install/interface/include/interface/srv/detail
[0.289s] -- Up-to-date: /home/weiwei/Desktop/project/path_planner/install/interface/include/interface/srv/detail/path_plan__rosidl_typesupport_introspection_c.h
[0.289s] -- Up-to-date: /home/weiwei/Desktop/project/path_planner/install/interface/include/interface/srv/detail/flag_points__rosidl_typesupport_introspection_c.h
[0.289s] -- Up-to-date: /home/weiwei/Desktop/project/path_planner/install/interface/include/interface/srv/detail/connect_flag__type_support.c
[0.289s] -- Up-to-date: /home/weiwei/Desktop/project/path_planner/install/interface/include/interface/srv/detail/cdcr_state__rosidl_typesupport_introspection_c.h
[0.289s] -- Up-to-date: /home/weiwei/Desktop/project/path_planner/install/interface/include/interface/srv/detail/path_plan__type_support.c
[0.289s] -- Up-to-date: /home/weiwei/Desktop/project/path_planner/install/interface/include/interface/srv/detail/connect_flag__rosidl_typesupport_introspection_c.h
[0.289s] -- Up-to-date: /home/weiwei/Desktop/project/path_planner/install/interface/include/interface/srv/detail/cdcr_state__type_support.c
[0.289s] -- Up-to-date: /home/weiwei/Desktop/project/path_planner/install/interface/include/interface/srv/detail/flag_points__type_support.c
[0.289s] -- Up-to-date: /home/weiwei/Desktop/project/path_planner/install/interface/include/interface/msg
[0.289s] -- Up-to-date: /home/weiwei/Desktop/project/path_planner/install/interface/include/interface/msg/detail
[0.289s] -- Up-to-date: /home/weiwei/Desktop/project/path_planner/install/interface/include/interface/msg/detail/move_motor__type_support.c
[0.289s] -- Up-to-date: /home/weiwei/Desktop/project/path_planner/install/interface/include/interface/msg/detail/move_motor__rosidl_typesupport_introspection_c.h
[0.289s] -- Up-to-date: /home/weiwei/Desktop/project/path_planner/install/interface/include/interface/msg/detail/get_pathpoints__rosidl_typesupport_introspection_c.h
[0.289s] -- Up-to-date: /home/weiwei/Desktop/project/path_planner/install/interface/include/interface/msg/detail/get_pathpoints__type_support.c
[0.289s] -- Up-to-date: /home/weiwei/Desktop/project/path_planner/install/interface/include/interface/msg/rosidl_typesupport_introspection_c__visibility_control.h
[0.289s] -- Up-to-date: /home/weiwei/Desktop/project/path_planner/install/interface/lib/libinterface__rosidl_typesupport_introspection_c.so
[0.290s] -- Up-to-date: /home/weiwei/Desktop/project/path_planner/install/interface/lib/libinterface__rosidl_typesupport_c.so
[0.290s] -- Up-to-date: /home/weiwei/Desktop/project/path_planner/install/interface/include/interface
[0.290s] -- Up-to-date: /home/weiwei/Desktop/project/path_planner/install/interface/include/interface/srv
[0.290s] -- Up-to-date: /home/weiwei/Desktop/project/path_planner/install/interface/include/interface/srv/cdcr_state.hpp
[0.290s] -- Up-to-date: /home/weiwei/Desktop/project/path_planner/install/interface/include/interface/srv/detail
[0.290s] -- Up-to-date: /home/weiwei/Desktop/project/path_planner/install/interface/include/interface/srv/detail/path_plan__builder.hpp
[0.290s] -- Up-to-date: /home/weiwei/Desktop/project/path_planner/install/interface/include/interface/srv/detail/path_plan__struct.hpp
[0.290s] -- Up-to-date: /home/weiwei/Desktop/project/path_planner/install/interface/include/interface/srv/detail/flag_points__traits.hpp
[0.290s] -- Up-to-date: /home/weiwei/Desktop/project/path_planner/install/interface/include/interface/srv/detail/connect_flag__struct.hpp
[0.290s] -- Up-to-date: /home/weiwei/Desktop/project/path_planner/install/interface/include/interface/srv/detail/path_plan__type_support.hpp
[0.290s] -- Up-to-date: /home/weiwei/Desktop/project/path_planner/install/interface/include/interface/srv/detail/connect_flag__traits.hpp
[0.290s] -- Up-to-date: /home/weiwei/Desktop/project/path_planner/install/interface/include/interface/srv/detail/flag_points__type_support.hpp
[0.290s] -- Up-to-date: /home/weiwei/Desktop/project/path_planner/install/interface/include/interface/srv/detail/path_plan__traits.hpp
[0.290s] -- Up-to-date: /home/weiwei/Desktop/project/path_planner/install/interface/include/interface/srv/detail/cdcr_state__type_support.hpp
[0.290s] -- Up-to-date: /home/weiwei/Desktop/project/path_planner/install/interface/include/interface/srv/detail/cdcr_state__struct.hpp
[0.290s] -- Up-to-date: /home/weiwei/Desktop/project/path_planner/install/interface/include/interface/srv/detail/flag_points__struct.hpp
[0.290s] -- Up-to-date: /home/weiwei/Desktop/project/path_planner/install/interface/include/interface/srv/detail/connect_flag__builder.hpp
[0.290s] -- Up-to-date: /home/weiwei/Desktop/project/path_planner/install/interface/include/interface/srv/detail/cdcr_state__builder.hpp
[0.290s] -- Up-to-date: /home/weiwei/Desktop/project/path_planner/install/interface/include/interface/srv/detail/cdcr_state__traits.hpp
[0.290s] -- Up-to-date: /home/weiwei/Desktop/project/path_planner/install/interface/include/interface/srv/detail/flag_points__builder.hpp
[0.290s] -- Up-to-date: /home/weiwei/Desktop/project/path_planner/install/interface/include/interface/srv/detail/connect_flag__type_support.hpp
[0.290s] -- Up-to-date: /home/weiwei/Desktop/project/path_planner/install/interface/include/interface/srv/flag_points.hpp
[0.290s] -- Up-to-date: /home/weiwei/Desktop/project/path_planner/install/interface/include/interface/srv/path_plan.hpp
[0.290s] -- Up-to-date: /home/weiwei/Desktop/project/path_planner/install/interface/include/interface/srv/connect_flag.hpp
[0.290s] -- Up-to-date: /home/weiwei/Desktop/project/path_planner/install/interface/include/interface/msg
[0.290s] -- Up-to-date: /home/weiwei/Desktop/project/path_planner/install/interface/include/interface/msg/detail
[0.290s] -- Up-to-date: /home/weiwei/Desktop/project/path_planner/install/interface/include/interface/msg/detail/get_pathpoints__type_support.hpp
[0.291s] -- Up-to-date: /home/weiwei/Desktop/project/path_planner/install/interface/include/interface/msg/detail/move_motor__struct.hpp
[0.291s] -- Up-to-date: /home/weiwei/Desktop/project/path_planner/install/interface/include/interface/msg/detail/move_motor__type_support.hpp
[0.291s] -- Up-to-date: /home/weiwei/Desktop/project/path_planner/install/interface/include/interface/msg/detail/get_pathpoints__traits.hpp
[0.291s] -- Up-to-date: /home/weiwei/Desktop/project/path_planner/install/interface/include/interface/msg/detail/move_motor__builder.hpp
[0.291s] -- Up-to-date: /home/weiwei/Desktop/project/path_planner/install/interface/include/interface/msg/detail/get_pathpoints__builder.hpp
[0.291s] -- Up-to-date: /home/weiwei/Desktop/project/path_planner/install/interface/include/interface/msg/detail/move_motor__traits.hpp
[0.291s] -- Up-to-date: /home/weiwei/Desktop/project/path_planner/install/interface/include/interface/msg/detail/get_pathpoints__struct.hpp
[0.291s] -- Up-to-date: /home/weiwei/Desktop/project/path_planner/install/interface/include/interface/msg/get_pathpoints.hpp
[0.291s] -- Up-to-date: /home/weiwei/Desktop/project/path_planner/install/interface/include/interface/msg/rosidl_generator_cpp__visibility_control.hpp
[0.291s] -- Up-to-date: /home/weiwei/Desktop/project/path_planner/install/interface/include/interface/msg/move_motor.hpp
[0.291s] -- Up-to-date: /home/weiwei/Desktop/project/path_planner/install/interface/include/interface
[0.291s] -- Up-to-date: /home/weiwei/Desktop/project/path_planner/install/interface/include/interface/srv
[0.291s] -- Up-to-date: /home/weiwei/Desktop/project/path_planner/install/interface/include/interface/srv/detail
[0.291s] -- Up-to-date: /home/weiwei/Desktop/project/path_planner/install/interface/include/interface/srv/detail/path_plan__rosidl_typesupport_introspection_cpp.hpp
[0.291s] -- Up-to-date: /home/weiwei/Desktop/project/path_planner/install/interface/include/interface/srv/detail/cdcr_state__rosidl_typesupport_introspection_cpp.hpp
[0.291s] -- Up-to-date: /home/weiwei/Desktop/project/path_planner/install/interface/include/interface/srv/detail/flag_points__rosidl_typesupport_introspection_cpp.hpp
[0.291s] -- Up-to-date: /home/weiwei/Desktop/project/path_planner/install/interface/include/interface/srv/detail/connect_flag__rosidl_typesupport_introspection_cpp.hpp
[0.291s] -- Up-to-date: /home/weiwei/Desktop/project/path_planner/install/interface/include/interface/srv/detail/connect_flag__type_support.cpp
[0.291s] -- Up-to-date: /home/weiwei/Desktop/project/path_planner/install/interface/include/interface/srv/detail/path_plan__type_support.cpp
[0.291s] -- Up-to-date: /home/weiwei/Desktop/project/path_planner/install/interface/include/interface/srv/detail/cdcr_state__type_support.cpp
[0.291s] -- Up-to-date: /home/weiwei/Desktop/project/path_planner/install/interface/include/interface/srv/detail/flag_points__type_support.cpp
[0.291s] -- Up-to-date: /home/weiwei/Desktop/project/path_planner/install/interface/include/interface/msg
[0.291s] -- Up-to-date: /home/weiwei/Desktop/project/path_planner/install/interface/include/interface/msg/detail
[0.291s] -- Up-to-date: /home/weiwei/Desktop/project/path_planner/install/interface/include/interface/msg/detail/move_motor__rosidl_typesupport_introspection_cpp.hpp
[0.291s] -- Up-to-date: /home/weiwei/Desktop/project/path_planner/install/interface/include/interface/msg/detail/get_pathpoints__type_support.cpp
[0.291s] -- Up-to-date: /home/weiwei/Desktop/project/path_planner/install/interface/include/interface/msg/detail/get_pathpoints__rosidl_typesupport_introspection_cpp.hpp
[0.292s] -- Up-to-date: /home/weiwei/Desktop/project/path_planner/install/interface/include/interface/msg/detail/move_motor__type_support.cpp
[0.292s] -- Up-to-date: /home/weiwei/Desktop/project/path_planner/install/interface/lib/libinterface__rosidl_typesupport_introspection_cpp.so
[0.292s] -- Up-to-date: /home/weiwei/Desktop/project/path_planner/install/interface/lib/libinterface__rosidl_typesupport_cpp.so
[0.292s] -- Up-to-date: /home/weiwei/Desktop/project/path_planner/install/interface/share/interface/environment/pythonpath.sh
[0.292s] -- Up-to-date: /home/weiwei/Desktop/project/path_planner/install/interface/share/interface/environment/pythonpath.dsv
[0.292s] -- Up-to-date: /home/weiwei/Desktop/project/path_planner/install/interface/lib/python3.8/site-packages/interface/__init__.py
[0.311s] -- Up-to-date: /home/weiwei/Desktop/project/path_planner/install/interface/lib/python3.8/site-packages/interface/srv
[0.311s] -- Up-to-date: /home/weiwei/Desktop/project/path_planner/install/interface/lib/python3.8/site-packages/interface/srv/_path_plan_s.c
[0.311s] -- Up-to-date: /home/weiwei/Desktop/project/path_planner/install/interface/lib/python3.8/site-packages/interface/srv/_cdcr_state.py
[0.311s] -- Up-to-date: /home/weiwei/Desktop/project/path_planner/install/interface/lib/python3.8/site-packages/interface/srv/_connect_flag_s.c
[0.311s] -- Up-to-date: /home/weiwei/Desktop/project/path_planner/install/interface/lib/python3.8/site-packages/interface/srv/_flag_points_s.c
[0.312s] -- Up-to-date: /home/weiwei/Desktop/project/path_planner/install/interface/lib/python3.8/site-packages/interface/srv/_flag_points.py
[0.312s] -- Up-to-date: /home/weiwei/Desktop/project/path_planner/install/interface/lib/python3.8/site-packages/interface/srv/_connect_flag.py
[0.312s] -- Up-to-date: /home/weiwei/Desktop/project/path_planner/install/interface/lib/python3.8/site-packages/interface/srv/_path_plan.py
[0.312s] -- Up-to-date: /home/weiwei/Desktop/project/path_planner/install/interface/lib/python3.8/site-packages/interface/srv/_cdcr_state_s.c
[0.312s] -- Up-to-date: /home/weiwei/Desktop/project/path_planner/install/interface/lib/python3.8/site-packages/interface/srv/__init__.py
[0.312s] -- Up-to-date: /home/weiwei/Desktop/project/path_planner/install/interface/lib/python3.8/site-packages/interface/msg
[0.312s] -- Up-to-date: /home/weiwei/Desktop/project/path_planner/install/interface/lib/python3.8/site-packages/interface/msg/_get_pathpoints.py
[0.312s] -- Up-to-date: /home/weiwei/Desktop/project/path_planner/install/interface/lib/python3.8/site-packages/interface/msg/_get_pathpoints_s.c
[0.312s] -- Up-to-date: /home/weiwei/Desktop/project/path_planner/install/interface/lib/python3.8/site-packages/interface/msg/_move_motor.py
[0.312s] -- Up-to-date: /home/weiwei/Desktop/project/path_planner/install/interface/lib/python3.8/site-packages/interface/msg/_move_motor_s.c
[0.312s] -- Up-to-date: /home/weiwei/Desktop/project/path_planner/install/interface/lib/python3.8/site-packages/interface/msg/__init__.py
[0.312s] -- Up-to-date: /home/weiwei/Desktop/project/path_planner/install/interface/lib/python3.8/site-packages/interface/interface_s__rosidl_typesupport_fastrtps_c.cpython-38-x86_64-linux-gnu.so
[0.312s] -- Up-to-date: /home/weiwei/Desktop/project/path_planner/install/interface/lib/python3.8/site-packages/interface/interface_s__rosidl_typesupport_introspection_c.cpython-38-x86_64-linux-gnu.so
[0.313s] -- Up-to-date: /home/weiwei/Desktop/project/path_planner/install/interface/lib/python3.8/site-packages/interface/interface_s__rosidl_typesupport_c.cpython-38-x86_64-linux-gnu.so
[0.314s] -- Up-to-date: /home/weiwei/Desktop/project/path_planner/install/interface/lib/libinterface__python.so
[0.314s] -- Up-to-date: /home/weiwei/Desktop/project/path_planner/install/interface/share/interface/srv/PathPlan.idl
[0.314s] -- Up-to-date: /home/weiwei/Desktop/project/path_planner/install/interface/share/interface/srv/CdcrState.idl
[0.314s] -- Up-to-date: /home/weiwei/Desktop/project/path_planner/install/interface/share/interface/srv/FlagPoints.idl
[0.314s] -- Up-to-date: /home/weiwei/Desktop/project/path_planner/install/interface/share/interface/srv/ConnectFlag.idl
[0.314s] -- Up-to-date: /home/weiwei/Desktop/project/path_planner/install/interface/share/interface/msg/GetPathpoints.idl
[0.314s] -- Up-to-date: /home/weiwei/Desktop/project/path_planner/install/interface/share/interface/msg/MoveMotor.idl
[0.314s] -- Up-to-date: /home/weiwei/Desktop/project/path_planner/install/interface/share/interface/srv/PathPlan.srv
[0.314s] -- Up-to-date: /home/weiwei/Desktop/project/path_planner/install/interface/share/interface/srv/PathPlan_Request.msg
[0.314s] -- Up-to-date: /home/weiwei/Desktop/project/path_planner/install/interface/share/interface/srv/PathPlan_Response.msg
[0.314s] -- Up-to-date: /home/weiwei/Desktop/project/path_planner/install/interface/share/interface/srv/CdcrState.srv
[0.314s] -- Up-to-date: /home/weiwei/Desktop/project/path_planner/install/interface/share/interface/srv/CdcrState_Request.msg
[0.314s] -- Up-to-date: /home/weiwei/Desktop/project/path_planner/install/interface/share/interface/srv/CdcrState_Response.msg
[0.315s] -- Up-to-date: /home/weiwei/Desktop/project/path_planner/install/interface/share/interface/srv/FlagPoints.srv
[0.315s] -- Up-to-date: /home/weiwei/Desktop/project/path_planner/install/interface/share/interface/srv/FlagPoints_Request.msg
[0.315s] -- Up-to-date: /home/weiwei/Desktop/project/path_planner/install/interface/share/interface/srv/FlagPoints_Response.msg
[0.315s] -- Up-to-date: /home/weiwei/Desktop/project/path_planner/install/interface/share/interface/srv/ConnectFlag.srv
[0.315s] -- Up-to-date: /home/weiwei/Desktop/project/path_planner/install/interface/share/interface/srv/ConnectFlag_Request.msg
[0.315s] -- Up-to-date: /home/weiwei/Desktop/project/path_planner/install/interface/share/interface/srv/ConnectFlag_Response.msg
[0.315s] -- Up-to-date: /home/weiwei/Desktop/project/path_planner/install/interface/share/interface/msg/GetPathpoints.msg
[0.315s] -- Up-to-date: /home/weiwei/Desktop/project/path_planner/install/interface/share/interface/msg/MoveMotor.msg
[0.315s] -- Up-to-date: /home/weiwei/Desktop/project/path_planner/install/interface/share/ament_index/resource_index/package_run_dependencies/interface
[0.315s] -- Up-to-date: /home/weiwei/Desktop/project/path_planner/install/interface/share/ament_index/resource_index/parent_prefix_path/interface
[0.315s] -- Up-to-date: /home/weiwei/Desktop/project/path_planner/install/interface/share/interface/environment/ament_prefix_path.sh
[0.315s] -- Up-to-date: /home/weiwei/Desktop/project/path_planner/install/interface/share/interface/environment/ament_prefix_path.dsv
[0.315s] -- Up-to-date: /home/weiwei/Desktop/project/path_planner/install/interface/share/interface/environment/path.sh
[0.315s] -- Up-to-date: /home/weiwei/Desktop/project/path_planner/install/interface/share/interface/environment/path.dsv
[0.315s] -- Up-to-date: /home/weiwei/Desktop/project/path_planner/install/interface/share/interface/local_setup.bash
[0.315s] -- Up-to-date: /home/weiwei/Desktop/project/path_planner/install/interface/share/interface/local_setup.sh
[0.315s] -- Up-to-date: /home/weiwei/Desktop/project/path_planner/install/interface/share/interface/local_setup.zsh
[0.315s] -- Up-to-date: /home/weiwei/Desktop/project/path_planner/install/interface/share/interface/local_setup.dsv
[0.315s] -- Installing: /home/weiwei/Desktop/project/path_planner/install/interface/share/interface/package.dsv
[0.315s] -- Up-to-date: /home/weiwei/Desktop/project/path_planner/install/interface/share/ament_index/resource_index/packages/interface
[0.315s] -- Up-to-date: /home/weiwei/Desktop/project/path_planner/install/interface/share/interface/cmake/interface__rosidl_generator_cExport.cmake
[0.315s] -- Up-to-date: /home/weiwei/Desktop/project/path_planner/install/interface/share/interface/cmake/interface__rosidl_generator_cExport-noconfig.cmake
[0.315s] -- Up-to-date: /home/weiwei/Desktop/project/path_planner/install/interface/share/interface/cmake/interface__rosidl_typesupport_introspection_cExport.cmake
[0.316s] -- Up-to-date: /home/weiwei/Desktop/project/path_planner/install/interface/share/interface/cmake/interface__rosidl_typesupport_introspection_cExport-noconfig.cmake
[0.316s] -- Up-to-date: /home/weiwei/Desktop/project/path_planner/install/interface/share/interface/cmake/interface__rosidl_typesupport_cExport.cmake
[0.316s] -- Up-to-date: /home/weiwei/Desktop/project/path_planner/install/interface/share/interface/cmake/interface__rosidl_typesupport_cExport-noconfig.cmake
[0.316s] -- Up-to-date: /home/weiwei/Desktop/project/path_planner/install/interface/share/interface/cmake/interface__rosidl_generator_cppExport.cmake
[0.316s] -- Up-to-date: /home/weiwei/Desktop/project/path_planner/install/interface/share/interface/cmake/interface__rosidl_typesupport_introspection_cppExport.cmake
[0.316s] -- Up-to-date: /home/weiwei/Desktop/project/path_planner/install/interface/share/interface/cmake/interface__rosidl_typesupport_introspection_cppExport-noconfig.cmake
[0.317s] -- Up-to-date: /home/weiwei/Desktop/project/path_planner/install/interface/share/interface/cmake/interface__rosidl_typesupport_cppExport.cmake
[0.317s] -- Up-to-date: /home/weiwei/Desktop/project/path_planner/install/interface/share/interface/cmake/interface__rosidl_typesupport_cppExport-noconfig.cmake
[0.317s] -- Up-to-date: /home/weiwei/Desktop/project/path_planner/install/interface/share/interface/cmake/rosidl_cmake-extras.cmake
[0.317s] -- Up-to-date: /home/weiwei/Desktop/project/path_planner/install/interface/share/interface/cmake/ament_cmake_export_dependencies-extras.cmake
[0.317s] -- Up-to-date: /home/weiwei/Desktop/project/path_planner/install/interface/share/interface/cmake/ament_cmake_export_libraries-extras.cmake
[0.317s] -- Up-to-date: /home/weiwei/Desktop/project/path_planner/install/interface/share/interface/cmake/ament_cmake_export_targets-extras.cmake
[0.317s] -- Up-to-date: /home/weiwei/Desktop/project/path_planner/install/interface/share/interface/cmake/ament_cmake_export_include_directories-extras.cmake
[0.317s] -- Up-to-date: /home/weiwei/Desktop/project/path_planner/install/interface/share/interface/cmake/rosidl_cmake_export_typesupport_libraries-extras.cmake
[0.317s] -- Up-to-date: /home/weiwei/Desktop/project/path_planner/install/interface/share/interface/cmake/rosidl_cmake_export_typesupport_targets-extras.cmake
[0.317s] -- Up-to-date: /home/weiwei/Desktop/project/path_planner/install/interface/share/interface/cmake/interfaceConfig.cmake
[0.317s] -- Up-to-date: /home/weiwei/Desktop/project/path_planner/install/interface/share/interface/cmake/interfaceConfig-version.cmake
[0.317s] -- Up-to-date: /home/weiwei/Desktop/project/path_planner/install/interface/share/interface/package.xml
[0.319s] Invoked command in '/home/weiwei/Desktop/project/path_planner/build/interface' returned '0': CMAKE_PREFIX_PATH=/opt/ros/foxy /usr/bin/cmake --install /home/weiwei/Desktop/project/path_planner/build/interface
